2022-03-08 23:31:43,677 - scrapy.core.scraper - ERROR - Spider error processing <GET https://ishare.ifeng.com/c/s/v002bNrlhvgDG4rXBRE--sURgyoghOw--2GpEorNolmw0ogWw__> (referer: None)
Traceback (most recent call last):
  File "c:\users\scyui\appdata\local\programs\python\python38\lib\site-packages\twisted\internet\defer.py", line 858, in _runCallbacks
    current.result = callback(  # type: ignore[misc]
  File "D:\Project\spider\spiders\spiders\ifeng.py", line 110, in parse_page
    content_org = doc_data["contentData"]["contentList"][0]["data"]
KeyError: 'contentList'
2022-03-08 23:35:14,681 - scrapy.core.scraper - ERROR - Spider error processing <GET https://ishare.ifeng.com/c/s/v002Iz9NOHIq7GkQgLfwiN16--IoLVzAtNhK--vg3nlqiq8--o__> (referer: None)
Traceback (most recent call last):
  File "c:\users\scyui\appdata\local\programs\python\python38\lib\site-packages\twisted\internet\defer.py", line 858, in _runCallbacks
    current.result = callback(  # type: ignore[misc]
  File "D:\Project\spider\spiders\spiders\ifeng.py", line 110, in parse_page
    content_org = doc_data["contentData"]["contentList"][0]["data"]
KeyError: 'contentList'
2022-03-08 23:37:48,919 - scrapy.core.scraper - ERROR - Spider error processing <GET https://ishare.ifeng.com/c/s/v002S1km9iEH2aMUBftR--kkn9aNvizVrO8QLGvI2kWqBbvs__> (referer: None)
Traceback (most recent call last):
  File "c:\users\scyui\appdata\local\programs\python\python38\lib\site-packages\twisted\internet\defer.py", line 858, in _runCallbacks
    current.result = callback(  # type: ignore[misc]
  File "D:\Project\spider\spiders\spiders\ifeng.py", line 110, in parse_page
    content_org = doc_data["contentData"]["contentList"][0]["data"]
KeyError: 'contentList'
2022-03-08 23:51:42,484 - scrapy.core.scraper - ERROR - Spider error processing <GET https://ishare.ifeng.com/c/s/v002RGJFhOVFcu3J4Dq-_fBLYpXT8sQyBc603eRCaOrIw4aE__> (referer: None)
Traceback (most recent call last):
  File "c:\users\scyui\appdata\local\programs\python\python38\lib\site-packages\twisted\internet\defer.py", line 858, in _runCallbacks
    current.result = callback(  # type: ignore[misc]
  File "D:\Project\spider\spiders\spiders\ifeng.py", line 107, in parse_page
    account = doc_data["subscribe"]["catename"]
KeyError: 'catename'
2022-03-08 23:52:46,727 - scrapy.core.scraper - ERROR - Spider error processing <GET https://ishare.ifeng.com/c/s/v002eqA2ca8TkkoNU1jPX2geJWWHOzeV2-_hmqJsRwqq61G8__> (referer: None)
Traceback (most recent call last):
  File "c:\users\scyui\appdata\local\programs\python\python38\lib\site-packages\twisted\internet\defer.py", line 858, in _runCallbacks
    current.result = callback(  # type: ignore[misc]
  File "D:\Project\spider\spiders\spiders\ifeng.py", line 110, in parse_page
    content_org = doc_data["contentData"]["contentList"][0]["data"]
KeyError: 'contentList'
