2022-05-20 20:42:10.584 | ERROR    | monitor.searchSpiders.tieba:get_request_from_keyword:34 - E 贴吧错误HTTPSConnectionPool(host='wappass.baidu.com', port=443): Max retries exceeded with url: /static/captcha/tuxing.html?ak=2ef521ec36290baed33d66de9b16f625&backurl=http%3A%2F%2Ftieba.baidu.com%2Ff%2Fsearch%2Fres%3Fisnew%3D1%26kw%3D%26qw%3D%25E7%25BB%25BC%25E5%2590%2588%25E6%25B6%2588%25E6%2581%25AF%25EF%25BC%259A%25E9%259D%259E%25E6%25B4%25B2%25E6%2596%25B0%25E5%2586%25A0%25E7%2596%25AB%25E6%2583%2585%25E6%258C%2581%25E7%25BB%25AD%25E5%258F%2591%25E9%2585%25B5%26rn%3D10%26un%3D%26only_thread%3D0%26sm%3D1%26sd%3D%26ed%3D%26pn%3D1&timestamp=1653050530&signature=849e579346a6992bffc8373e5118e65d (Caused by SSLError(SSLError(1, '[SSL: SSLV3_ALERT_HANDSHAKE_FAILURE] sslv3 alert handshake failure (_ssl.c:1131)')))
Traceback (most recent call last):

  File "/home/chase/.local/lib/python3.8/site-packages/urllib3/connectionpool.py", line 699, in urlopen
    httplib_response = self._make_request(
                       │    └ <function HTTPConnectionPool._make_request at 0x7fc85c430c10>
                       └ <urllib3.connectionpool.HTTPSConnectionPool object at 0x7fc76811c970>
  File "/home/chase/.local/lib/python3.8/site-packages/urllib3/connectionpool.py", line 382, in _make_request
    self._validate_conn(conn)
    │    │              └ <urllib3.connection.HTTPSConnection object at 0x7fc76811c190>
    │    └ <function HTTPSConnectionPool._validate_conn at 0x7fc85c431160>
    └ <urllib3.connectionpool.HTTPSConnectionPool object at 0x7fc76811c970>
  File "/home/chase/.local/lib/python3.8/site-packages/urllib3/connectionpool.py", line 1010, in _validate_conn
    conn.connect()
    │    └ <function HTTPSConnection.connect at 0x7fc85c41f820>
    └ <urllib3.connection.HTTPSConnection object at 0x7fc76811c190>
  File "/home/chase/.local/lib/python3.8/site-packages/urllib3/connection.py", line 416, in connect
    self.sock = ssl_wrap_socket(
    │    │      └ <function ssl_wrap_socket at 0x7fc85c498550>
    │    └ None
    └ <urllib3.connection.HTTPSConnection object at 0x7fc76811c190>
  File "/home/chase/.local/lib/python3.8/site-packages/urllib3/util/ssl_.py", line 449, in ssl_wrap_socket
    ssl_sock = _ssl_wrap_socket_impl(
               └ <function _ssl_wrap_socket_impl at 0x7fc85c498700>
  File "/home/chase/.local/lib/python3.8/site-packages/urllib3/util/ssl_.py", line 493, in _ssl_wrap_socket_impl
    return ssl_context.wrap_socket(sock, server_hostname=server_hostname)
           │           │           │                     └ 'wappass.baidu.com'
           │           │           └ <socket.socket [closed] fd=-1, family=AddressFamily.AF_INET, type=SocketKind.SOCK_STREAM, proto=6>
           │           └ <function SSLContext.wrap_socket at 0x7fc87d372dc0>
           └ <ssl.SSLContext object at 0x7fc7681211c0>
  File "/usr/lib/python3.8/ssl.py", line 500, in wrap_socket
    return self.sslsocket_class._create(
           │    │               └ <classmethod object at 0x7fc87d375ac0>
           │    └ <class 'ssl.SSLSocket'>
           └ <ssl.SSLContext object at 0x7fc7681211c0>
  File "/usr/lib/python3.8/ssl.py", line 1040, in _create
    self.do_handshake()
    │    └ <function SSLSocket.do_handshake at 0x7fc87d37aca0>
    └ <ssl.SSLSocket [closed] fd=-1, family=AddressFamily.AF_INET, type=SocketKind.SOCK_STREAM, proto=6>
  File "/usr/lib/python3.8/ssl.py", line 1309, in do_handshake
    self._sslobj.do_handshake()
    │    └ None
    └ <ssl.SSLSocket [closed] fd=-1, family=AddressFamily.AF_INET, type=SocketKind.SOCK_STREAM, proto=6>

ssl.SSLError: [SSL: SSLV3_ALERT_HANDSHAKE_FAILURE] sslv3 alert handshake failure (_ssl.c:1131)


During handling of the above exception, another exception occurred:


Traceback (most recent call last):

  File "/home/chase/.local/lib/python3.8/site-packages/requests/adapters.py", line 439, in send
    resp = conn.urlopen(
           │    └ <function HTTPConnectionPool.urlopen at 0x7fc85c430e50>
           └ <urllib3.connectionpool.HTTPSConnectionPool object at 0x7fc76811c970>
  File "/home/chase/.local/lib/python3.8/site-packages/urllib3/connectionpool.py", line 755, in urlopen
    retries = retries.increment(
              │       └ <function Retry.increment at 0x7fc85c4721f0>
              └ Retry(total=0, connect=None, read=False, redirect=None, status=None)
  File "/home/chase/.local/lib/python3.8/site-packages/urllib3/util/retry.py", line 574, in increment
    raise MaxRetryError(_pool, url, error or ResponseError(cause))
          │             │      │    │        │             └ 'unknown'
          │             │      │    │        └ <class 'urllib3.exceptions.ResponseError'>
          │             │      │    └ SSLError(SSLError(1, '[SSL: SSLV3_ALERT_HANDSHAKE_FAILURE] sslv3 alert handshake failure (_ssl.c:1131)'))
          │             │      └ '/static/captcha/tuxing.html?ak=2ef521ec36290baed33d66de9b16f625&backurl=http%3A%2F%2Ftieba.baidu.com%2Ff%2Fsearch%2Fres%3Fis...
          │             └ <urllib3.connectionpool.HTTPSConnectionPool object at 0x7fc76811c970>
          └ <class 'urllib3.exceptions.MaxRetryError'>

urllib3.exceptions.MaxRetryError: HTTPSConnectionPool(host='wappass.baidu.com', port=443): Max retries exceeded with url: /static/captcha/tuxing.html?ak=2ef521ec36290baed33d66de9b16f625&backurl=http%3A%2F%2Ftieba.baidu.com%2Ff%2Fsearch%2Fres%3Fisnew%3D1%26kw%3D%26qw%3D%25E7%25BB%25BC%25E5%2590%2588%25E6%25B6%2588%25E6%2581%25AF%25EF%25BC%259A%25E9%259D%259E%25E6%25B4%25B2%25E6%2596%25B0%25E5%2586%25A0%25E7%2596%25AB%25E6%2583%2585%25E6%258C%2581%25E7%25BB%25AD%25E5%258F%2591%25E9%2585%25B5%26rn%3D10%26un%3D%26only_thread%3D0%26sm%3D1%26sd%3D%26ed%3D%26pn%3D1&timestamp=1653050530&signature=849e579346a6992bffc8373e5118e65d (Caused by SSLError(SSLError(1, '[SSL: SSLV3_ALERT_HANDSHAKE_FAILURE] sslv3 alert handshake failure (_ssl.c:1131)')))


During handling of the above exception, another exception occurred:


Traceback (most recent call last):

  File "/usr/lib/python3.8/threading.py", line 890, in _bootstrap
    self._bootstrap_inner()
    │    └ <function Thread._bootstrap_inner at 0x7fc8803d4a60>
    └ <Thread(Thread-23, started daemon 140494327760640)>
  File "/usr/lib/python3.8/threading.py", line 932, in _bootstrap_inner
    self.run()
    │    └ <function Thread.run at 0x7fc8803d4790>
    └ <Thread(Thread-23, started daemon 140494327760640)>
  File "/usr/lib/python3.8/threading.py", line 870, in run
    self._target(*self._args, **self._kwargs)
    │    │        │    │        │    └ {}
    │    │        │    │        └ <Thread(Thread-23, started daemon 140494327760640)>
    │    │        │    └ ('ProjectManager.run_func_by_thread',)
    │    │        └ <Thread(Thread-23, started daemon 140494327760640)>
    │    └ <bound method ProjectManager.get_request_from_keywords_hot of <monitor.projectManager.ProjectManager object at 0x7fc8575c82e0>>
    └ <Thread(Thread-23, started daemon 140494327760640)>

  File "/home/users/Scy/yuqing/spider/monitor/projectManager.py", line 805, in get_request_from_keywords_hot
    self.search_spider_manager.crawl_by_keyword(
    │    │                     └ <function SearchSpidersManager.crawl_by_keyword at 0x7fc8544bbee0>
    │    └ <monitor.spiderManager.SearchSpidersManager object at 0x7fc8540ce580>
    └ <monitor.projectManager.ProjectManager object at 0x7fc8575c82e0>

  File "/home/users/Scy/yuqing/spider/monitor/spiderManager.py", line 118, in crawl_by_keyword
    self.crawl_by_keyword_signal_platform(project_names, platform, keyword, crawl_time, project_times)
    │    │                                │              │         │        │           └ {'default': <monitor.TimeSection object at 0x7fc854204f70>, 'test': <monitor.TimeSection object at 0x7fc8541a3bb0>}
    │    │                                │              │         │        └ <monitor.TimeSection object at 0x7fc7680c85e0>
    │    │                                │              │         └ '综合消息：非洲新冠疫情持续发酵'
    │    │                                │              └ '贴吧'
    │    │                                └ ['default']
    │    └ <function SearchSpidersManager.crawl_by_keyword_signal_platform at 0x7fc8544bd040>
    └ <monitor.spiderManager.SearchSpidersManager object at 0x7fc8540ce580>

  File "/home/users/Scy/yuqing/spider/monitor/spiderManager.py", line 150, in crawl_by_keyword_signal_platform
    requests = self.get_request_from_keyword(platform, keyword_only, **crawl_time.to_dict())
               │    │                        │         │               │          └ <function TimeSection.to_dict at 0x7fc85e7cf9d0>
               │    │                        │         │               └ <monitor.TimeSection object at 0x7fc7680c85e0>
               │    │                        │         └ '综合消息：非洲新冠疫情持续发酵'
               │    │                        └ '贴吧'
               │    └ <function SearchSpidersManager.get_request_from_keyword at 0x7fc8544bd160>
               └ <monitor.spiderManager.SearchSpidersManager object at 0x7fc8540ce580>

  File "/home/users/Scy/yuqing/spider/monitor/spiderManager.py", line 214, in get_request_from_keyword
    for request in self.spiders[platform].get_request_from_keyword(headers, search_url, keyword, content_url,
                   │    │       │                                  │        │           │        └ None
                   │    │       │                                  │        │           └ '综合消息：非洲新冠疫情持续发酵'
                   │    │       │                                  │        └ <string.Template object at 0x7fc8544cc9d0>
                   │    │       │                                  └ {'Connection': 'keep-alive', 'sec-ch-ua': "'Chromium';v='92',' Not A;Brand';v='99', 'Google Chrome';v='92'", 'sec-ch-ua-mobil...
                   │    │       └ '贴吧'
                   │    └ {'凤凰网': <monitor.searchSpiders.ifeng.Ifeng object at 0x7fc8540ce610>, '头条': <monitor.searchSpiders.toutiao.Toutiao object at ...
                   └ <monitor.spiderManager.SearchSpidersManager object at 0x7fc8540ce580>

> File "/home/users/Scy/yuqing/spider/monitor/searchSpiders/tieba.py", line 22, in get_request_from_keyword
    response = requests.get(url, headers=headers, timeout=50)
               │        │   │            └ {'Connection': 'keep-alive', 'sec-ch-ua': "'Chromium';v='92',' Not A;Brand';v='99', 'Google Chrome';v='92'", 'sec-ch-ua-mobil...
               │        │   └ 'https://tieba.baidu.com/f/search/res?isnew=1&kw=&qw=综合消息：非洲新冠疫情持续发酵&rn=10&un=&only_thread=0&sm=1&sd=&ed=&pn=1'
               │        └ <function get at 0x7fc85c2a83a0>
               └ <module 'requests' from '/home/chase/.local/lib/python3.8/site-packages/requests/__init__.py'>

  File "/home/chase/.local/lib/python3.8/site-packages/requests/api.py", line 75, in get
    return request('get', url, params=params, **kwargs)
           │              │           │         └ {'headers': {'Connection': 'keep-alive', 'sec-ch-ua': "'Chromium';v='92',' Not A;Brand';v='99', 'Google Chrome';v='92'", 'sec...
           │              │           └ None
           │              └ 'https://tieba.baidu.com/f/search/res?isnew=1&kw=&qw=综合消息：非洲新冠疫情持续发酵&rn=10&un=&only_thread=0&sm=1&sd=&ed=&pn=1'
           └ <function request at 0x7fc85c29b1f0>
  File "/home/chase/.local/lib/python3.8/site-packages/requests/api.py", line 61, in request
    return session.request(method=method, url=url, **kwargs)
           │       │              │           │      └ {'params': None, 'headers': {'Connection': 'keep-alive', 'sec-ch-ua': "'Chromium';v='92',' Not A;Brand';v='99', 'Google Chrom...
           │       │              │           └ 'https://tieba.baidu.com/f/search/res?isnew=1&kw=&qw=综合消息：非洲新冠疫情持续发酵&rn=10&un=&only_thread=0&sm=1&sd=&ed=&pn=1'
           │       │              └ 'get'
           │       └ <function Session.request at 0x7fc85c2b0af0>
           └ <requests.sessions.Session object at 0x7fc7682c7b20>
  File "/home/chase/.local/lib/python3.8/site-packages/requests/sessions.py", line 542, in request
    resp = self.send(prep, **send_kwargs)
           │    │    │       └ {'timeout': 50, 'allow_redirects': True, 'verify': True, 'proxies': OrderedDict(), 'stream': False, 'cert': None}
           │    │    └ <PreparedRequest [GET]>
           │    └ <function Session.send at 0x7fc85c2b0f70>
           └ <requests.sessions.Session object at 0x7fc7682c7b20>
  File "/home/chase/.local/lib/python3.8/site-packages/requests/sessions.py", line 677, in send
    history = [resp for resp in gen]
                                └ <generator object SessionRedirectMixin.resolve_redirects at 0x7fc7681bbf90>
  File "/home/chase/.local/lib/python3.8/site-packages/requests/sessions.py", line 677, in <listcomp>
    history = [resp for resp in gen]
  File "/home/chase/.local/lib/python3.8/site-packages/requests/sessions.py", line 237, in resolve_redirects
    resp = self.send(
           │    └ <function Session.send at 0x7fc85c2b0f70>
           └ <requests.sessions.Session object at 0x7fc7682c7b20>
  File "/home/chase/.local/lib/python3.8/site-packages/requests/sessions.py", line 655, in send
    r = adapter.send(request, **kwargs)
        │       │    │          └ {'stream': False, 'timeout': 50, 'verify': True, 'cert': None, 'proxies': OrderedDict()}
        │       │    └ <PreparedRequest [GET]>
        │       └ <function HTTPAdapter.send at 0x7fc85c2b0430>
        └ <requests.adapters.HTTPAdapter object at 0x7fc7680a0d60>
  File "/home/chase/.local/lib/python3.8/site-packages/requests/adapters.py", line 514, in send
    raise SSLError(e, request=request)
          │                   └ <PreparedRequest [GET]>
          └ <class 'requests.exceptions.SSLError'>

requests.exceptions.SSLError: HTTPSConnectionPool(host='wappass.baidu.com', port=443): Max retries exceeded with url: /static/captcha/tuxing.html?ak=2ef521ec36290baed33d66de9b16f625&backurl=http%3A%2F%2Ftieba.baidu.com%2Ff%2Fsearch%2Fres%3Fisnew%3D1%26kw%3D%26qw%3D%25E7%25BB%25BC%25E5%2590%2588%25E6%25B6%2588%25E6%2581%25AF%25EF%25BC%259A%25E9%259D%259E%25E6%25B4%25B2%25E6%2596%25B0%25E5%2586%25A0%25E7%2596%25AB%25E6%2583%2585%25E6%258C%2581%25E7%25BB%25AD%25E5%258F%2591%25E9%2585%25B5%26rn%3D10%26un%3D%26only_thread%3D0%26sm%3D1%26sd%3D%26ed%3D%26pn%3D1&timestamp=1653050530&signature=849e579346a6992bffc8373e5118e65d (Caused by SSLError(SSLError(1, '[SSL: SSLV3_ALERT_HANDSHAKE_FAILURE] sslv3 alert handshake failure (_ssl.c:1131)')))
2022-05-20 21:06:20.272 | ERROR    | monitor.searchSpiders.tieba:get_request_from_keyword:34 - E 贴吧错误HTTPSConnectionPool(host='wappass.baidu.com', port=443): Max retries exceeded with url: /static/captcha/tuxing.html?ak=2ef521ec36290baed33d66de9b16f625&backurl=http%3A%2F%2Ftieba.baidu.com%2Ff%2Fsearch%2Fres%3Fisnew%3D1%26kw%3D%26qw%3D%25E7%25A7%25A6%25E5%2588%259A%25EF%25BC%259A%25E7%25BE%258E%25E5%259B%25BD%25E6%2598%25AF%25E6%2597%25B6%25E5%2580%2599%25E9%2587%258D%25E6%2596%25B0%25E8%2580%2583%25E8%2599%2591%25E5%25B9%25B6%25E5%25B0%25BD%25E6%2597%25A9%25E5%258F%2596%25E6%25B6%2588%25E5%258A%25A0%25E5%25BE%2581%25E5%2585%25B3%25E7%25A8%258E%26rn%3D10%26un%3D%26only_thread%3D0%26sm%3D1%26sd%3D%26ed%3D%26pn%3D5&timestamp=1653051980&signature=f802e4c1413976ef573422ca95405621 (Caused by SSLError(SSLError(1, '[SSL: SSLV3_ALERT_HANDSHAKE_FAILURE] sslv3 alert handshake failure (_ssl.c:1131)')))
Traceback (most recent call last):

  File "/home/chase/.local/lib/python3.8/site-packages/urllib3/connectionpool.py", line 699, in urlopen
    httplib_response = self._make_request(
                       │    └ <function HTTPConnectionPool._make_request at 0x7fc85c430c10>
                       └ <urllib3.connectionpool.HTTPSConnectionPool object at 0x7fc65c4cfb50>
  File "/home/chase/.local/lib/python3.8/site-packages/urllib3/connectionpool.py", line 382, in _make_request
    self._validate_conn(conn)
    │    │              └ <urllib3.connection.HTTPSConnection object at 0x7fc67c26aeb0>
    │    └ <function HTTPSConnectionPool._validate_conn at 0x7fc85c431160>
    └ <urllib3.connectionpool.HTTPSConnectionPool object at 0x7fc65c4cfb50>
  File "/home/chase/.local/lib/python3.8/site-packages/urllib3/connectionpool.py", line 1010, in _validate_conn
    conn.connect()
    │    └ <function HTTPSConnection.connect at 0x7fc85c41f820>
    └ <urllib3.connection.HTTPSConnection object at 0x7fc67c26aeb0>
  File "/home/chase/.local/lib/python3.8/site-packages/urllib3/connection.py", line 416, in connect
    self.sock = ssl_wrap_socket(
    │    │      └ <function ssl_wrap_socket at 0x7fc85c498550>
    │    └ None
    └ <urllib3.connection.HTTPSConnection object at 0x7fc67c26aeb0>
  File "/home/chase/.local/lib/python3.8/site-packages/urllib3/util/ssl_.py", line 449, in ssl_wrap_socket
    ssl_sock = _ssl_wrap_socket_impl(
               └ <function _ssl_wrap_socket_impl at 0x7fc85c498700>
  File "/home/chase/.local/lib/python3.8/site-packages/urllib3/util/ssl_.py", line 493, in _ssl_wrap_socket_impl
    return ssl_context.wrap_socket(sock, server_hostname=server_hostname)
           │           │           │                     └ 'wappass.baidu.com'
           │           │           └ <socket.socket [closed] fd=-1, family=AddressFamily.AF_INET, type=SocketKind.SOCK_STREAM, proto=6>
           │           └ <function SSLContext.wrap_socket at 0x7fc87d372dc0>
           └ <ssl.SSLContext object at 0x7fc69c4fc540>
  File "/usr/lib/python3.8/ssl.py", line 500, in wrap_socket
    return self.sslsocket_class._create(
           │    │               └ <classmethod object at 0x7fc87d375ac0>
           │    └ <class 'ssl.SSLSocket'>
           └ <ssl.SSLContext object at 0x7fc69c4fc540>
  File "/usr/lib/python3.8/ssl.py", line 1040, in _create
    self.do_handshake()
    │    └ <function SSLSocket.do_handshake at 0x7fc87d37aca0>
    └ <ssl.SSLSocket [closed] fd=-1, family=AddressFamily.AF_INET, type=SocketKind.SOCK_STREAM, proto=6>
  File "/usr/lib/python3.8/ssl.py", line 1309, in do_handshake
    self._sslobj.do_handshake()
    │    └ None
    └ <ssl.SSLSocket [closed] fd=-1, family=AddressFamily.AF_INET, type=SocketKind.SOCK_STREAM, proto=6>

ssl.SSLError: [SSL: SSLV3_ALERT_HANDSHAKE_FAILURE] sslv3 alert handshake failure (_ssl.c:1131)


During handling of the above exception, another exception occurred:


Traceback (most recent call last):

  File "/home/chase/.local/lib/python3.8/site-packages/requests/adapters.py", line 439, in send
    resp = conn.urlopen(
           │    └ <function HTTPConnectionPool.urlopen at 0x7fc85c430e50>
           └ <urllib3.connectionpool.HTTPSConnectionPool object at 0x7fc65c4cfb50>
  File "/home/chase/.local/lib/python3.8/site-packages/urllib3/connectionpool.py", line 755, in urlopen
    retries = retries.increment(
              │       └ <function Retry.increment at 0x7fc85c4721f0>
              └ Retry(total=0, connect=None, read=False, redirect=None, status=None)
  File "/home/chase/.local/lib/python3.8/site-packages/urllib3/util/retry.py", line 574, in increment
    raise MaxRetryError(_pool, url, error or ResponseError(cause))
          │             │      │    │        │             └ 'unknown'
          │             │      │    │        └ <class 'urllib3.exceptions.ResponseError'>
          │             │      │    └ SSLError(SSLError(1, '[SSL: SSLV3_ALERT_HANDSHAKE_FAILURE] sslv3 alert handshake failure (_ssl.c:1131)'))
          │             │      └ '/static/captcha/tuxing.html?ak=2ef521ec36290baed33d66de9b16f625&backurl=http%3A%2F%2Ftieba.baidu.com%2Ff%2Fsearch%2Fres%3Fis...
          │             └ <urllib3.connectionpool.HTTPSConnectionPool object at 0x7fc65c4cfb50>
          └ <class 'urllib3.exceptions.MaxRetryError'>

urllib3.exceptions.MaxRetryError: HTTPSConnectionPool(host='wappass.baidu.com', port=443): Max retries exceeded with url: /static/captcha/tuxing.html?ak=2ef521ec36290baed33d66de9b16f625&backurl=http%3A%2F%2Ftieba.baidu.com%2Ff%2Fsearch%2Fres%3Fisnew%3D1%26kw%3D%26qw%3D%25E7%25A7%25A6%25E5%2588%259A%25EF%25BC%259A%25E7%25BE%258E%25E5%259B%25BD%25E6%2598%25AF%25E6%2597%25B6%25E5%2580%2599%25E9%2587%258D%25E6%2596%25B0%25E8%2580%2583%25E8%2599%2591%25E5%25B9%25B6%25E5%25B0%25BD%25E6%2597%25A9%25E5%258F%2596%25E6%25B6%2588%25E5%258A%25A0%25E5%25BE%2581%25E5%2585%25B3%25E7%25A8%258E%26rn%3D10%26un%3D%26only_thread%3D0%26sm%3D1%26sd%3D%26ed%3D%26pn%3D5&timestamp=1653051980&signature=f802e4c1413976ef573422ca95405621 (Caused by SSLError(SSLError(1, '[SSL: SSLV3_ALERT_HANDSHAKE_FAILURE] sslv3 alert handshake failure (_ssl.c:1131)')))


During handling of the above exception, another exception occurred:


Traceback (most recent call last):

  File "/usr/lib/python3.8/threading.py", line 890, in _bootstrap
    self._bootstrap_inner()
    │    └ <function Thread._bootstrap_inner at 0x7fc8803d4a60>
    └ <Thread(Thread-238, started daemon 140488371857152)>
  File "/usr/lib/python3.8/threading.py", line 932, in _bootstrap_inner
    self.run()
    │    └ <function Thread.run at 0x7fc8803d4790>
    └ <Thread(Thread-238, started daemon 140488371857152)>
  File "/usr/lib/python3.8/threading.py", line 870, in run
    self._target(*self._args, **self._kwargs)
    │    │        │    │        │    └ {}
    │    │        │    │        └ <Thread(Thread-238, started daemon 140488371857152)>
    │    │        │    └ ('ProjectManager.run_func_by_thread',)
    │    │        └ <Thread(Thread-238, started daemon 140488371857152)>
    │    └ <bound method ProjectManager.get_request_from_keywords_hot of <monitor.projectManager.ProjectManager object at 0x7fc8575c82e0>>
    └ <Thread(Thread-238, started daemon 140488371857152)>

  File "/home/users/Scy/yuqing/spider/monitor/projectManager.py", line 805, in get_request_from_keywords_hot
    self.search_spider_manager.crawl_by_keyword(
    │    │                     └ <function SearchSpidersManager.crawl_by_keyword at 0x7fc8544bbee0>
    │    └ <monitor.spiderManager.SearchSpidersManager object at 0x7fc8540ce580>
    └ <monitor.projectManager.ProjectManager object at 0x7fc8575c82e0>

  File "/home/users/Scy/yuqing/spider/monitor/spiderManager.py", line 118, in crawl_by_keyword
    self.crawl_by_keyword_signal_platform(project_names, platform, keyword, crawl_time, project_times)
    │    │                                │              │         │        │           └ {'default': <monitor.TimeSection object at 0x7fc854204f70>, 'test': <monitor.TimeSection object at 0x7fc8541a3bb0>}
    │    │                                │              │         │        └ <monitor.TimeSection object at 0x7fc6fc0e8040>
    │    │                                │              │         └ '秦刚：美国是时候重新考虑并尽早取消加征关税'
    │    │                                │              └ '贴吧'
    │    │                                └ ['default']
    │    └ <function SearchSpidersManager.crawl_by_keyword_signal_platform at 0x7fc8544bd040>
    └ <monitor.spiderManager.SearchSpidersManager object at 0x7fc8540ce580>

  File "/home/users/Scy/yuqing/spider/monitor/spiderManager.py", line 150, in crawl_by_keyword_signal_platform
    requests = self.get_request_from_keyword(platform, keyword_only, **crawl_time.to_dict())
               │    │                        │         │               │          └ <function TimeSection.to_dict at 0x7fc85e7cf9d0>
               │    │                        │         │               └ <monitor.TimeSection object at 0x7fc6fc0e8040>
               │    │                        │         └ '秦刚：美国是时候重新考虑并尽早取消加征关税'
               │    │                        └ '贴吧'
               │    └ <function SearchSpidersManager.get_request_from_keyword at 0x7fc8544bd160>
               └ <monitor.spiderManager.SearchSpidersManager object at 0x7fc8540ce580>

  File "/home/users/Scy/yuqing/spider/monitor/spiderManager.py", line 214, in get_request_from_keyword
    for request in self.spiders[platform].get_request_from_keyword(headers, search_url, keyword, content_url,
                   │    │       │                                  │        │           │        └ None
                   │    │       │                                  │        │           └ '秦刚：美国是时候重新考虑并尽早取消加征关税'
                   │    │       │                                  │        └ <string.Template object at 0x7fc6bc3f0d90>
                   │    │       │                                  └ {'Connection': 'keep-alive', 'sec-ch-ua': "'Chromium';v='92',' Not A;Brand';v='99', 'Google Chrome';v='92'", 'sec-ch-ua-mobil...
                   │    │       └ '贴吧'
                   │    └ {'凤凰网': <monitor.searchSpiders.ifeng.Ifeng object at 0x7fc8540ce610>, '头条': <monitor.searchSpiders.toutiao.Toutiao object at ...
                   └ <monitor.spiderManager.SearchSpidersManager object at 0x7fc8540ce580>

> File "/home/users/Scy/yuqing/spider/monitor/searchSpiders/tieba.py", line 22, in get_request_from_keyword
    response = requests.get(url, headers=headers, timeout=50)
               │        │   │            └ {'Connection': 'keep-alive', 'sec-ch-ua': "'Chromium';v='92',' Not A;Brand';v='99', 'Google Chrome';v='92'", 'sec-ch-ua-mobil...
               │        │   └ 'https://tieba.baidu.com/f/search/res?isnew=1&kw=&qw=秦刚：美国是时候重新考虑并尽早取消加征关税&rn=10&un=&only_thread=0&sm=1&sd=&ed=&pn=5'
               │        └ <function get at 0x7fc85c2a83a0>
               └ <module 'requests' from '/home/chase/.local/lib/python3.8/site-packages/requests/__init__.py'>

  File "/home/chase/.local/lib/python3.8/site-packages/requests/api.py", line 75, in get
    return request('get', url, params=params, **kwargs)
           │              │           │         └ {'headers': {'Connection': 'keep-alive', 'sec-ch-ua': "'Chromium';v='92',' Not A;Brand';v='99', 'Google Chrome';v='92'", 'sec...
           │              │           └ None
           │              └ 'https://tieba.baidu.com/f/search/res?isnew=1&kw=&qw=秦刚：美国是时候重新考虑并尽早取消加征关税&rn=10&un=&only_thread=0&sm=1&sd=&ed=&pn=5'
           └ <function request at 0x7fc85c29b1f0>
  File "/home/chase/.local/lib/python3.8/site-packages/requests/api.py", line 61, in request
    return session.request(method=method, url=url, **kwargs)
           │       │              │           │      └ {'params': None, 'headers': {'Connection': 'keep-alive', 'sec-ch-ua': "'Chromium';v='92',' Not A;Brand';v='99', 'Google Chrom...
           │       │              │           └ 'https://tieba.baidu.com/f/search/res?isnew=1&kw=&qw=秦刚：美国是时候重新考虑并尽早取消加征关税&rn=10&un=&only_thread=0&sm=1&sd=&ed=&pn=5'
           │       │              └ 'get'
           │       └ <function Session.request at 0x7fc85c2b0af0>
           └ <requests.sessions.Session object at 0x7fc7602ffdf0>
  File "/home/chase/.local/lib/python3.8/site-packages/requests/sessions.py", line 542, in request
    resp = self.send(prep, **send_kwargs)
           │    │    │       └ {'timeout': 50, 'allow_redirects': True, 'verify': True, 'proxies': OrderedDict(), 'stream': False, 'cert': None}
           │    │    └ <PreparedRequest [GET]>
           │    └ <function Session.send at 0x7fc85c2b0f70>
           └ <requests.sessions.Session object at 0x7fc7602ffdf0>
  File "/home/chase/.local/lib/python3.8/site-packages/requests/sessions.py", line 677, in send
    history = [resp for resp in gen]
                                └ <generator object SessionRedirectMixin.resolve_redirects at 0x7fc760307890>
  File "/home/chase/.local/lib/python3.8/site-packages/requests/sessions.py", line 677, in <listcomp>
    history = [resp for resp in gen]
  File "/home/chase/.local/lib/python3.8/site-packages/requests/sessions.py", line 237, in resolve_redirects
    resp = self.send(
           │    └ <function Session.send at 0x7fc85c2b0f70>
           └ <requests.sessions.Session object at 0x7fc7602ffdf0>
  File "/home/chase/.local/lib/python3.8/site-packages/requests/sessions.py", line 655, in send
    r = adapter.send(request, **kwargs)
        │       │    │          └ {'stream': False, 'timeout': 50, 'verify': True, 'cert': None, 'proxies': OrderedDict()}
        │       │    └ <PreparedRequest [GET]>
        │       └ <function HTTPAdapter.send at 0x7fc85c2b0430>
        └ <requests.adapters.HTTPAdapter object at 0x7fc6fc449ca0>
  File "/home/chase/.local/lib/python3.8/site-packages/requests/adapters.py", line 514, in send
    raise SSLError(e, request=request)
          │                   └ <PreparedRequest [GET]>
          └ <class 'requests.exceptions.SSLError'>

requests.exceptions.SSLError: HTTPSConnectionPool(host='wappass.baidu.com', port=443): Max retries exceeded with url: /static/captcha/tuxing.html?ak=2ef521ec36290baed33d66de9b16f625&backurl=http%3A%2F%2Ftieba.baidu.com%2Ff%2Fsearch%2Fres%3Fisnew%3D1%26kw%3D%26qw%3D%25E7%25A7%25A6%25E5%2588%259A%25EF%25BC%259A%25E7%25BE%258E%25E5%259B%25BD%25E6%2598%25AF%25E6%2597%25B6%25E5%2580%2599%25E9%2587%258D%25E6%2596%25B0%25E8%2580%2583%25E8%2599%2591%25E5%25B9%25B6%25E5%25B0%25BD%25E6%2597%25A9%25E5%258F%2596%25E6%25B6%2588%25E5%258A%25A0%25E5%25BE%2581%25E5%2585%25B3%25E7%25A8%258E%26rn%3D10%26un%3D%26only_thread%3D0%26sm%3D1%26sd%3D%26ed%3D%26pn%3D5&timestamp=1653051980&signature=f802e4c1413976ef573422ca95405621 (Caused by SSLError(SSLError(1, '[SSL: SSLV3_ALERT_HANDSHAKE_FAILURE] sslv3 alert handshake failure (_ssl.c:1131)')))
2022-05-20 21:07:00.199 | ERROR    | monitor.searchSpiders.tieba:get_request_from_keyword:34 - E 贴吧错误HTTPSConnectionPool(host='wappass.baidu.com', port=443): Max retries exceeded with url: /static/captcha/tuxing.html?ak=2ef521ec36290baed33d66de9b16f625&backurl=http%3A%2F%2Ftieba.baidu.com%2Ff%2Fsearch%2Fres%3Fisnew%3D1%26kw%3D%26qw%3D%25E5%258C%2597%25E7%25BA%25A6%25E4%25BA%2594%25E8%25BD%25AE%25E4%25B8%259C%25E6%2589%25A9%25E5%2590%258E%25E5%258F%2588%25E8%25A6%2581%25E5%258C%2597%25E6%2589%25A9%25EF%25BC%259F%26rn%3D10%26un%3D%26only_thread%3D0%26sm%3D1%26sd%3D%26ed%3D%26pn%3D28&timestamp=1653052020&signature=92162a96f32fb1ad1a3ca574df0f39dd (Caused by SSLError(SSLError(1, '[SSL: SSLV3_ALERT_HANDSHAKE_FAILURE] sslv3 alert handshake failure (_ssl.c:1131)')))
Traceback (most recent call last):

  File "/home/chase/.local/lib/python3.8/site-packages/urllib3/connectionpool.py", line 699, in urlopen
    httplib_response = self._make_request(
                       │    └ <function HTTPConnectionPool._make_request at 0x7fc85c430c10>
                       └ <urllib3.connectionpool.HTTPSConnectionPool object at 0x7fc67c205b50>
  File "/home/chase/.local/lib/python3.8/site-packages/urllib3/connectionpool.py", line 382, in _make_request
    self._validate_conn(conn)
    │    │              └ <urllib3.connection.HTTPSConnection object at 0x7fc67c4785e0>
    │    └ <function HTTPSConnectionPool._validate_conn at 0x7fc85c431160>
    └ <urllib3.connectionpool.HTTPSConnectionPool object at 0x7fc67c205b50>
  File "/home/chase/.local/lib/python3.8/site-packages/urllib3/connectionpool.py", line 1010, in _validate_conn
    conn.connect()
    │    └ <function HTTPSConnection.connect at 0x7fc85c41f820>
    └ <urllib3.connection.HTTPSConnection object at 0x7fc67c4785e0>
  File "/home/chase/.local/lib/python3.8/site-packages/urllib3/connection.py", line 416, in connect
    self.sock = ssl_wrap_socket(
    │    │      └ <function ssl_wrap_socket at 0x7fc85c498550>
    │    └ None
    └ <urllib3.connection.HTTPSConnection object at 0x7fc67c4785e0>
  File "/home/chase/.local/lib/python3.8/site-packages/urllib3/util/ssl_.py", line 449, in ssl_wrap_socket
    ssl_sock = _ssl_wrap_socket_impl(
               └ <function _ssl_wrap_socket_impl at 0x7fc85c498700>
  File "/home/chase/.local/lib/python3.8/site-packages/urllib3/util/ssl_.py", line 493, in _ssl_wrap_socket_impl
    return ssl_context.wrap_socket(sock, server_hostname=server_hostname)
           │           │           │                     └ 'wappass.baidu.com'
           │           │           └ <socket.socket [closed] fd=-1, family=AddressFamily.AF_INET, type=SocketKind.SOCK_STREAM, proto=6>
           │           └ <function SSLContext.wrap_socket at 0x7fc87d372dc0>
           └ <ssl.SSLContext object at 0x7fc63c60fcc0>
  File "/usr/lib/python3.8/ssl.py", line 500, in wrap_socket
    return self.sslsocket_class._create(
           │    │               └ <classmethod object at 0x7fc87d375ac0>
           │    └ <class 'ssl.SSLSocket'>
           └ <ssl.SSLContext object at 0x7fc63c60fcc0>
  File "/usr/lib/python3.8/ssl.py", line 1040, in _create
    self.do_handshake()
    │    └ <function SSLSocket.do_handshake at 0x7fc87d37aca0>
    └ <ssl.SSLSocket [closed] fd=-1, family=AddressFamily.AF_INET, type=SocketKind.SOCK_STREAM, proto=6>
  File "/usr/lib/python3.8/ssl.py", line 1309, in do_handshake
    self._sslobj.do_handshake()
    │    └ None
    └ <ssl.SSLSocket [closed] fd=-1, family=AddressFamily.AF_INET, type=SocketKind.SOCK_STREAM, proto=6>

ssl.SSLError: [SSL: SSLV3_ALERT_HANDSHAKE_FAILURE] sslv3 alert handshake failure (_ssl.c:1131)


During handling of the above exception, another exception occurred:


Traceback (most recent call last):

  File "/home/chase/.local/lib/python3.8/site-packages/requests/adapters.py", line 439, in send
    resp = conn.urlopen(
           │    └ <function HTTPConnectionPool.urlopen at 0x7fc85c430e50>
           └ <urllib3.connectionpool.HTTPSConnectionPool object at 0x7fc67c205b50>
  File "/home/chase/.local/lib/python3.8/site-packages/urllib3/connectionpool.py", line 755, in urlopen
    retries = retries.increment(
              │       └ <function Retry.increment at 0x7fc85c4721f0>
              └ Retry(total=0, connect=None, read=False, redirect=None, status=None)
  File "/home/chase/.local/lib/python3.8/site-packages/urllib3/util/retry.py", line 574, in increment
    raise MaxRetryError(_pool, url, error or ResponseError(cause))
          │             │      │    │        │             └ 'unknown'
          │             │      │    │        └ <class 'urllib3.exceptions.ResponseError'>
          │             │      │    └ SSLError(SSLError(1, '[SSL: SSLV3_ALERT_HANDSHAKE_FAILURE] sslv3 alert handshake failure (_ssl.c:1131)'))
          │             │      └ '/static/captcha/tuxing.html?ak=2ef521ec36290baed33d66de9b16f625&backurl=http%3A%2F%2Ftieba.baidu.com%2Ff%2Fsearch%2Fres%3Fis...
          │             └ <urllib3.connectionpool.HTTPSConnectionPool object at 0x7fc67c205b50>
          └ <class 'urllib3.exceptions.MaxRetryError'>

urllib3.exceptions.MaxRetryError: HTTPSConnectionPool(host='wappass.baidu.com', port=443): Max retries exceeded with url: /static/captcha/tuxing.html?ak=2ef521ec36290baed33d66de9b16f625&backurl=http%3A%2F%2Ftieba.baidu.com%2Ff%2Fsearch%2Fres%3Fisnew%3D1%26kw%3D%26qw%3D%25E5%258C%2597%25E7%25BA%25A6%25E4%25BA%2594%25E8%25BD%25AE%25E4%25B8%259C%25E6%2589%25A9%25E5%2590%258E%25E5%258F%2588%25E8%25A6%2581%25E5%258C%2597%25E6%2589%25A9%25EF%25BC%259F%26rn%3D10%26un%3D%26only_thread%3D0%26sm%3D1%26sd%3D%26ed%3D%26pn%3D28&timestamp=1653052020&signature=92162a96f32fb1ad1a3ca574df0f39dd (Caused by SSLError(SSLError(1, '[SSL: SSLV3_ALERT_HANDSHAKE_FAILURE] sslv3 alert handshake failure (_ssl.c:1131)')))


During handling of the above exception, another exception occurred:


Traceback (most recent call last):

  File "/usr/lib/python3.8/threading.py", line 890, in _bootstrap
    self._bootstrap_inner()
    │    └ <function Thread._bootstrap_inner at 0x7fc8803d4a60>
    └ <Thread(Thread-150, started daemon 140490519340800)>
  File "/usr/lib/python3.8/threading.py", line 932, in _bootstrap_inner
    self.run()
    │    └ <function Thread.run at 0x7fc8803d4790>
    └ <Thread(Thread-150, started daemon 140490519340800)>
  File "/usr/lib/python3.8/threading.py", line 870, in run
    self._target(*self._args, **self._kwargs)
    │    │        │    │        │    └ {}
    │    │        │    │        └ <Thread(Thread-150, started daemon 140490519340800)>
    │    │        │    └ ('ProjectManager.run_func_by_thread',)
    │    │        └ <Thread(Thread-150, started daemon 140490519340800)>
    │    └ <bound method ProjectManager.get_request_from_keywords_hot of <monitor.projectManager.ProjectManager object at 0x7fc8575c82e0>>
    └ <Thread(Thread-150, started daemon 140490519340800)>

  File "/home/users/Scy/yuqing/spider/monitor/projectManager.py", line 805, in get_request_from_keywords_hot
    self.search_spider_manager.crawl_by_keyword(
    │    │                     └ <function SearchSpidersManager.crawl_by_keyword at 0x7fc8544bbee0>
    │    └ <monitor.spiderManager.SearchSpidersManager object at 0x7fc8540ce580>
    └ <monitor.projectManager.ProjectManager object at 0x7fc8575c82e0>

  File "/home/users/Scy/yuqing/spider/monitor/spiderManager.py", line 118, in crawl_by_keyword
    self.crawl_by_keyword_signal_platform(project_names, platform, keyword, crawl_time, project_times)
    │    │                                │              │         │        │           └ {'default': <monitor.TimeSection object at 0x7fc854204f70>, 'test': <monitor.TimeSection object at 0x7fc8541a3bb0>}
    │    │                                │              │         │        └ <monitor.TimeSection object at 0x7fc73c09c940>
    │    │                                │              │         └ '北约五轮东扩后又要北扩？'
    │    │                                │              └ '贴吧'
    │    │                                └ ['default']
    │    └ <function SearchSpidersManager.crawl_by_keyword_signal_platform at 0x7fc8544bd040>
    └ <monitor.spiderManager.SearchSpidersManager object at 0x7fc8540ce580>

  File "/home/users/Scy/yuqing/spider/monitor/spiderManager.py", line 150, in crawl_by_keyword_signal_platform
    requests = self.get_request_from_keyword(platform, keyword_only, **crawl_time.to_dict())
               │    │                        │         │               │          └ <function TimeSection.to_dict at 0x7fc85e7cf9d0>
               │    │                        │         │               └ <monitor.TimeSection object at 0x7fc73c09c940>
               │    │                        │         └ '北约五轮东扩后又要北扩？'
               │    │                        └ '贴吧'
               │    └ <function SearchSpidersManager.get_request_from_keyword at 0x7fc8544bd160>
               └ <monitor.spiderManager.SearchSpidersManager object at 0x7fc8540ce580>

  File "/home/users/Scy/yuqing/spider/monitor/spiderManager.py", line 214, in get_request_from_keyword
    for request in self.spiders[platform].get_request_from_keyword(headers, search_url, keyword, content_url,
                   │    │       │                                  │        │           │        └ None
                   │    │       │                                  │        │           └ '北约五轮东扩后又要北扩？'
                   │    │       │                                  │        └ <string.Template object at 0x7fc73c0d2fa0>
                   │    │       │                                  └ {'Connection': 'keep-alive', 'sec-ch-ua': "'Chromium';v='92',' Not A;Brand';v='99', 'Google Chrome';v='92'", 'sec-ch-ua-mobil...
                   │    │       └ '贴吧'
                   │    └ {'凤凰网': <monitor.searchSpiders.ifeng.Ifeng object at 0x7fc8540ce610>, '头条': <monitor.searchSpiders.toutiao.Toutiao object at ...
                   └ <monitor.spiderManager.SearchSpidersManager object at 0x7fc8540ce580>

> File "/home/users/Scy/yuqing/spider/monitor/searchSpiders/tieba.py", line 22, in get_request_from_keyword
    response = requests.get(url, headers=headers, timeout=50)
               │        │   │            └ {'Connection': 'keep-alive', 'sec-ch-ua': "'Chromium';v='92',' Not A;Brand';v='99', 'Google Chrome';v='92'", 'sec-ch-ua-mobil...
               │        │   └ 'https://tieba.baidu.com/f/search/res?isnew=1&kw=&qw=北约五轮东扩后又要北扩？&rn=10&un=&only_thread=0&sm=1&sd=&ed=&pn=28'
               │        └ <function get at 0x7fc85c2a83a0>
               └ <module 'requests' from '/home/chase/.local/lib/python3.8/site-packages/requests/__init__.py'>

  File "/home/chase/.local/lib/python3.8/site-packages/requests/api.py", line 75, in get
    return request('get', url, params=params, **kwargs)
           │              │           │         └ {'headers': {'Connection': 'keep-alive', 'sec-ch-ua': "'Chromium';v='92',' Not A;Brand';v='99', 'Google Chrome';v='92'", 'sec...
           │              │           └ None
           │              └ 'https://tieba.baidu.com/f/search/res?isnew=1&kw=&qw=北约五轮东扩后又要北扩？&rn=10&un=&only_thread=0&sm=1&sd=&ed=&pn=28'
           └ <function request at 0x7fc85c29b1f0>
  File "/home/chase/.local/lib/python3.8/site-packages/requests/api.py", line 61, in request
    return session.request(method=method, url=url, **kwargs)
           │       │              │           │      └ {'params': None, 'headers': {'Connection': 'keep-alive', 'sec-ch-ua': "'Chromium';v='92',' Not A;Brand';v='99', 'Google Chrom...
           │       │              │           └ 'https://tieba.baidu.com/f/search/res?isnew=1&kw=&qw=北约五轮东扩后又要北扩？&rn=10&un=&only_thread=0&sm=1&sd=&ed=&pn=28'
           │       │              └ 'get'
           │       └ <function Session.request at 0x7fc85c2b0af0>
           └ <requests.sessions.Session object at 0x7fc6bc1b2dc0>
  File "/home/chase/.local/lib/python3.8/site-packages/requests/sessions.py", line 542, in request
    resp = self.send(prep, **send_kwargs)
           │    │    │       └ {'timeout': 50, 'allow_redirects': True, 'verify': True, 'proxies': OrderedDict(), 'stream': False, 'cert': None}
           │    │    └ <PreparedRequest [GET]>
           │    └ <function Session.send at 0x7fc85c2b0f70>
           └ <requests.sessions.Session object at 0x7fc6bc1b2dc0>
  File "/home/chase/.local/lib/python3.8/site-packages/requests/sessions.py", line 677, in send
    history = [resp for resp in gen]
                                └ <generator object SessionRedirectMixin.resolve_redirects at 0x7fc67c5baac0>
  File "/home/chase/.local/lib/python3.8/site-packages/requests/sessions.py", line 677, in <listcomp>
    history = [resp for resp in gen]
  File "/home/chase/.local/lib/python3.8/site-packages/requests/sessions.py", line 237, in resolve_redirects
    resp = self.send(
           │    └ <function Session.send at 0x7fc85c2b0f70>
           └ <requests.sessions.Session object at 0x7fc6bc1b2dc0>
  File "/home/chase/.local/lib/python3.8/site-packages/requests/sessions.py", line 655, in send
    r = adapter.send(request, **kwargs)
        │       │    │          └ {'stream': False, 'timeout': 50, 'verify': True, 'cert': None, 'proxies': OrderedDict()}
        │       │    └ <PreparedRequest [GET]>
        │       └ <function HTTPAdapter.send at 0x7fc85c2b0430>
        └ <requests.adapters.HTTPAdapter object at 0x7fc760192220>
  File "/home/chase/.local/lib/python3.8/site-packages/requests/adapters.py", line 514, in send
    raise SSLError(e, request=request)
          │                   └ <PreparedRequest [GET]>
          └ <class 'requests.exceptions.SSLError'>

requests.exceptions.SSLError: HTTPSConnectionPool(host='wappass.baidu.com', port=443): Max retries exceeded with url: /static/captcha/tuxing.html?ak=2ef521ec36290baed33d66de9b16f625&backurl=http%3A%2F%2Ftieba.baidu.com%2Ff%2Fsearch%2Fres%3Fisnew%3D1%26kw%3D%26qw%3D%25E5%258C%2597%25E7%25BA%25A6%25E4%25BA%2594%25E8%25BD%25AE%25E4%25B8%259C%25E6%2589%25A9%25E5%2590%258E%25E5%258F%2588%25E8%25A6%2581%25E5%258C%2597%25E6%2589%25A9%25EF%25BC%259F%26rn%3D10%26un%3D%26only_thread%3D0%26sm%3D1%26sd%3D%26ed%3D%26pn%3D28&timestamp=1653052020&signature=92162a96f32fb1ad1a3ca574df0f39dd (Caused by SSLError(SSLError(1, '[SSL: SSLV3_ALERT_HANDSHAKE_FAILURE] sslv3 alert handshake failure (_ssl.c:1131)')))
2022-05-20 21:13:40.223 | ERROR    | monitor.searchSpiders.tieba:get_request_from_keyword:34 - E 贴吧错误HTTPSConnectionPool(host='wappass.baidu.com', port=443): Max retries exceeded with url: /static/captcha/tuxing.html?ak=2ef521ec36290baed33d66de9b16f625&backurl=http%3A%2F%2Ftieba.baidu.com%2Ff%2Fsearch%2Fres%3Fisnew%3D1%26kw%3D%26qw%3D%25E9%25A9%25BB%25E7%25BE%258E%25E5%25A4%25A7%25E4%25BD%25BF%25E7%25A7%25A6%25E5%2588%259A%25EF%25BC%259A%25E5%25BC%2580%25E5%25B1%2595%25E5%2590%2588%25E4%25BD%259C%25E3%2580%2581%25E5%25AF%25BB%25E6%25B1%2582%25E5%2585%25B1%25E8%25B5%25A2%25E7%25AC%25A6%25E5%2590%2588%25E4%25B8%25AD%25E7%25BE%258E%25E4%25BA%25BA%25E6%25B0%2591%25E6%25A0%25B9%25E6%259C%25AC%25E5%2588%25A9%25E7%259B%258A%26rn%3D10%26un%3D%26only_thread%3D0%26sm%3D1%26sd%3D%26ed%3D%26pn%3D14&timestamp=1653052420&signature=ab5b4b2136046cda23b0da0800f061c7 (Caused by SSLError(SSLError(1, '[SSL: SSLV3_ALERT_HANDSHAKE_FAILURE] sslv3 alert handshake failure (_ssl.c:1131)')))
Traceback (most recent call last):

  File "/home/chase/.local/lib/python3.8/site-packages/urllib3/connectionpool.py", line 699, in urlopen
    httplib_response = self._make_request(
                       │    └ <function HTTPConnectionPool._make_request at 0x7fc85c430c10>
                       └ <urllib3.connectionpool.HTTPSConnectionPool object at 0x7fc63c643730>
  File "/home/chase/.local/lib/python3.8/site-packages/urllib3/connectionpool.py", line 382, in _make_request
    self._validate_conn(conn)
    │    │              └ <urllib3.connection.HTTPSConnection object at 0x7fc65c133820>
    │    └ <function HTTPSConnectionPool._validate_conn at 0x7fc85c431160>
    └ <urllib3.connectionpool.HTTPSConnectionPool object at 0x7fc63c643730>
  File "/home/chase/.local/lib/python3.8/site-packages/urllib3/connectionpool.py", line 1010, in _validate_conn
    conn.connect()
    │    └ <function HTTPSConnection.connect at 0x7fc85c41f820>
    └ <urllib3.connection.HTTPSConnection object at 0x7fc65c133820>
  File "/home/chase/.local/lib/python3.8/site-packages/urllib3/connection.py", line 416, in connect
    self.sock = ssl_wrap_socket(
    │    │      └ <function ssl_wrap_socket at 0x7fc85c498550>
    │    └ None
    └ <urllib3.connection.HTTPSConnection object at 0x7fc65c133820>
  File "/home/chase/.local/lib/python3.8/site-packages/urllib3/util/ssl_.py", line 449, in ssl_wrap_socket
    ssl_sock = _ssl_wrap_socket_impl(
               └ <function _ssl_wrap_socket_impl at 0x7fc85c498700>
  File "/home/chase/.local/lib/python3.8/site-packages/urllib3/util/ssl_.py", line 493, in _ssl_wrap_socket_impl
    return ssl_context.wrap_socket(sock, server_hostname=server_hostname)
           │           │           │                     └ 'wappass.baidu.com'
           │           │           └ <socket.socket [closed] fd=-1, family=AddressFamily.AF_INET, type=SocketKind.SOCK_STREAM, proto=6>
           │           └ <function SSLContext.wrap_socket at 0x7fc87d372dc0>
           └ <ssl.SSLContext object at 0x7fc61c393f40>
  File "/usr/lib/python3.8/ssl.py", line 500, in wrap_socket
    return self.sslsocket_class._create(
           │    │               └ <classmethod object at 0x7fc87d375ac0>
           │    └ <class 'ssl.SSLSocket'>
           └ <ssl.SSLContext object at 0x7fc61c393f40>
  File "/usr/lib/python3.8/ssl.py", line 1040, in _create
    self.do_handshake()
    │    └ <function SSLSocket.do_handshake at 0x7fc87d37aca0>
    └ <ssl.SSLSocket [closed] fd=-1, family=AddressFamily.AF_INET, type=SocketKind.SOCK_STREAM, proto=6>
  File "/usr/lib/python3.8/ssl.py", line 1309, in do_handshake
    self._sslobj.do_handshake()
    │    └ None
    └ <ssl.SSLSocket [closed] fd=-1, family=AddressFamily.AF_INET, type=SocketKind.SOCK_STREAM, proto=6>

ssl.SSLError: [SSL: SSLV3_ALERT_HANDSHAKE_FAILURE] sslv3 alert handshake failure (_ssl.c:1131)


During handling of the above exception, another exception occurred:


Traceback (most recent call last):

  File "/home/chase/.local/lib/python3.8/site-packages/requests/adapters.py", line 439, in send
    resp = conn.urlopen(
           │    └ <function HTTPConnectionPool.urlopen at 0x7fc85c430e50>
           └ <urllib3.connectionpool.HTTPSConnectionPool object at 0x7fc63c643730>
  File "/home/chase/.local/lib/python3.8/site-packages/urllib3/connectionpool.py", line 755, in urlopen
    retries = retries.increment(
              │       └ <function Retry.increment at 0x7fc85c4721f0>
              └ Retry(total=0, connect=None, read=False, redirect=None, status=None)
  File "/home/chase/.local/lib/python3.8/site-packages/urllib3/util/retry.py", line 574, in increment
    raise MaxRetryError(_pool, url, error or ResponseError(cause))
          │             │      │    │        │             └ 'unknown'
          │             │      │    │        └ <class 'urllib3.exceptions.ResponseError'>
          │             │      │    └ SSLError(SSLError(1, '[SSL: SSLV3_ALERT_HANDSHAKE_FAILURE] sslv3 alert handshake failure (_ssl.c:1131)'))
          │             │      └ '/static/captcha/tuxing.html?ak=2ef521ec36290baed33d66de9b16f625&backurl=http%3A%2F%2Ftieba.baidu.com%2Ff%2Fsearch%2Fres%3Fis...
          │             └ <urllib3.connectionpool.HTTPSConnectionPool object at 0x7fc63c643730>
          └ <class 'urllib3.exceptions.MaxRetryError'>

urllib3.exceptions.MaxRetryError: HTTPSConnectionPool(host='wappass.baidu.com', port=443): Max retries exceeded with url: /static/captcha/tuxing.html?ak=2ef521ec36290baed33d66de9b16f625&backurl=http%3A%2F%2Ftieba.baidu.com%2Ff%2Fsearch%2Fres%3Fisnew%3D1%26kw%3D%26qw%3D%25E9%25A9%25BB%25E7%25BE%258E%25E5%25A4%25A7%25E4%25BD%25BF%25E7%25A7%25A6%25E5%2588%259A%25EF%25BC%259A%25E5%25BC%2580%25E5%25B1%2595%25E5%2590%2588%25E4%25BD%259C%25E3%2580%2581%25E5%25AF%25BB%25E6%25B1%2582%25E5%2585%25B1%25E8%25B5%25A2%25E7%25AC%25A6%25E5%2590%2588%25E4%25B8%25AD%25E7%25BE%258E%25E4%25BA%25BA%25E6%25B0%2591%25E6%25A0%25B9%25E6%259C%25AC%25E5%2588%25A9%25E7%259B%258A%26rn%3D10%26un%3D%26only_thread%3D0%26sm%3D1%26sd%3D%26ed%3D%26pn%3D14&timestamp=1653052420&signature=ab5b4b2136046cda23b0da0800f061c7 (Caused by SSLError(SSLError(1, '[SSL: SSLV3_ALERT_HANDSHAKE_FAILURE] sslv3 alert handshake failure (_ssl.c:1131)')))


During handling of the above exception, another exception occurred:


Traceback (most recent call last):

  File "/usr/lib/python3.8/threading.py", line 890, in _bootstrap
    self._bootstrap_inner()
    │    └ <function Thread._bootstrap_inner at 0x7fc8803d4a60>
    └ <Thread(Thread-454, started daemon 140486836516608)>
  File "/usr/lib/python3.8/threading.py", line 932, in _bootstrap_inner
    self.run()
    │    └ <function Thread.run at 0x7fc8803d4790>
    └ <Thread(Thread-454, started daemon 140486836516608)>
  File "/usr/lib/python3.8/threading.py", line 870, in run
    self._target(*self._args, **self._kwargs)
    │    │        │    │        │    └ {}
    │    │        │    │        └ <Thread(Thread-454, started daemon 140486836516608)>
    │    │        │    └ ('ProjectManager.run_func_by_thread',)
    │    │        └ <Thread(Thread-454, started daemon 140486836516608)>
    │    └ <bound method ProjectManager.get_request_from_keywords_hot of <monitor.projectManager.ProjectManager object at 0x7fc8575c82e0>>
    └ <Thread(Thread-454, started daemon 140486836516608)>

  File "/home/users/Scy/yuqing/spider/monitor/projectManager.py", line 805, in get_request_from_keywords_hot
    self.search_spider_manager.crawl_by_keyword(
    │    │                     └ <function SearchSpidersManager.crawl_by_keyword at 0x7fc8544bbee0>
    │    └ <monitor.spiderManager.SearchSpidersManager object at 0x7fc8540ce580>
    └ <monitor.projectManager.ProjectManager object at 0x7fc8575c82e0>

  File "/home/users/Scy/yuqing/spider/monitor/spiderManager.py", line 118, in crawl_by_keyword
    self.crawl_by_keyword_signal_platform(project_names, platform, keyword, crawl_time, project_times)
    │    │                                │              │         │        │           └ {'default': <monitor.TimeSection object at 0x7fc854204f70>, 'test': <monitor.TimeSection object at 0x7fc8541a3bb0>}
    │    │                                │              │         │        └ <monitor.TimeSection object at 0x7fc69c7eb280>
    │    │                                │              │         └ '驻美大使秦刚：开展合作、寻求共赢符合中美人民根本利益'
    │    │                                │              └ '贴吧'
    │    │                                └ ['default']
    │    └ <function SearchSpidersManager.crawl_by_keyword_signal_platform at 0x7fc8544bd040>
    └ <monitor.spiderManager.SearchSpidersManager object at 0x7fc8540ce580>

  File "/home/users/Scy/yuqing/spider/monitor/spiderManager.py", line 150, in crawl_by_keyword_signal_platform
    requests = self.get_request_from_keyword(platform, keyword_only, **crawl_time.to_dict())
               │    │                        │         │               │          └ <function TimeSection.to_dict at 0x7fc85e7cf9d0>
               │    │                        │         │               └ <monitor.TimeSection object at 0x7fc69c7eb280>
               │    │                        │         └ '驻美大使秦刚：开展合作、寻求共赢符合中美人民根本利益'
               │    │                        └ '贴吧'
               │    └ <function SearchSpidersManager.get_request_from_keyword at 0x7fc8544bd160>
               └ <monitor.spiderManager.SearchSpidersManager object at 0x7fc8540ce580>

  File "/home/users/Scy/yuqing/spider/monitor/spiderManager.py", line 214, in get_request_from_keyword
    for request in self.spiders[platform].get_request_from_keyword(headers, search_url, keyword, content_url,
                   │    │       │                                  │        │           │        └ None
                   │    │       │                                  │        │           └ '驻美大使秦刚：开展合作、寻求共赢符合中美人民根本利益'
                   │    │       │                                  │        └ <string.Template object at 0x7fc71c11cdf0>
                   │    │       │                                  └ {'Connection': 'keep-alive', 'sec-ch-ua': "'Chromium';v='92',' Not A;Brand';v='99', 'Google Chrome';v='92'", 'sec-ch-ua-mobil...
                   │    │       └ '贴吧'
                   │    └ {'凤凰网': <monitor.searchSpiders.ifeng.Ifeng object at 0x7fc8540ce610>, '头条': <monitor.searchSpiders.toutiao.Toutiao object at ...
                   └ <monitor.spiderManager.SearchSpidersManager object at 0x7fc8540ce580>

> File "/home/users/Scy/yuqing/spider/monitor/searchSpiders/tieba.py", line 22, in get_request_from_keyword
    response = requests.get(url, headers=headers, timeout=50)
               │        │   │            └ {'Connection': 'keep-alive', 'sec-ch-ua': "'Chromium';v='92',' Not A;Brand';v='99', 'Google Chrome';v='92'", 'sec-ch-ua-mobil...
               │        │   └ 'https://tieba.baidu.com/f/search/res?isnew=1&kw=&qw=驻美大使秦刚：开展合作、寻求共赢符合中美人民根本利益&rn=10&un=&only_thread=0&sm=1&sd=&ed=&pn=14'
               │        └ <function get at 0x7fc85c2a83a0>
               └ <module 'requests' from '/home/chase/.local/lib/python3.8/site-packages/requests/__init__.py'>

  File "/home/chase/.local/lib/python3.8/site-packages/requests/api.py", line 75, in get
    return request('get', url, params=params, **kwargs)
           │              │           │         └ {'headers': {'Connection': 'keep-alive', 'sec-ch-ua': "'Chromium';v='92',' Not A;Brand';v='99', 'Google Chrome';v='92'", 'sec...
           │              │           └ None
           │              └ 'https://tieba.baidu.com/f/search/res?isnew=1&kw=&qw=驻美大使秦刚：开展合作、寻求共赢符合中美人民根本利益&rn=10&un=&only_thread=0&sm=1&sd=&ed=&pn=14'
           └ <function request at 0x7fc85c29b1f0>
  File "/home/chase/.local/lib/python3.8/site-packages/requests/api.py", line 61, in request
    return session.request(method=method, url=url, **kwargs)
           │       │              │           │      └ {'params': None, 'headers': {'Connection': 'keep-alive', 'sec-ch-ua': "'Chromium';v='92',' Not A;Brand';v='99', 'Google Chrom...
           │       │              │           └ 'https://tieba.baidu.com/f/search/res?isnew=1&kw=&qw=驻美大使秦刚：开展合作、寻求共赢符合中美人民根本利益&rn=10&un=&only_thread=0&sm=1&sd=&ed=&pn=14'
           │       │              └ 'get'
           │       └ <function Session.request at 0x7fc85c2b0af0>
           └ <requests.sessions.Session object at 0x7fc67c1f2e20>
  File "/home/chase/.local/lib/python3.8/site-packages/requests/sessions.py", line 542, in request
    resp = self.send(prep, **send_kwargs)
           │    │    │       └ {'timeout': 50, 'allow_redirects': True, 'verify': True, 'proxies': OrderedDict(), 'stream': False, 'cert': None}
           │    │    └ <PreparedRequest [GET]>
           │    └ <function Session.send at 0x7fc85c2b0f70>
           └ <requests.sessions.Session object at 0x7fc67c1f2e20>
  File "/home/chase/.local/lib/python3.8/site-packages/requests/sessions.py", line 677, in send
    history = [resp for resp in gen]
                                └ <generator object SessionRedirectMixin.resolve_redirects at 0x7fc61c23c190>
  File "/home/chase/.local/lib/python3.8/site-packages/requests/sessions.py", line 677, in <listcomp>
    history = [resp for resp in gen]
  File "/home/chase/.local/lib/python3.8/site-packages/requests/sessions.py", line 237, in resolve_redirects
    resp = self.send(
           │    └ <function Session.send at 0x7fc85c2b0f70>
           └ <requests.sessions.Session object at 0x7fc67c1f2e20>
  File "/home/chase/.local/lib/python3.8/site-packages/requests/sessions.py", line 655, in send
    r = adapter.send(request, **kwargs)
        │       │    │          └ {'stream': False, 'timeout': 50, 'verify': True, 'cert': None, 'proxies': OrderedDict()}
        │       │    └ <PreparedRequest [GET]>
        │       └ <function HTTPAdapter.send at 0x7fc85c2b0430>
        └ <requests.adapters.HTTPAdapter object at 0x7fc85d7e4ca0>
  File "/home/chase/.local/lib/python3.8/site-packages/requests/adapters.py", line 514, in send
    raise SSLError(e, request=request)
          │                   └ <PreparedRequest [GET]>
          └ <class 'requests.exceptions.SSLError'>

requests.exceptions.SSLError: HTTPSConnectionPool(host='wappass.baidu.com', port=443): Max retries exceeded with url: /static/captcha/tuxing.html?ak=2ef521ec36290baed33d66de9b16f625&backurl=http%3A%2F%2Ftieba.baidu.com%2Ff%2Fsearch%2Fres%3Fisnew%3D1%26kw%3D%26qw%3D%25E9%25A9%25BB%25E7%25BE%258E%25E5%25A4%25A7%25E4%25BD%25BF%25E7%25A7%25A6%25E5%2588%259A%25EF%25BC%259A%25E5%25BC%2580%25E5%25B1%2595%25E5%2590%2588%25E4%25BD%259C%25E3%2580%2581%25E5%25AF%25BB%25E6%25B1%2582%25E5%2585%25B1%25E8%25B5%25A2%25E7%25AC%25A6%25E5%2590%2588%25E4%25B8%25AD%25E7%25BE%258E%25E4%25BA%25BA%25E6%25B0%2591%25E6%25A0%25B9%25E6%259C%25AC%25E5%2588%25A9%25E7%259B%258A%26rn%3D10%26un%3D%26only_thread%3D0%26sm%3D1%26sd%3D%26ed%3D%26pn%3D14&timestamp=1653052420&signature=ab5b4b2136046cda23b0da0800f061c7 (Caused by SSLError(SSLError(1, '[SSL: SSLV3_ALERT_HANDSHAKE_FAILURE] sslv3 alert handshake failure (_ssl.c:1131)')))
2022-05-20 21:26:40.575 | ERROR    | monitor.searchSpiders.tieba:get_request_from_keyword:34 - E 贴吧错误HTTPSConnectionPool(host='wappass.baidu.com', port=443): Max retries exceeded with url: /static/captcha/tuxing.html?ak=2ef521ec36290baed33d66de9b16f625&backurl=http%3A%2F%2Ftieba.baidu.com%2Ff%2Fsearch%2Fres%3Fisnew%3D1%26kw%3D%26qw%3D%25E7%25BC%2585%25E7%2594%25B8%25E9%25A6%2596%25E4%25B8%25AA%25E7%2599%25BE%25E5%2585%2586%25E7%2593%25A6%25E7%25BA%25A7%25E5%2585%2589%25E4%25BC%258F%25E9%25A1%25B9%25E7%259B%25AE%25E7%25BE%25A4%25E5%2585%25A8%25E9%259D%25A2%25E5%25BC%2580%25E5%25B7%25A5%25E5%25BB%25BA%25E8%25AE%25BE%26rn%3D10%26un%3D%26only_thread%3D0%26sm%3D1%26sd%3D%26ed%3D%26pn%3D13&timestamp=1653053200&signature=bb3b83091b2c89dcec063f8048400c82 (Caused by SSLError(SSLError(1, '[SSL: SSLV3_ALERT_HANDSHAKE_FAILURE] sslv3 alert handshake failure (_ssl.c:1131)')))
Traceback (most recent call last):

  File "/home/chase/.local/lib/python3.8/site-packages/urllib3/connectionpool.py", line 699, in urlopen
    httplib_response = self._make_request(
                       │    └ <function HTTPConnectionPool._make_request at 0x7fc85c430c10>
                       └ <urllib3.connectionpool.HTTPSConnectionPool object at 0x7fc5dc4c3670>
  File "/home/chase/.local/lib/python3.8/site-packages/urllib3/connectionpool.py", line 382, in _make_request
    self._validate_conn(conn)
    │    │              └ <urllib3.connection.HTTPSConnection object at 0x7fc6bc32f0d0>
    │    └ <function HTTPSConnectionPool._validate_conn at 0x7fc85c431160>
    └ <urllib3.connectionpool.HTTPSConnectionPool object at 0x7fc5dc4c3670>
  File "/home/chase/.local/lib/python3.8/site-packages/urllib3/connectionpool.py", line 1010, in _validate_conn
    conn.connect()
    │    └ <function HTTPSConnection.connect at 0x7fc85c41f820>
    └ <urllib3.connection.HTTPSConnection object at 0x7fc6bc32f0d0>
  File "/home/chase/.local/lib/python3.8/site-packages/urllib3/connection.py", line 416, in connect
    self.sock = ssl_wrap_socket(
    │    │      └ <function ssl_wrap_socket at 0x7fc85c498550>
    │    └ None
    └ <urllib3.connection.HTTPSConnection object at 0x7fc6bc32f0d0>
  File "/home/chase/.local/lib/python3.8/site-packages/urllib3/util/ssl_.py", line 449, in ssl_wrap_socket
    ssl_sock = _ssl_wrap_socket_impl(
               └ <function _ssl_wrap_socket_impl at 0x7fc85c498700>
  File "/home/chase/.local/lib/python3.8/site-packages/urllib3/util/ssl_.py", line 493, in _ssl_wrap_socket_impl
    return ssl_context.wrap_socket(sock, server_hostname=server_hostname)
           │           │           │                     └ 'wappass.baidu.com'
           │           │           └ <socket.socket [closed] fd=-1, family=AddressFamily.AF_INET, type=SocketKind.SOCK_STREAM, proto=6>
           │           └ <function SSLContext.wrap_socket at 0x7fc87d372dc0>
           └ <ssl.SSLContext object at 0x7fc560b21ac0>
  File "/usr/lib/python3.8/ssl.py", line 500, in wrap_socket
    return self.sslsocket_class._create(
           │    │               └ <classmethod object at 0x7fc87d375ac0>
           │    └ <class 'ssl.SSLSocket'>
           └ <ssl.SSLContext object at 0x7fc560b21ac0>
  File "/usr/lib/python3.8/ssl.py", line 1040, in _create
    self.do_handshake()
    │    └ <function SSLSocket.do_handshake at 0x7fc87d37aca0>
    └ <ssl.SSLSocket [closed] fd=-1, family=AddressFamily.AF_INET, type=SocketKind.SOCK_STREAM, proto=6>
  File "/usr/lib/python3.8/ssl.py", line 1309, in do_handshake
    self._sslobj.do_handshake()
    │    └ None
    └ <ssl.SSLSocket [closed] fd=-1, family=AddressFamily.AF_INET, type=SocketKind.SOCK_STREAM, proto=6>

ssl.SSLError: [SSL: SSLV3_ALERT_HANDSHAKE_FAILURE] sslv3 alert handshake failure (_ssl.c:1131)


During handling of the above exception, another exception occurred:


Traceback (most recent call last):

  File "/home/chase/.local/lib/python3.8/site-packages/requests/adapters.py", line 439, in send
    resp = conn.urlopen(
           │    └ <function HTTPConnectionPool.urlopen at 0x7fc85c430e50>
           └ <urllib3.connectionpool.HTTPSConnectionPool object at 0x7fc5dc4c3670>
  File "/home/chase/.local/lib/python3.8/site-packages/urllib3/connectionpool.py", line 755, in urlopen
    retries = retries.increment(
              │       └ <function Retry.increment at 0x7fc85c4721f0>
              └ Retry(total=0, connect=None, read=False, redirect=None, status=None)
  File "/home/chase/.local/lib/python3.8/site-packages/urllib3/util/retry.py", line 574, in increment
    raise MaxRetryError(_pool, url, error or ResponseError(cause))
          │             │      │    │        │             └ 'unknown'
          │             │      │    │        └ <class 'urllib3.exceptions.ResponseError'>
          │             │      │    └ SSLError(SSLError(1, '[SSL: SSLV3_ALERT_HANDSHAKE_FAILURE] sslv3 alert handshake failure (_ssl.c:1131)'))
          │             │      └ '/static/captcha/tuxing.html?ak=2ef521ec36290baed33d66de9b16f625&backurl=http%3A%2F%2Ftieba.baidu.com%2Ff%2Fsearch%2Fres%3Fis...
          │             └ <urllib3.connectionpool.HTTPSConnectionPool object at 0x7fc5dc4c3670>
          └ <class 'urllib3.exceptions.MaxRetryError'>

urllib3.exceptions.MaxRetryError: HTTPSConnectionPool(host='wappass.baidu.com', port=443): Max retries exceeded with url: /static/captcha/tuxing.html?ak=2ef521ec36290baed33d66de9b16f625&backurl=http%3A%2F%2Ftieba.baidu.com%2Ff%2Fsearch%2Fres%3Fisnew%3D1%26kw%3D%26qw%3D%25E7%25BC%2585%25E7%2594%25B8%25E9%25A6%2596%25E4%25B8%25AA%25E7%2599%25BE%25E5%2585%2586%25E7%2593%25A6%25E7%25BA%25A7%25E5%2585%2589%25E4%25BC%258F%25E9%25A1%25B9%25E7%259B%25AE%25E7%25BE%25A4%25E5%2585%25A8%25E9%259D%25A2%25E5%25BC%2580%25E5%25B7%25A5%25E5%25BB%25BA%25E8%25AE%25BE%26rn%3D10%26un%3D%26only_thread%3D0%26sm%3D1%26sd%3D%26ed%3D%26pn%3D13&timestamp=1653053200&signature=bb3b83091b2c89dcec063f8048400c82 (Caused by SSLError(SSLError(1, '[SSL: SSLV3_ALERT_HANDSHAKE_FAILURE] sslv3 alert handshake failure (_ssl.c:1131)')))


During handling of the above exception, another exception occurred:


Traceback (most recent call last):

  File "/usr/lib/python3.8/threading.py", line 890, in _bootstrap
    self._bootstrap_inner()
    │    └ <function Thread._bootstrap_inner at 0x7fc8803d4a60>
    └ <Thread(Thread-261, started daemon 140487834986240)>
  File "/usr/lib/python3.8/threading.py", line 932, in _bootstrap_inner
    self.run()
    │    └ <function Thread.run at 0x7fc8803d4790>
    └ <Thread(Thread-261, started daemon 140487834986240)>
  File "/usr/lib/python3.8/threading.py", line 870, in run
    self._target(*self._args, **self._kwargs)
    │    │        │    │        │    └ {}
    │    │        │    │        └ <Thread(Thread-261, started daemon 140487834986240)>
    │    │        │    └ ('ProjectManager.run_func_by_thread',)
    │    │        └ <Thread(Thread-261, started daemon 140487834986240)>
    │    └ <bound method ProjectManager.get_request_from_keywords_hot of <monitor.projectManager.ProjectManager object at 0x7fc8575c82e0>>
    └ <Thread(Thread-261, started daemon 140487834986240)>

  File "/home/users/Scy/yuqing/spider/monitor/projectManager.py", line 805, in get_request_from_keywords_hot
    self.search_spider_manager.crawl_by_keyword(
    │    │                     └ <function SearchSpidersManager.crawl_by_keyword at 0x7fc8544bbee0>
    │    └ <monitor.spiderManager.SearchSpidersManager object at 0x7fc8540ce580>
    └ <monitor.projectManager.ProjectManager object at 0x7fc8575c82e0>

  File "/home/users/Scy/yuqing/spider/monitor/spiderManager.py", line 118, in crawl_by_keyword
    self.crawl_by_keyword_signal_platform(project_names, platform, keyword, crawl_time, project_times)
    │    │                                │              │         │        │           └ {'default': <monitor.TimeSection object at 0x7fc854204f70>, 'test': <monitor.TimeSection object at 0x7fc8541a3bb0>}
    │    │                                │              │         │        └ <monitor.TimeSection object at 0x7fc6fc7b3df0>
    │    │                                │              │         └ '缅甸首个百兆瓦级光伏项目群全面开工建设'
    │    │                                │              └ '贴吧'
    │    │                                └ ['default']
    │    └ <function SearchSpidersManager.crawl_by_keyword_signal_platform at 0x7fc8544bd040>
    └ <monitor.spiderManager.SearchSpidersManager object at 0x7fc8540ce580>

  File "/home/users/Scy/yuqing/spider/monitor/spiderManager.py", line 150, in crawl_by_keyword_signal_platform
    requests = self.get_request_from_keyword(platform, keyword_only, **crawl_time.to_dict())
               │    │                        │         │               │          └ <function TimeSection.to_dict at 0x7fc85e7cf9d0>
               │    │                        │         │               └ <monitor.TimeSection object at 0x7fc6fc7b3df0>
               │    │                        │         └ '缅甸首个百兆瓦级光伏项目群全面开工建设'
               │    │                        └ '贴吧'
               │    └ <function SearchSpidersManager.get_request_from_keyword at 0x7fc8544bd160>
               └ <monitor.spiderManager.SearchSpidersManager object at 0x7fc8540ce580>

  File "/home/users/Scy/yuqing/spider/monitor/spiderManager.py", line 214, in get_request_from_keyword
    for request in self.spiders[platform].get_request_from_keyword(headers, search_url, keyword, content_url,
                   │    │       │                                  │        │           │        └ None
                   │    │       │                                  │        │           └ '缅甸首个百兆瓦级光伏项目群全面开工建设'
                   │    │       │                                  │        └ <string.Template object at 0x7fc71c2312e0>
                   │    │       │                                  └ {'Connection': 'keep-alive', 'sec-ch-ua': "'Chromium';v='92',' Not A;Brand';v='99', 'Google Chrome';v='92'", 'sec-ch-ua-mobil...
                   │    │       └ '贴吧'
                   │    └ {'凤凰网': <monitor.searchSpiders.ifeng.Ifeng object at 0x7fc8540ce610>, '头条': <monitor.searchSpiders.toutiao.Toutiao object at ...
                   └ <monitor.spiderManager.SearchSpidersManager object at 0x7fc8540ce580>

> File "/home/users/Scy/yuqing/spider/monitor/searchSpiders/tieba.py", line 22, in get_request_from_keyword
    response = requests.get(url, headers=headers, timeout=50)
               │        │   │            └ {'Connection': 'keep-alive', 'sec-ch-ua': "'Chromium';v='92',' Not A;Brand';v='99', 'Google Chrome';v='92'", 'sec-ch-ua-mobil...
               │        │   └ 'https://tieba.baidu.com/f/search/res?isnew=1&kw=&qw=缅甸首个百兆瓦级光伏项目群全面开工建设&rn=10&un=&only_thread=0&sm=1&sd=&ed=&pn=13'
               │        └ <function get at 0x7fc85c2a83a0>
               └ <module 'requests' from '/home/chase/.local/lib/python3.8/site-packages/requests/__init__.py'>

  File "/home/chase/.local/lib/python3.8/site-packages/requests/api.py", line 75, in get
    return request('get', url, params=params, **kwargs)
           │              │           │         └ {'headers': {'Connection': 'keep-alive', 'sec-ch-ua': "'Chromium';v='92',' Not A;Brand';v='99', 'Google Chrome';v='92'", 'sec...
           │              │           └ None
           │              └ 'https://tieba.baidu.com/f/search/res?isnew=1&kw=&qw=缅甸首个百兆瓦级光伏项目群全面开工建设&rn=10&un=&only_thread=0&sm=1&sd=&ed=&pn=13'
           └ <function request at 0x7fc85c29b1f0>
  File "/home/chase/.local/lib/python3.8/site-packages/requests/api.py", line 61, in request
    return session.request(method=method, url=url, **kwargs)
           │       │              │           │      └ {'params': None, 'headers': {'Connection': 'keep-alive', 'sec-ch-ua': "'Chromium';v='92',' Not A;Brand';v='99', 'Google Chrom...
           │       │              │           └ 'https://tieba.baidu.com/f/search/res?isnew=1&kw=&qw=缅甸首个百兆瓦级光伏项目群全面开工建设&rn=10&un=&only_thread=0&sm=1&sd=&ed=&pn=13'
           │       │              └ 'get'
           │       └ <function Session.request at 0x7fc85c2b0af0>
           └ <requests.sessions.Session object at 0x7fc5fc49d910>
  File "/home/chase/.local/lib/python3.8/site-packages/requests/sessions.py", line 542, in request
    resp = self.send(prep, **send_kwargs)
           │    │    │       └ {'timeout': 50, 'allow_redirects': True, 'verify': True, 'proxies': OrderedDict(), 'stream': False, 'cert': None}
           │    │    └ <PreparedRequest [GET]>
           │    └ <function Session.send at 0x7fc85c2b0f70>
           └ <requests.sessions.Session object at 0x7fc5fc49d910>
  File "/home/chase/.local/lib/python3.8/site-packages/requests/sessions.py", line 677, in send
    history = [resp for resp in gen]
                                └ <generator object SessionRedirectMixin.resolve_redirects at 0x7fc69c66b660>
  File "/home/chase/.local/lib/python3.8/site-packages/requests/sessions.py", line 677, in <listcomp>
    history = [resp for resp in gen]
  File "/home/chase/.local/lib/python3.8/site-packages/requests/sessions.py", line 237, in resolve_redirects
    resp = self.send(
           │    └ <function Session.send at 0x7fc85c2b0f70>
           └ <requests.sessions.Session object at 0x7fc5fc49d910>
  File "/home/chase/.local/lib/python3.8/site-packages/requests/sessions.py", line 655, in send
    r = adapter.send(request, **kwargs)
        │       │    │          └ {'stream': False, 'timeout': 50, 'verify': True, 'cert': None, 'proxies': OrderedDict()}
        │       │    └ <PreparedRequest [GET]>
        │       └ <function HTTPAdapter.send at 0x7fc85c2b0430>
        └ <requests.adapters.HTTPAdapter object at 0x7fc65c573400>
  File "/home/chase/.local/lib/python3.8/site-packages/requests/adapters.py", line 514, in send
    raise SSLError(e, request=request)
          │                   └ <PreparedRequest [GET]>
          └ <class 'requests.exceptions.SSLError'>

requests.exceptions.SSLError: HTTPSConnectionPool(host='wappass.baidu.com', port=443): Max retries exceeded with url: /static/captcha/tuxing.html?ak=2ef521ec36290baed33d66de9b16f625&backurl=http%3A%2F%2Ftieba.baidu.com%2Ff%2Fsearch%2Fres%3Fisnew%3D1%26kw%3D%26qw%3D%25E7%25BC%2585%25E7%2594%25B8%25E9%25A6%2596%25E4%25B8%25AA%25E7%2599%25BE%25E5%2585%2586%25E7%2593%25A6%25E7%25BA%25A7%25E5%2585%2589%25E4%25BC%258F%25E9%25A1%25B9%25E7%259B%25AE%25E7%25BE%25A4%25E5%2585%25A8%25E9%259D%25A2%25E5%25BC%2580%25E5%25B7%25A5%25E5%25BB%25BA%25E8%25AE%25BE%26rn%3D10%26un%3D%26only_thread%3D0%26sm%3D1%26sd%3D%26ed%3D%26pn%3D13&timestamp=1653053200&signature=bb3b83091b2c89dcec063f8048400c82 (Caused by SSLError(SSLError(1, '[SSL: SSLV3_ALERT_HANDSHAKE_FAILURE] sslv3 alert handshake failure (_ssl.c:1131)')))
