2022-05-06 17:31:48.599 | ERROR    | monitor.searchSpiders.people:get_request_from_keyword:45 - E 人民网错误HTTPConnectionPool(host='search.people.cn', port=80): Max retries exceeded with url: /search-platform/front/search (Caused by NewConnectionError('<urllib3.connection.HTTPConnection object at 0x7fc873c7a250>: Failed to establish a new connection: [Errno 111] Connection refused'))
Traceback (most recent call last):

  File "/home/chase/.local/lib/python3.8/site-packages/urllib3/connection.py", line 174, in _new_conn
    conn = connection.create_connection(
           │          └ <function create_connection at 0x7fcb23698280>
           └ <module 'urllib3.util.connection' from '/home/chase/.local/lib/python3.8/site-packages/urllib3/util/connection.py'>
  File "/home/chase/.local/lib/python3.8/site-packages/urllib3/util/connection.py", line 96, in create_connection
    raise err
          └ ConnectionRefusedError(111, 'Connection refused')
  File "/home/chase/.local/lib/python3.8/site-packages/urllib3/util/connection.py", line 86, in create_connection
    sock.connect(sa)
    │            └ ('1.31.128.250', 80)
    └ None

ConnectionRefusedError: [Errno 111] Connection refused


During handling of the above exception, another exception occurred:


Traceback (most recent call last):

  File "/home/chase/.local/lib/python3.8/site-packages/urllib3/connectionpool.py", line 699, in urlopen
    httplib_response = self._make_request(
                       │    └ <function HTTPConnectionPool._make_request at 0x7fcb236a6670>
                       └ <urllib3.connectionpool.HTTPConnectionPool object at 0x7fc85b6a1640>
  File "/home/chase/.local/lib/python3.8/site-packages/urllib3/connectionpool.py", line 394, in _make_request
    conn.request(method, url, **httplib_request_kw)
    │    │       │       │      └ {'body': b'{"key": "\\u9a6c\\u62c9\\u5580\\u4ec0\\u6761\\u7ea6\\u5bf9\\u6211\\u56fd\\u751f\\u6548", "page": 1, "limit": 10, "...
    │    │       │       └ '/search-platform/front/search'
    │    │       └ 'POST'
    │    └ <function HTTPConnection.request at 0x7fcb2364e040>
    └ <urllib3.connection.HTTPConnection object at 0x7fc873c7a250>
  File "/home/chase/.local/lib/python3.8/site-packages/urllib3/connection.py", line 239, in request
    super(HTTPConnection, self).request(method, url, body=body, headers=headers)
          │               │             │       │         │             └ {'User-Agent': 'Mozilla/5.0 (Windows NT 10.0; Win64; x64) AppleWebKit/537.36 (KHTML, like Gecko) Chrome/100.0.4896.127 Safari...
          │               │             │       │         └ b'{"key": "\\u9a6c\\u62c9\\u5580\\u4ec0\\u6761\\u7ea6\\u5bf9\\u6211\\u56fd\\u751f\\u6548", "page": 1, "limit": 10, "hasTitle"...
          │               │             │       └ '/search-platform/front/search'
          │               │             └ 'POST'
          │               └ <urllib3.connection.HTTPConnection object at 0x7fc873c7a250>
          └ <class 'urllib3.connection.HTTPConnection'>
  File "/usr/lib/python3.8/http/client.py", line 1256, in request
    self._send_request(method, url, body, headers, encode_chunked)
    │    │             │       │    │     │        └ False
    │    │             │       │    │     └ {'User-Agent': 'Mozilla/5.0 (Windows NT 10.0; Win64; x64) AppleWebKit/537.36 (KHTML, like Gecko) Chrome/100.0.4896.127 Safari...
    │    │             │       │    └ b'{"key": "\\u9a6c\\u62c9\\u5580\\u4ec0\\u6761\\u7ea6\\u5bf9\\u6211\\u56fd\\u751f\\u6548", "page": 1, "limit": 10, "hasTitle"...
    │    │             │       └ '/search-platform/front/search'
    │    │             └ 'POST'
    │    └ <function HTTPConnection._send_request at 0x7fcb38ef2280>
    └ <urllib3.connection.HTTPConnection object at 0x7fc873c7a250>
  File "/usr/lib/python3.8/http/client.py", line 1302, in _send_request
    self.endheaders(body, encode_chunked=encode_chunked)
    │    │          │                    └ False
    │    │          └ b'{"key": "\\u9a6c\\u62c9\\u5580\\u4ec0\\u6761\\u7ea6\\u5bf9\\u6211\\u56fd\\u751f\\u6548", "page": 1, "limit": 10, "hasTitle"...
    │    └ <function HTTPConnection.endheaders at 0x7fcb38ef2160>
    └ <urllib3.connection.HTTPConnection object at 0x7fc873c7a250>
  File "/usr/lib/python3.8/http/client.py", line 1251, in endheaders
    self._send_output(message_body, encode_chunked=encode_chunked)
    │    │            │                            └ False
    │    │            └ b'{"key": "\\u9a6c\\u62c9\\u5580\\u4ec0\\u6761\\u7ea6\\u5bf9\\u6211\\u56fd\\u751f\\u6548", "page": 1, "limit": 10, "hasTitle"...
    │    └ <function HTTPConnection._send_output at 0x7fcb38f59d30>
    └ <urllib3.connection.HTTPConnection object at 0x7fc873c7a250>
  File "/usr/lib/python3.8/http/client.py", line 1011, in _send_output
    self.send(msg)
    │    │    └ b'POST /search-platform/front/search HTTP/1.1\r\nHost: search.people.cn\r\nUser-Agent: Mozilla/5.0 (Windows NT 10.0; Win64; x...
    │    └ <function HTTPConnection.send at 0x7fcb38f59b80>
    └ <urllib3.connection.HTTPConnection object at 0x7fc873c7a250>
  File "/usr/lib/python3.8/http/client.py", line 951, in send
    self.connect()
    │    └ <function HTTPConnection.connect at 0x7fcb2364ce50>
    └ <urllib3.connection.HTTPConnection object at 0x7fc873c7a250>
  File "/home/chase/.local/lib/python3.8/site-packages/urllib3/connection.py", line 205, in connect
    conn = self._new_conn()
           │    └ <function HTTPConnection._new_conn at 0x7fcb2364cca0>
           └ <urllib3.connection.HTTPConnection object at 0x7fc873c7a250>
  File "/home/chase/.local/lib/python3.8/site-packages/urllib3/connection.py", line 186, in _new_conn
    raise NewConnectionError(
          └ <class 'urllib3.exceptions.NewConnectionError'>

urllib3.exceptions.NewConnectionError: <urllib3.connection.HTTPConnection object at 0x7fc873c7a250>: Failed to establish a new connection: [Errno 111] Connection refused


During handling of the above exception, another exception occurred:


Traceback (most recent call last):

  File "/home/chase/.local/lib/python3.8/site-packages/requests/adapters.py", line 439, in send
    resp = conn.urlopen(
           │    └ <function HTTPConnectionPool.urlopen at 0x7fcb236a68b0>
           └ <urllib3.connectionpool.HTTPConnectionPool object at 0x7fc85b6a1640>
  File "/home/chase/.local/lib/python3.8/site-packages/urllib3/connectionpool.py", line 755, in urlopen
    retries = retries.increment(
              │       └ <function Retry.increment at 0x7fcb236a2c10>
              └ Retry(total=0, connect=None, read=False, redirect=None, status=None)
  File "/home/chase/.local/lib/python3.8/site-packages/urllib3/util/retry.py", line 574, in increment
    raise MaxRetryError(_pool, url, error or ResponseError(cause))
          │             │      │    │        │             └ 'unknown'
          │             │      │    │        └ <class 'urllib3.exceptions.ResponseError'>
          │             │      │    └ NewConnectionError('<urllib3.connection.HTTPConnection object at 0x7fc873c7a250>: Failed to establish a new connection: [Errn...
          │             │      └ '/search-platform/front/search'
          │             └ <urllib3.connectionpool.HTTPConnectionPool object at 0x7fc85b6a1640>
          └ <class 'urllib3.exceptions.MaxRetryError'>

urllib3.exceptions.MaxRetryError: HTTPConnectionPool(host='search.people.cn', port=80): Max retries exceeded with url: /search-platform/front/search (Caused by NewConnectionError('<urllib3.connection.HTTPConnection object at 0x7fc873c7a250>: Failed to establish a new connection: [Errno 111] Connection refused'))


During handling of the above exception, another exception occurred:


Traceback (most recent call last):

  File "/usr/lib/python3.8/threading.py", line 890, in _bootstrap
    self._bootstrap_inner()
    │    └ <function Thread._bootstrap_inner at 0x7fcb496b6a60>
    └ <Thread(Thread-215, started daemon 140502590543616)>
  File "/usr/lib/python3.8/threading.py", line 932, in _bootstrap_inner
    self.run()
    │    └ <function Thread.run at 0x7fcb496b6790>
    └ <Thread(Thread-215, started daemon 140502590543616)>
  File "/usr/lib/python3.8/threading.py", line 870, in run
    self._target(*self._args, **self._kwargs)
    │    │        │    │        │    └ {}
    │    │        │    │        └ <Thread(Thread-215, started daemon 140502590543616)>
    │    │        │    └ ('ProjectManager.run_func_by_thread',)
    │    │        └ <Thread(Thread-215, started daemon 140502590543616)>
    │    └ <bound method ProjectManager.get_request_from_keywords_hot of <monitor.projectManager.ProjectManager object at 0x7fca31ba5190>>
    └ <Thread(Thread-215, started daemon 140502590543616)>

  File "/home/users/Scy/yuqing/spider/monitor/projectManager.py", line 781, in get_request_from_keywords_hot
    self.search_spider_manager.crawl_by_keyword(
    │    │                     └ <function SearchSpidersManager.crawl_by_keyword at 0x7fca31ba7dc0>
    │    └ <monitor.spiderManager.SearchSpidersManager object at 0x7fca317b5880>
    └ <monitor.projectManager.ProjectManager object at 0x7fca31ba5190>

  File "/home/users/Scy/yuqing/spider/monitor/spiderManager.py", line 118, in crawl_by_keyword
    self.crawl_by_keyword_signal_platform(project_names, platform, keyword, crawl_time, project_times)
    │    │                                │              │         │        │           └ {'default': <monitor.TimeSection object at 0x7fca318b4460>}
    │    │                                │              │         │        └ <monitor.TimeSection object at 0x7fc9dc742820>
    │    │                                │              │         └ '马拉喀什条约对我国生效'
    │    │                                │              └ '人民网'
    │    │                                └ ['default']
    │    └ <function SearchSpidersManager.crawl_by_keyword_signal_platform at 0x7fca31ba7e50>
    └ <monitor.spiderManager.SearchSpidersManager object at 0x7fca317b5880>

  File "/home/users/Scy/yuqing/spider/monitor/spiderManager.py", line 135, in crawl_by_keyword_signal_platform
    requests = self.get_request_from_keyword(platform, keyword, **crawl_time.to_dict())
               │    │                        │         │          │          └ <function TimeSection.to_dict at 0x7fcb29b4a550>
               │    │                        │         │          └ <monitor.TimeSection object at 0x7fc9dc742820>
               │    │                        │         └ '马拉喀什条约对我国生效'
               │    │                        └ '人民网'
               │    └ <function SearchSpidersManager.get_request_from_keyword at 0x7fca31ba7f70>
               └ <monitor.spiderManager.SearchSpidersManager object at 0x7fca317b5880>

  File "/home/users/Scy/yuqing/spider/monitor/spiderManager.py", line 192, in get_request_from_keyword
    for request in self.spiders[platform].get_request_from_keyword(headers, search_url, keyword, content_url,
                   │    │       │                                  │        │           │        └ <string.Template object at 0x7fc8ca1a7a00>
                   │    │       │                                  │        │           └ '马拉喀什条约对我国生效'
                   │    │       │                                  │        └ <string.Template object at 0x7fc9c467cfa0>
                   │    │       │                                  └ {'Accept': 'application/json, text/plain, */*', 'Accept-Language': 'zh-CN,zh;q=0.9', 'Connection': 'keep-alive', 'Origin': 'h...
                   │    │       └ '人民网'
                   │    └ {'凤凰网': <monitor.searchSpiders.ifeng.Ifeng object at 0x7fca317b5610>, '头条': <monitor.searchSpiders.toutiao.Toutiao object at ...
                   └ <monitor.spiderManager.SearchSpidersManager object at 0x7fca317b5880>

> File "/home/users/Scy/yuqing/spider/monitor/searchSpiders/people.py", line 27, in get_request_from_keyword
    response = requests.post(search_url.substitute(), json=data, headers=headers)
               │        │    │          │                  │             └ {'Accept': 'application/json, text/plain, */*', 'Accept-Language': 'zh-CN,zh;q=0.9', 'Connection': 'keep-alive', 'Origin': 'h...
               │        │    │          │                  └ {'key': '马拉喀什条约对我国生效', 'page': 1, 'limit': 10, 'hasTitle': True, 'hasContent': True, 'isFuzzy': True, 'type': 0, 'sortType': ...
               │        │    │          └ <function Template.substitute at 0x7fcb4969f0d0>
               │        │    └ <string.Template object at 0x7fc9c467cfa0>
               │        └ <function post at 0x7fcb23482430>
               └ <module 'requests' from '/home/chase/.local/lib/python3.8/site-packages/requests/__init__.py'>

  File "/home/chase/.local/lib/python3.8/site-packages/requests/api.py", line 117, in post
    return request('post', url, data=data, json=json, **kwargs)
           │               │         │          │       └ {'headers': {'Accept': 'application/json, text/plain, */*', 'Accept-Language': 'zh-CN,zh;q=0.9', 'Connection': 'keep-alive', ...
           │               │         │          └ {'key': '马拉喀什条约对我国生效', 'page': 1, 'limit': 10, 'hasTitle': True, 'hasContent': True, 'isFuzzy': True, 'type': 0, 'sortType': ...
           │               │         └ None
           │               └ 'http://search.people.cn/search-platform/front/search'
           └ <function request at 0x7fcb234ee0d0>
  File "/home/chase/.local/lib/python3.8/site-packages/requests/api.py", line 61, in request
    return session.request(method=method, url=url, **kwargs)
           │       │              │           │      └ {'data': None, 'json': {'key': '马拉喀什条约对我国生效', 'page': 1, 'limit': 10, 'hasTitle': True, 'hasContent': True, 'isFuzzy': True, ...
           │       │              │           └ 'http://search.people.cn/search-platform/front/search'
           │       │              └ 'post'
           │       └ <function Session.request at 0x7fcb234809d0>
           └ <requests.sessions.Session object at 0x7fc8731223d0>
  File "/home/chase/.local/lib/python3.8/site-packages/requests/sessions.py", line 542, in request
    resp = self.send(prep, **send_kwargs)
           │    │    │       └ {'timeout': None, 'allow_redirects': True, 'verify': True, 'proxies': OrderedDict(), 'stream': False, 'cert': None}
           │    │    └ <PreparedRequest [POST]>
           │    └ <function Session.send at 0x7fcb23480e50>
           └ <requests.sessions.Session object at 0x7fc8731223d0>
  File "/home/chase/.local/lib/python3.8/site-packages/requests/sessions.py", line 655, in send
    r = adapter.send(request, **kwargs)
        │       │    │          └ {'timeout': None, 'verify': True, 'proxies': OrderedDict(), 'stream': False, 'cert': None}
        │       │    └ <PreparedRequest [POST]>
        │       └ <function HTTPAdapter.send at 0x7fcb23480310>
        └ <requests.adapters.HTTPAdapter object at 0x7fc84392af10>
  File "/home/chase/.local/lib/python3.8/site-packages/requests/adapters.py", line 516, in send
    raise ConnectionError(e, request=request)
          │                          └ <PreparedRequest [POST]>
          └ <class 'requests.exceptions.ConnectionError'>

requests.exceptions.ConnectionError: HTTPConnectionPool(host='search.people.cn', port=80): Max retries exceeded with url: /search-platform/front/search (Caused by NewConnectionError('<urllib3.connection.HTTPConnection object at 0x7fc873c7a250>: Failed to establish a new connection: [Errno 111] Connection refused'))
2022-05-06 17:31:58.275 | ERROR    | monitor.searchSpiders.people:get_request_from_keyword:45 - E 人民网错误HTTPConnectionPool(host='search.people.cn', port=80): Max retries exceeded with url: /search-platform/front/search (Caused by NewConnectionError('<urllib3.connection.HTTPConnection object at 0x7fc83d964d90>: Failed to establish a new connection: [Errno 111] Connection refused'))
Traceback (most recent call last):

  File "/home/chase/.local/lib/python3.8/site-packages/urllib3/connection.py", line 174, in _new_conn
    conn = connection.create_connection(
           │          └ <function create_connection at 0x7fcb23698280>
           └ <module 'urllib3.util.connection' from '/home/chase/.local/lib/python3.8/site-packages/urllib3/util/connection.py'>
  File "/home/chase/.local/lib/python3.8/site-packages/urllib3/util/connection.py", line 96, in create_connection
    raise err
          └ ConnectionRefusedError(111, 'Connection refused')
  File "/home/chase/.local/lib/python3.8/site-packages/urllib3/util/connection.py", line 86, in create_connection
    sock.connect(sa)
    │            └ ('1.31.128.250', 80)
    └ None

ConnectionRefusedError: [Errno 111] Connection refused


During handling of the above exception, another exception occurred:


Traceback (most recent call last):

  File "/home/chase/.local/lib/python3.8/site-packages/urllib3/connectionpool.py", line 699, in urlopen
    httplib_response = self._make_request(
                       │    └ <function HTTPConnectionPool._make_request at 0x7fcb236a6670>
                       └ <urllib3.connectionpool.HTTPConnectionPool object at 0x7fc83d964640>
  File "/home/chase/.local/lib/python3.8/site-packages/urllib3/connectionpool.py", line 394, in _make_request
    conn.request(method, url, **httplib_request_kw)
    │    │       │       │      └ {'body': b'{"key": "\\u201c\\u7ee7\\u7eed\\u52a0\\u5927\\u5728\\u4e2d\\u56fd\\u7684\\u6295\\u8d44\\u201d\\uff08\\u89c1\\u8bc1...
    │    │       │       └ '/search-platform/front/search'
    │    │       └ 'POST'
    │    └ <function HTTPConnection.request at 0x7fcb2364e040>
    └ <urllib3.connection.HTTPConnection object at 0x7fc83d964d90>
  File "/home/chase/.local/lib/python3.8/site-packages/urllib3/connection.py", line 239, in request
    super(HTTPConnection, self).request(method, url, body=body, headers=headers)
          │               │             │       │         │             └ {'User-Agent': 'Mozilla/5.0 (Windows NT 10.0; Win64; x64) AppleWebKit/537.36 (KHTML, like Gecko) Chrome/100.0.4896.127 Safari...
          │               │             │       │         └ b'{"key": "\\u201c\\u7ee7\\u7eed\\u52a0\\u5927\\u5728\\u4e2d\\u56fd\\u7684\\u6295\\u8d44\\u201d\\uff08\\u89c1\\u8bc1\\u00b7\\...
          │               │             │       └ '/search-platform/front/search'
          │               │             └ 'POST'
          │               └ <urllib3.connection.HTTPConnection object at 0x7fc83d964d90>
          └ <class 'urllib3.connection.HTTPConnection'>
  File "/usr/lib/python3.8/http/client.py", line 1256, in request
    self._send_request(method, url, body, headers, encode_chunked)
    │    │             │       │    │     │        └ False
    │    │             │       │    │     └ {'User-Agent': 'Mozilla/5.0 (Windows NT 10.0; Win64; x64) AppleWebKit/537.36 (KHTML, like Gecko) Chrome/100.0.4896.127 Safari...
    │    │             │       │    └ b'{"key": "\\u201c\\u7ee7\\u7eed\\u52a0\\u5927\\u5728\\u4e2d\\u56fd\\u7684\\u6295\\u8d44\\u201d\\uff08\\u89c1\\u8bc1\\u00b7\\...
    │    │             │       └ '/search-platform/front/search'
    │    │             └ 'POST'
    │    └ <function HTTPConnection._send_request at 0x7fcb38ef2280>
    └ <urllib3.connection.HTTPConnection object at 0x7fc83d964d90>
  File "/usr/lib/python3.8/http/client.py", line 1302, in _send_request
    self.endheaders(body, encode_chunked=encode_chunked)
    │    │          │                    └ False
    │    │          └ b'{"key": "\\u201c\\u7ee7\\u7eed\\u52a0\\u5927\\u5728\\u4e2d\\u56fd\\u7684\\u6295\\u8d44\\u201d\\uff08\\u89c1\\u8bc1\\u00b7\\...
    │    └ <function HTTPConnection.endheaders at 0x7fcb38ef2160>
    └ <urllib3.connection.HTTPConnection object at 0x7fc83d964d90>
  File "/usr/lib/python3.8/http/client.py", line 1251, in endheaders
    self._send_output(message_body, encode_chunked=encode_chunked)
    │    │            │                            └ False
    │    │            └ b'{"key": "\\u201c\\u7ee7\\u7eed\\u52a0\\u5927\\u5728\\u4e2d\\u56fd\\u7684\\u6295\\u8d44\\u201d\\uff08\\u89c1\\u8bc1\\u00b7\\...
    │    └ <function HTTPConnection._send_output at 0x7fcb38f59d30>
    └ <urllib3.connection.HTTPConnection object at 0x7fc83d964d90>
  File "/usr/lib/python3.8/http/client.py", line 1011, in _send_output
    self.send(msg)
    │    │    └ b'POST /search-platform/front/search HTTP/1.1\r\nHost: search.people.cn\r\nUser-Agent: Mozilla/5.0 (Windows NT 10.0; Win64; x...
    │    └ <function HTTPConnection.send at 0x7fcb38f59b80>
    └ <urllib3.connection.HTTPConnection object at 0x7fc83d964d90>
  File "/usr/lib/python3.8/http/client.py", line 951, in send
    self.connect()
    │    └ <function HTTPConnection.connect at 0x7fcb2364ce50>
    └ <urllib3.connection.HTTPConnection object at 0x7fc83d964d90>
  File "/home/chase/.local/lib/python3.8/site-packages/urllib3/connection.py", line 205, in connect
    conn = self._new_conn()
           │    └ <function HTTPConnection._new_conn at 0x7fcb2364cca0>
           └ <urllib3.connection.HTTPConnection object at 0x7fc83d964d90>
  File "/home/chase/.local/lib/python3.8/site-packages/urllib3/connection.py", line 186, in _new_conn
    raise NewConnectionError(
          └ <class 'urllib3.exceptions.NewConnectionError'>

urllib3.exceptions.NewConnectionError: <urllib3.connection.HTTPConnection object at 0x7fc83d964d90>: Failed to establish a new connection: [Errno 111] Connection refused


During handling of the above exception, another exception occurred:


Traceback (most recent call last):

  File "/home/chase/.local/lib/python3.8/site-packages/requests/adapters.py", line 439, in send
    resp = conn.urlopen(
           │    └ <function HTTPConnectionPool.urlopen at 0x7fcb236a68b0>
           └ <urllib3.connectionpool.HTTPConnectionPool object at 0x7fc83d964640>
  File "/home/chase/.local/lib/python3.8/site-packages/urllib3/connectionpool.py", line 755, in urlopen
    retries = retries.increment(
              │       └ <function Retry.increment at 0x7fcb236a2c10>
              └ Retry(total=0, connect=None, read=False, redirect=None, status=None)
  File "/home/chase/.local/lib/python3.8/site-packages/urllib3/util/retry.py", line 574, in increment
    raise MaxRetryError(_pool, url, error or ResponseError(cause))
          │             │      │    │        │             └ 'unknown'
          │             │      │    │        └ <class 'urllib3.exceptions.ResponseError'>
          │             │      │    └ NewConnectionError('<urllib3.connection.HTTPConnection object at 0x7fc83d964d90>: Failed to establish a new connection: [Errn...
          │             │      └ '/search-platform/front/search'
          │             └ <urllib3.connectionpool.HTTPConnectionPool object at 0x7fc83d964640>
          └ <class 'urllib3.exceptions.MaxRetryError'>

urllib3.exceptions.MaxRetryError: HTTPConnectionPool(host='search.people.cn', port=80): Max retries exceeded with url: /search-platform/front/search (Caused by NewConnectionError('<urllib3.connection.HTTPConnection object at 0x7fc83d964d90>: Failed to establish a new connection: [Errno 111] Connection refused'))


During handling of the above exception, another exception occurred:


Traceback (most recent call last):

  File "/usr/lib/python3.8/threading.py", line 890, in _bootstrap
    self._bootstrap_inner()
    │    └ <function Thread._bootstrap_inner at 0x7fcb496b6a60>
    └ <Thread(Thread-395, started daemon 140499419641600)>
  File "/usr/lib/python3.8/threading.py", line 932, in _bootstrap_inner
    self.run()
    │    └ <function Thread.run at 0x7fcb496b6790>
    └ <Thread(Thread-395, started daemon 140499419641600)>
  File "/usr/lib/python3.8/threading.py", line 870, in run
    self._target(*self._args, **self._kwargs)
    │    │        │    │        │    └ {}
    │    │        │    │        └ <Thread(Thread-395, started daemon 140499419641600)>
    │    │        │    └ ('ProjectManager.run_func_by_thread',)
    │    │        └ <Thread(Thread-395, started daemon 140499419641600)>
    │    └ <bound method ProjectManager.get_request_from_keywords_hot of <monitor.projectManager.ProjectManager object at 0x7fca31ba5190>>
    └ <Thread(Thread-395, started daemon 140499419641600)>

  File "/home/users/Scy/yuqing/spider/monitor/projectManager.py", line 781, in get_request_from_keywords_hot
    self.search_spider_manager.crawl_by_keyword(
    │    │                     └ <function SearchSpidersManager.crawl_by_keyword at 0x7fca31ba7dc0>
    │    └ <monitor.spiderManager.SearchSpidersManager object at 0x7fca317b5880>
    └ <monitor.projectManager.ProjectManager object at 0x7fca31ba5190>

  File "/home/users/Scy/yuqing/spider/monitor/spiderManager.py", line 118, in crawl_by_keyword
    self.crawl_by_keyword_signal_platform(project_names, platform, keyword, crawl_time, project_times)
    │    │                                │              │         │        │           └ {'default': <monitor.TimeSection object at 0x7fca318b4460>}
    │    │                                │              │         │        └ <monitor.TimeSection object at 0x7fc9c5cfcee0>
    │    │                                │              │         └ '“继续加大在中国的投资”（见证·中国机遇）'
    │    │                                │              └ '人民网'
    │    │                                └ ['default']
    │    └ <function SearchSpidersManager.crawl_by_keyword_signal_platform at 0x7fca31ba7e50>
    └ <monitor.spiderManager.SearchSpidersManager object at 0x7fca317b5880>

  File "/home/users/Scy/yuqing/spider/monitor/spiderManager.py", line 135, in crawl_by_keyword_signal_platform
    requests = self.get_request_from_keyword(platform, keyword, **crawl_time.to_dict())
               │    │                        │         │          │          └ <function TimeSection.to_dict at 0x7fcb29b4a550>
               │    │                        │         │          └ <monitor.TimeSection object at 0x7fc9c5cfcee0>
               │    │                        │         └ '“继续加大在中国的投资”（见证·中国机遇）'
               │    │                        └ '人民网'
               │    └ <function SearchSpidersManager.get_request_from_keyword at 0x7fca31ba7f70>
               └ <monitor.spiderManager.SearchSpidersManager object at 0x7fca317b5880>

  File "/home/users/Scy/yuqing/spider/monitor/spiderManager.py", line 192, in get_request_from_keyword
    for request in self.spiders[platform].get_request_from_keyword(headers, search_url, keyword, content_url,
                   │    │       │                                  │        │           │        └ <string.Template object at 0x7fc8417e38b0>
                   │    │       │                                  │        │           └ '“继续加大在中国的投资”（见证·中国机遇）'
                   │    │       │                                  │        └ <string.Template object at 0x7fc859c857c0>
                   │    │       │                                  └ {'Accept': 'application/json, text/plain, */*', 'Accept-Language': 'zh-CN,zh;q=0.9', 'Connection': 'keep-alive', 'Origin': 'h...
                   │    │       └ '人民网'
                   │    └ {'凤凰网': <monitor.searchSpiders.ifeng.Ifeng object at 0x7fca317b5610>, '头条': <monitor.searchSpiders.toutiao.Toutiao object at ...
                   └ <monitor.spiderManager.SearchSpidersManager object at 0x7fca317b5880>

> File "/home/users/Scy/yuqing/spider/monitor/searchSpiders/people.py", line 27, in get_request_from_keyword
    response = requests.post(search_url.substitute(), json=data, headers=headers)
               │        │    │          │                  │             └ {'Accept': 'application/json, text/plain, */*', 'Accept-Language': 'zh-CN,zh;q=0.9', 'Connection': 'keep-alive', 'Origin': 'h...
               │        │    │          │                  └ {'key': '“继续加大在中国的投资”（见证·中国机遇）', 'page': 1, 'limit': 10, 'hasTitle': True, 'hasContent': True, 'isFuzzy': True, 'type': 0, 's...
               │        │    │          └ <function Template.substitute at 0x7fcb4969f0d0>
               │        │    └ <string.Template object at 0x7fc859c857c0>
               │        └ <function post at 0x7fcb23482430>
               └ <module 'requests' from '/home/chase/.local/lib/python3.8/site-packages/requests/__init__.py'>

  File "/home/chase/.local/lib/python3.8/site-packages/requests/api.py", line 117, in post
    return request('post', url, data=data, json=json, **kwargs)
           │               │         │          │       └ {'headers': {'Accept': 'application/json, text/plain, */*', 'Accept-Language': 'zh-CN,zh;q=0.9', 'Connection': 'keep-alive', ...
           │               │         │          └ {'key': '“继续加大在中国的投资”（见证·中国机遇）', 'page': 1, 'limit': 10, 'hasTitle': True, 'hasContent': True, 'isFuzzy': True, 'type': 0, 's...
           │               │         └ None
           │               └ 'http://search.people.cn/search-platform/front/search'
           └ <function request at 0x7fcb234ee0d0>
  File "/home/chase/.local/lib/python3.8/site-packages/requests/api.py", line 61, in request
    return session.request(method=method, url=url, **kwargs)
           │       │              │           │      └ {'data': None, 'json': {'key': '“继续加大在中国的投资”（见证·中国机遇）', 'page': 1, 'limit': 10, 'hasTitle': True, 'hasContent': True, 'isFuzz...
           │       │              │           └ 'http://search.people.cn/search-platform/front/search'
           │       │              └ 'post'
           │       └ <function Session.request at 0x7fcb234809d0>
           └ <requests.sessions.Session object at 0x7fc83da36e80>
  File "/home/chase/.local/lib/python3.8/site-packages/requests/sessions.py", line 542, in request
    resp = self.send(prep, **send_kwargs)
           │    │    │       └ {'timeout': None, 'allow_redirects': True, 'verify': True, 'proxies': OrderedDict(), 'stream': False, 'cert': None}
           │    │    └ <PreparedRequest [POST]>
           │    └ <function Session.send at 0x7fcb23480e50>
           └ <requests.sessions.Session object at 0x7fc83da36e80>
  File "/home/chase/.local/lib/python3.8/site-packages/requests/sessions.py", line 655, in send
    r = adapter.send(request, **kwargs)
        │       │    │          └ {'timeout': None, 'verify': True, 'proxies': OrderedDict(), 'stream': False, 'cert': None}
        │       │    └ <PreparedRequest [POST]>
        │       └ <function HTTPAdapter.send at 0x7fcb23480310>
        └ <requests.adapters.HTTPAdapter object at 0x7fc83d964220>
  File "/home/chase/.local/lib/python3.8/site-packages/requests/adapters.py", line 516, in send
    raise ConnectionError(e, request=request)
          │                          └ <PreparedRequest [POST]>
          └ <class 'requests.exceptions.ConnectionError'>

requests.exceptions.ConnectionError: HTTPConnectionPool(host='search.people.cn', port=80): Max retries exceeded with url: /search-platform/front/search (Caused by NewConnectionError('<urllib3.connection.HTTPConnection object at 0x7fc83d964d90>: Failed to establish a new connection: [Errno 111] Connection refused'))
2022-05-06 17:35:59.827 | ERROR    | monitor.searchSpiders.qiushi:get_request_from_keyword:35 - E 求是错误'NoneType' object is not subscriptable
Traceback (most recent call last):

  File "/usr/lib/python3.8/threading.py", line 890, in _bootstrap
    self._bootstrap_inner()
    │    └ <function Thread._bootstrap_inner at 0x7fcb496b6a60>
    └ <Thread(Thread-927, started daemon 140497996191488)>
  File "/usr/lib/python3.8/threading.py", line 932, in _bootstrap_inner
    self.run()
    │    └ <function Thread.run at 0x7fcb496b6790>
    └ <Thread(Thread-927, started daemon 140497996191488)>
  File "/usr/lib/python3.8/threading.py", line 870, in run
    self._target(*self._args, **self._kwargs)
    │    │        │    │        │    └ {}
    │    │        │    │        └ <Thread(Thread-927, started daemon 140497996191488)>
    │    │        │    └ ('ProjectManager.run_func_by_thread',)
    │    │        └ <Thread(Thread-927, started daemon 140497996191488)>
    │    └ <bound method ProjectManager.get_request_from_keywords_hot of <monitor.projectManager.ProjectManager object at 0x7fca31ba5190>>
    └ <Thread(Thread-927, started daemon 140497996191488)>

  File "/home/users/Scy/yuqing/spider/monitor/projectManager.py", line 781, in get_request_from_keywords_hot
    self.search_spider_manager.crawl_by_keyword(
    │    │                     └ <function SearchSpidersManager.crawl_by_keyword at 0x7fca31ba7dc0>
    │    └ <monitor.spiderManager.SearchSpidersManager object at 0x7fca317b5880>
    └ <monitor.projectManager.ProjectManager object at 0x7fca31ba5190>

  File "/home/users/Scy/yuqing/spider/monitor/spiderManager.py", line 118, in crawl_by_keyword
    self.crawl_by_keyword_signal_platform(project_names, platform, keyword, crawl_time, project_times)
    │    │                                │              │         │        │           └ {'default': <monitor.TimeSection object at 0x7fca318b4460>}
    │    │                                │              │         │        └ <monitor.TimeSection object at 0x7fc94c12ebe0>
    │    │                                │              │         └ '“这些‘金句’，都是咱农民心底的故事”'
    │    │                                │              └ '求是'
    │    │                                └ ['default']
    │    └ <function SearchSpidersManager.crawl_by_keyword_signal_platform at 0x7fca31ba7e50>
    └ <monitor.spiderManager.SearchSpidersManager object at 0x7fca317b5880>

  File "/home/users/Scy/yuqing/spider/monitor/spiderManager.py", line 135, in crawl_by_keyword_signal_platform
    requests = self.get_request_from_keyword(platform, keyword, **crawl_time.to_dict())
               │    │                        │         │          │          └ <function TimeSection.to_dict at 0x7fcb29b4a550>
               │    │                        │         │          └ <monitor.TimeSection object at 0x7fc94c12ebe0>
               │    │                        │         └ '“这些‘金句’，都是咱农民心底的故事”'
               │    │                        └ '求是'
               │    └ <function SearchSpidersManager.get_request_from_keyword at 0x7fca31ba7f70>
               └ <monitor.spiderManager.SearchSpidersManager object at 0x7fca317b5880>

  File "/home/users/Scy/yuqing/spider/monitor/spiderManager.py", line 192, in get_request_from_keyword
    for request in self.spiders[platform].get_request_from_keyword(headers, search_url, keyword, content_url,
        │          │    │       │                                  │        │           │        └ <string.Template object at 0x7fc86a06c250>
        │          │    │       │                                  │        │           └ '“这些‘金句’，都是咱农民心底的故事”'
        │          │    │       │                                  │        └ <string.Template object at 0x7fc87db4f790>
        │          │    │       │                                  └ {'Connection': 'keep-alive', 'Cache-Control': 'max-age=0', 'Upgrade-Insecure-Requests': '1', 'User-Agent': 'Mozilla/5.0 (Wind...
        │          │    │       └ '求是'
        │          │    └ {'凤凰网': <monitor.searchSpiders.ifeng.Ifeng object at 0x7fca317b5610>, '头条': <monitor.searchSpiders.toutiao.Toutiao object at ...
        │          └ <monitor.spiderManager.SearchSpidersManager object at 0x7fca317b5880>
        └ <GET http://www.qstheory.cn/laigao/ycjx/2021-06/08/c_1127543317.htm>

> File "/home/users/Scy/yuqing/spider/monitor/searchSpiders/qiushi.py", line 28, in get_request_from_keyword
    for res in json_response['results']:
        │      └ None
        └ {'des': None, 'pubtime': '2021-06-08 17:49:12', 'author': '是说新语', 'sitename': '求是网 ', 'title': "宣言上新：请收下<font color='red'>这些<...

TypeError: 'NoneType' object is not subscriptable
2022-05-06 17:35:59.854 | ERROR    | monitor.searchSpiders.qiushi:get_request_from_keyword:35 - E 求是错误'NoneType' object is not subscriptable
Traceback (most recent call last):

  File "/usr/lib/python3.8/threading.py", line 890, in _bootstrap
    self._bootstrap_inner()
    │    └ <function Thread._bootstrap_inner at 0x7fcb496b6a60>
    └ <Thread(Thread-456, started daemon 140499106883328)>
  File "/usr/lib/python3.8/threading.py", line 932, in _bootstrap_inner
    self.run()
    │    └ <function Thread.run at 0x7fcb496b6790>
    └ <Thread(Thread-456, started daemon 140499106883328)>
  File "/usr/lib/python3.8/threading.py", line 870, in run
    self._target(*self._args, **self._kwargs)
    │    │        │    │        │    └ {}
    │    │        │    │        └ <Thread(Thread-456, started daemon 140499106883328)>
    │    │        │    └ ('ProjectManager.run_func_by_thread',)
    │    │        └ <Thread(Thread-456, started daemon 140499106883328)>
    │    └ <bound method ProjectManager.get_request_from_keywords_hot of <monitor.projectManager.ProjectManager object at 0x7fca31ba5190>>
    └ <Thread(Thread-456, started daemon 140499106883328)>

  File "/home/users/Scy/yuqing/spider/monitor/projectManager.py", line 781, in get_request_from_keywords_hot
    self.search_spider_manager.crawl_by_keyword(
    │    │                     └ <function SearchSpidersManager.crawl_by_keyword at 0x7fca31ba7dc0>
    │    └ <monitor.spiderManager.SearchSpidersManager object at 0x7fca317b5880>
    └ <monitor.projectManager.ProjectManager object at 0x7fca31ba5190>

  File "/home/users/Scy/yuqing/spider/monitor/spiderManager.py", line 118, in crawl_by_keyword
    self.crawl_by_keyword_signal_platform(project_names, platform, keyword, crawl_time, project_times)
    │    │                                │              │         │        │           └ {'default': <monitor.TimeSection object at 0x7fca318b4460>}
    │    │                                │              │         │        └ <monitor.TimeSection object at 0x7fc966401f10>
    │    │                                │              │         └ '“继续加大在中国的投资”（见证·中国机遇）'
    │    │                                │              └ '求是'
    │    │                                └ ['default']
    │    └ <function SearchSpidersManager.crawl_by_keyword_signal_platform at 0x7fca31ba7e50>
    └ <monitor.spiderManager.SearchSpidersManager object at 0x7fca317b5880>

  File "/home/users/Scy/yuqing/spider/monitor/spiderManager.py", line 135, in crawl_by_keyword_signal_platform
    requests = self.get_request_from_keyword(platform, keyword, **crawl_time.to_dict())
               │    │                        │         │          │          └ <function TimeSection.to_dict at 0x7fcb29b4a550>
               │    │                        │         │          └ <monitor.TimeSection object at 0x7fc966401f10>
               │    │                        │         └ '“继续加大在中国的投资”（见证·中国机遇）'
               │    │                        └ '求是'
               │    └ <function SearchSpidersManager.get_request_from_keyword at 0x7fca31ba7f70>
               └ <monitor.spiderManager.SearchSpidersManager object at 0x7fca317b5880>

  File "/home/users/Scy/yuqing/spider/monitor/spiderManager.py", line 192, in get_request_from_keyword
    for request in self.spiders[platform].get_request_from_keyword(headers, search_url, keyword, content_url,
        │          │    │       │                                  │        │           │        └ <string.Template object at 0x7fc966677ca0>
        │          │    │       │                                  │        │           └ '“继续加大在中国的投资”（见证·中国机遇）'
        │          │    │       │                                  │        └ <string.Template object at 0x7fc867031880>
        │          │    │       │                                  └ {'Connection': 'keep-alive', 'Cache-Control': 'max-age=0', 'Upgrade-Insecure-Requests': '1', 'User-Agent': 'Mozilla/5.0 (Wind...
        │          │    │       └ '求是'
        │          │    └ {'凤凰网': <monitor.searchSpiders.ifeng.Ifeng object at 0x7fca317b5610>, '头条': <monitor.searchSpiders.toutiao.Toutiao object at ...
        │          └ <monitor.spiderManager.SearchSpidersManager object at 0x7fca317b5880>
        └ <GET http://www.qstheory.cn/yaowen/2021-11/06/c_1128037948.htm>

> File "/home/users/Scy/yuqing/spider/monitor/searchSpiders/qiushi.py", line 28, in get_request_from_keyword
    for res in json_response['results']:
        │      └ None
        └ {'des': "致以热烈的祝贺，并在第二十二个<font color='red'>中国</font>记者节到来之际，向全国广大新闻工作者致以节日的问候。", 'pubtime': '2021-11-06 15:13:19', 'author': N...

TypeError: 'NoneType' object is not subscriptable
2022-05-06 18:05:46.716 | ERROR    | base.utils.time:people_time_from_url:173 - 【url error】url:http://bbs1.people.com.cn/post/1/1/2/177709456.html
2022-05-06 18:07:13.624 | ERROR    | base.utils.time:people_time_from_url:173 - 【url error】url:http://bbs1.people.com.cn/post/1/1/2/177709456.html
2022-05-06 18:07:13.984 | ERROR    | base.utils.time:people_time_from_url:173 - 【url error】url:http://bbs1.people.com.cn/post/1/1/2/177709456.html
2022-05-06 18:08:59.567 | ERROR    | base.utils.time:people_time_from_url:173 - 【url error】url:http://bbs1.people.com.cn/post/1/1/2/177709456.html
2022-05-06 19:06:26.731 | ERROR    | base.utils.time:people_time_from_url:173 - 【url error】url:http://bbs1.people.com.cn/post/1/1/2/177700197.html
2022-05-06 19:12:59.928 | ERROR    | base.utils.time:people_time_from_url:173 - 【url error】url:http://bbs1.people.com.cn/post/1/1/2/177700197.html
2022-05-06 19:13:10.027 | ERROR    | base.utils.time:people_time_from_url:173 - 【url error】url:http://bbs1.people.com.cn/post/1/1/2/177700197.html
2022-05-06 19:13:37.048 | ERROR    | base.utils.time:people_time_from_url:173 - 【url error】url:http://bbs1.people.com.cn/post/1/1/2/177700197.html
2022-05-06 19:13:45.904 | ERROR    | base.utils.time:people_time_from_url:173 - 【url error】url:http://bbs1.people.com.cn/post/1/1/2/177700197.html
2022-05-06 19:14:16.565 | ERROR    | base.utils.time:people_time_from_url:173 - 【url error】url:http://bbs1.people.com.cn/post/1/1/2/177700197.html
2022-05-06 19:14:24.213 | ERROR    | base.utils.time:people_time_from_url:173 - 【url error】url:http://bbs1.people.com.cn/post/1/1/2/177700197.html
2022-05-06 19:14:46.596 | ERROR    | base.utils.time:people_time_from_url:173 - 【url error】url:http://bbs1.people.com.cn/post/1/1/2/177700197.html
2022-05-06 19:14:54.993 | ERROR    | base.utils.time:people_time_from_url:173 - 【url error】url:http://bbs1.people.com.cn/post/1/1/2/177700197.html
2022-05-06 19:15:09.089 | ERROR    | base.utils.time:people_time_from_url:173 - 【url error】url:http://bbs1.people.com.cn/post/1/1/2/177700197.html
2022-05-06 19:15:15.104 | ERROR    | base.utils.time:people_time_from_url:173 - 【url error】url:http://bbs1.people.com.cn/post/1/1/2/177700197.html
2022-05-06 19:15:36.102 | ERROR    | base.utils.time:people_time_from_url:173 - 【url error】url:http://bbs1.people.com.cn/post/1/1/2/177700197.html
2022-05-06 19:15:42.047 | ERROR    | base.utils.time:people_time_from_url:173 - 【url error】url:http://bbs1.people.com.cn/post/1/1/2/177700197.html
2022-05-06 19:15:42.419 | ERROR    | base.utils.time:people_time_from_url:173 - 【url error】url:http://bbs1.people.com.cn/post/1/1/2/177700197.html
2022-05-06 19:15:59.811 | ERROR    | base.utils.time:people_time_from_url:173 - 【url error】url:http://bbs1.people.com.cn/post/1/1/2/177700197.html
2022-05-06 19:16:25.427 | ERROR    | base.utils.time:people_time_from_url:173 - 【url error】url:http://bbs1.people.com.cn/post/1/1/2/177700197.html
2022-05-06 19:16:55.793 | ERROR    | base.utils.time:people_time_from_url:173 - 【url error】url:http://bbs1.people.com.cn/post/1/1/2/177707472.html
2022-05-06 19:18:18.980 | ERROR    | base.utils.time:people_time_from_url:173 - 【url error】url:http://bbs1.people.com.cn/post/1/1/2/177707472.html
2022-05-06 19:18:25.465 | ERROR    | base.utils.time:people_time_from_url:173 - 【url error】url:http://bbs1.people.com.cn/post/1/1/2/177707472.html
2022-05-06 19:18:58.767 | ERROR    | base.utils.time:people_time_from_url:173 - 【url error】url:http://bbs1.people.com.cn/post/1/1/2/177707472.html
2022-05-06 19:20:38.707 | ERROR    | base.utils.time:people_time_from_url:173 - 【url error】url:http://bbs1.people.com.cn/post/1/1/2/177707472.html
2022-05-06 19:22:32.820 | ERROR    | base.utils.time:people_time_from_url:173 - 【url error】url:http://bbs1.people.com.cn/post/1/1/2/177707472.html
2022-05-06 19:39:54.090 | ERROR    | base.utils.time:people_time_from_url:173 - 【url error】url:http://bbs1.people.com.cn/post/1/1/2/177699106.html
2022-05-06 19:40:13.652 | ERROR    | base.utils.time:people_time_from_url:173 - 【url error】url:http://bbs1.people.com.cn/post/1/1/2/177699106.html
2022-05-06 19:46:16.672 | ERROR    | base.utils.time:people_time_from_url:173 - 【url error】url:http://bbs1.people.com.cn/post/1/1/2/177699106.html
2022-05-06 19:46:40.888 | ERROR    | base.utils.time:people_time_from_url:173 - 【url error】url:http://bbs1.people.com.cn/post/1/1/2/177699106.html
2022-05-06 19:48:22.440 | ERROR    | base.utils.time:people_time_from_url:173 - 【url error】url:http://bbs1.people.com.cn/post/1/1/2/177699106.html
2022-05-06 19:50:10.760 | ERROR    | base.utils.time:people_time_from_url:173 - 【url error】url:http://bbs1.people.com.cn/post/1/1/2/177699106.html
2022-05-06 19:50:23.379 | ERROR    | base.utils.time:people_time_from_url:173 - 【url error】url:http://bbs1.people.com.cn/post/1/1/2/177699106.html
2022-05-06 19:51:00.580 | ERROR    | base.utils.time:people_time_from_url:173 - 【url error】url:http://bbs1.people.com.cn/post/1/1/2/177699106.html
2022-05-06 19:52:13.431 | ERROR    | base.utils.time:people_time_from_url:173 - 【url error】url:http://bbs1.people.com.cn/post/1/1/2/177699106.html
2022-05-06 19:52:14.292 | ERROR    | base.utils.time:people_time_from_url:173 - 【url error】url:http://bbs1.people.com.cn/post/1/1/2/177699106.html
2022-05-06 19:52:14.892 | ERROR    | base.utils.time:people_time_from_url:173 - 【url error】url:http://bbs1.people.com.cn/post/1/1/2/177699106.html
2022-05-06 19:52:31.028 | ERROR    | base.utils.time:people_time_from_url:173 - 【url error】url:http://bbs1.people.com.cn/post/1/1/2/177699106.html
2022-05-06 19:52:59.640 | ERROR    | base.utils.time:people_time_from_url:173 - 【url error】url:http://bbs1.people.com.cn/post/1/1/2/177699106.html
2022-05-06 19:53:58.700 | ERROR    | base.utils.time:people_time_from_url:173 - 【url error】url:http://bbs1.people.com.cn/post/1/1/2/177699106.html
2022-05-06 19:54:11.364 | ERROR    | base.utils.time:people_time_from_url:173 - 【url error】url:http://bbs1.people.com.cn/post/1/1/2/177699106.html
2022-05-06 19:54:14.225 | ERROR    | base.utils.time:people_time_from_url:173 - 【url error】url:http://bbs1.people.com.cn/post/1/1/2/177699106.html
2022-05-06 19:54:20.253 | ERROR    | base.utils.time:people_time_from_url:173 - 【url error】url:http://bbs1.people.com.cn/post/1/1/2/177699106.html
2022-05-06 19:54:40.976 | ERROR    | base.utils.time:people_time_from_url:173 - 【url error】url:http://bbs1.people.com.cn/post/1/1/2/177699106.html
2022-05-06 19:54:53.574 | ERROR    | base.utils.time:people_time_from_url:173 - 【url error】url:http://bbs1.people.com.cn/post/1/1/2/177699106.html
2022-05-06 19:54:58.528 | ERROR    | base.utils.time:people_time_from_url:173 - 【url error】url:http://bbs1.people.com.cn/post/1/1/2/177699106.html
2022-05-06 19:55:01.668 | ERROR    | base.utils.time:people_time_from_url:173 - 【url error】url:http://bbs1.people.com.cn/post/1/1/2/177699106.html
2022-05-06 19:55:05.496 | ERROR    | base.utils.time:people_time_from_url:173 - 【url error】url:http://bbs1.people.com.cn/post/1/1/2/177699106.html
2022-05-06 19:55:06.675 | ERROR    | base.utils.time:people_time_from_url:173 - 【url error】url:http://bbs1.people.com.cn/post/1/1/2/177699106.html
2022-05-06 19:55:15.227 | ERROR    | base.utils.time:people_time_from_url:173 - 【url error】url:http://bbs1.people.com.cn/post/1/1/2/177699106.html
2022-05-06 19:55:18.936 | ERROR    | base.utils.time:people_time_from_url:173 - 【url error】url:http://bbs1.people.com.cn/post/1/1/2/177699106.html
2022-05-06 19:55:21.440 | ERROR    | base.utils.time:people_time_from_url:173 - 【url error】url:http://bbs1.people.com.cn/post/1/1/2/177699106.html
2022-05-06 19:55:46.984 | ERROR    | base.utils.time:people_time_from_url:173 - 【url error】url:http://bbs1.people.com.cn/post/1/1/2/177699106.html
2022-05-06 20:13:06.143 | ERROR    | base.utils.time:people_time_from_url:173 - 【url error】url:http://bbs1.people.com.cn/post/1/1/2/177696681.html
2022-05-06 20:13:41.075 | ERROR    | base.utils.time:people_time_from_url:173 - 【url error】url:http://bbs1.people.com.cn/post/1/1/2/177696681.html
2022-05-06 20:13:48.556 | ERROR    | base.utils.time:people_time_from_url:173 - 【url error】url:http://bbs1.people.com.cn/post/1/1/2/177696681.html
2022-05-06 20:18:57.806 | ERROR    | base.utils.time:people_time_from_url:173 - 【url error】url:http://bbs1.people.com.cn/post/1/1/2/177696681.html
2022-05-06 20:18:57.996 | ERROR    | base.utils.time:people_time_from_url:173 - 【url error】url:http://bbs1.people.com.cn/post/1/1/2/177696681.html
2022-05-06 20:19:11.752 | ERROR    | base.utils.time:people_time_from_url:173 - 【url error】url:http://bbs1.people.com.cn/post/1/1/2/177696681.html
2022-05-06 20:20:32.427 | ERROR    | base.utils.time:people_time_from_url:173 - 【url error】url:http://bbs1.people.com.cn/post/1/1/2/177696681.html
2022-05-06 20:20:36.793 | ERROR    | base.utils.time:people_time_from_url:173 - 【url error】url:http://bbs1.people.com.cn/post/1/1/2/177696681.html
2022-05-06 20:20:40.611 | ERROR    | base.utils.time:people_time_from_url:173 - 【url error】url:http://bbs1.people.com.cn/post/1/1/2/177696681.html
2022-05-06 20:20:58.580 | ERROR    | base.utils.time:people_time_from_url:173 - 【url error】url:http://bbs1.people.com.cn/post/1/1/2/177696681.html
2022-05-06 20:21:00.876 | ERROR    | base.utils.time:people_time_from_url:173 - 【url error】url:http://bbs1.people.com.cn/post/1/1/2/177696681.html
2022-05-06 20:21:00.969 | ERROR    | base.utils.time:people_time_from_url:173 - 【url error】url:http://bbs1.people.com.cn/post/1/1/2/177696681.html
2022-05-06 20:21:03.907 | ERROR    | base.utils.time:people_time_from_url:173 - 【url error】url:http://bbs1.people.com.cn/post/1/1/2/177696681.html
