2022-07-11 15:28:15.833 | INFO     | monitor.projectManager:check_project_in_device:381 - {'180.201.163.246': ['eWuChongTu', 'anBeiJinSan', 'default']}
2022-07-11 15:28:18.249 | INFO     | monitor.projectManager:check_project_in_device:381 - {'180.201.163.246': ['default']}
2022-07-11 15:28:19.808 | INFO     | monitor.projectManager:save_stopwords_to_redis:607 - redis 初始化停用词
2022-07-11 15:28:28.879 | INFO     | monitor.projectManager:save_config:723 - 保存配置成功
2022-07-11 15:28:38.879 | INFO     | monitor.projectManager:save_config:723 - 保存配置成功
2022-07-11 15:28:48.879 | INFO     | monitor.projectManager:save_config:723 - 保存配置成功
2022-07-11 15:28:58.879 | INFO     | monitor.projectManager:save_config:723 - 保存配置成功
2022-07-11 15:29:08.962 | INFO     | monitor.projectManager:save_config:723 - 保存配置成功
2022-07-11 15:29:18.879 | INFO     | monitor.projectManager:save_config:723 - 保存配置成功
2022-07-11 15:29:28.879 | INFO     | monitor.projectManager:save_config:723 - 保存配置成功
2022-07-11 15:29:38.879 | INFO     | monitor.projectManager:save_config:723 - 保存配置成功
2022-07-11 15:29:48.879 | INFO     | monitor.projectManager:save_config:723 - 保存配置成功
2022-07-11 15:29:58.879 | INFO     | monitor.projectManager:save_config:723 - 保存配置成功
2022-07-11 15:30:08.879 | INFO     | monitor.projectManager:save_config:723 - 保存配置成功
2022-07-11 15:30:18.879 | INFO     | monitor.projectManager:save_config:723 - 保存配置成功
2022-07-11 15:30:28.879 | INFO     | monitor.projectManager:save_config:723 - 保存配置成功
2022-07-11 15:30:38.879 | INFO     | monitor.projectManager:save_config:723 - 保存配置成功
2022-07-11 15:30:48.879 | INFO     | monitor.projectManager:save_config:723 - 保存配置成功
2022-07-11 15:30:58.879 | INFO     | monitor.projectManager:save_config:723 - 保存配置成功
2022-07-11 15:31:08.879 | INFO     | monitor.projectManager:save_config:723 - 保存配置成功
2022-07-11 15:31:18.879 | INFO     | monitor.projectManager:save_config:723 - 保存配置成功
2022-07-11 15:31:28.879 | INFO     | monitor.projectManager:save_config:723 - 保存配置成功
2022-07-11 15:31:38.923 | INFO     | monitor.projectManager:save_config:723 - 保存配置成功
2022-07-11 15:31:48.879 | INFO     | monitor.projectManager:save_config:723 - 保存配置成功
2022-07-11 15:31:58.879 | INFO     | monitor.projectManager:save_config:723 - 保存配置成功
2022-07-11 15:32:08.879 | INFO     | monitor.projectManager:save_config:723 - 保存配置成功
2022-07-11 15:32:18.879 | INFO     | monitor.projectManager:save_config:723 - 保存配置成功
2022-07-11 15:32:28.879 | INFO     | monitor.projectManager:save_config:723 - 保存配置成功
2022-07-11 15:32:38.879 | INFO     | monitor.projectManager:save_config:723 - 保存配置成功
2022-07-11 15:32:48.879 | INFO     | monitor.projectManager:save_config:723 - 保存配置成功
2022-07-11 15:32:58.879 | INFO     | monitor.projectManager:save_config:723 - 保存配置成功
2022-07-11 15:33:08.879 | INFO     | monitor.projectManager:save_config:723 - 保存配置成功
2022-07-11 15:33:18.879 | INFO     | monitor.projectManager:save_config:723 - 保存配置成功
2022-07-11 15:33:28.879 | INFO     | monitor.projectManager:save_config:723 - 保存配置成功
2022-07-11 15:33:38.879 | INFO     | monitor.projectManager:save_config:723 - 保存配置成功
2022-07-11 15:33:48.879 | INFO     | monitor.projectManager:save_config:723 - 保存配置成功
2022-07-11 15:33:58.879 | INFO     | monitor.projectManager:save_config:723 - 保存配置成功
2022-07-11 15:34:08.879 | INFO     | monitor.projectManager:save_config:723 - 保存配置成功
2022-07-11 15:34:18.932 | INFO     | monitor.projectManager:save_config:723 - 保存配置成功
2022-07-11 15:34:28.879 | INFO     | monitor.projectManager:save_config:723 - 保存配置成功
2022-07-11 15:34:38.879 | INFO     | monitor.projectManager:save_config:723 - 保存配置成功
2022-07-11 15:34:48.996 | INFO     | monitor.projectManager:save_config:723 - 保存配置成功
2022-07-11 15:34:58.879 | INFO     | monitor.projectManager:save_config:723 - 保存配置成功
2022-07-11 15:35:08.879 | INFO     | monitor.projectManager:save_config:723 - 保存配置成功
2022-07-11 15:35:18.879 | INFO     | monitor.projectManager:save_config:723 - 保存配置成功
2022-07-11 15:35:28.879 | INFO     | monitor.projectManager:save_config:723 - 保存配置成功
2022-07-11 15:35:38.879 | INFO     | monitor.projectManager:save_config:723 - 保存配置成功
2022-07-11 15:35:48.879 | INFO     | monitor.projectManager:save_config:723 - 保存配置成功
2022-07-11 15:35:58.879 | INFO     | monitor.projectManager:save_config:723 - 保存配置成功
2022-07-11 15:36:08.879 | INFO     | monitor.projectManager:save_config:723 - 保存配置成功
2022-07-11 15:36:18.879 | INFO     | monitor.projectManager:save_config:723 - 保存配置成功
2022-07-11 15:36:28.879 | INFO     | monitor.projectManager:save_config:723 - 保存配置成功
2022-07-11 15:36:38.879 | INFO     | monitor.projectManager:save_config:723 - 保存配置成功
2022-07-11 15:36:48.879 | INFO     | monitor.projectManager:save_config:723 - 保存配置成功
2022-07-11 15:36:58.879 | INFO     | monitor.projectManager:save_config:723 - 保存配置成功
2022-07-11 15:37:08.879 | INFO     | monitor.projectManager:save_config:723 - 保存配置成功
2022-07-11 15:37:18.879 | INFO     | monitor.projectManager:save_config:723 - 保存配置成功
2022-07-11 15:37:28.879 | INFO     | monitor.projectManager:save_config:723 - 保存配置成功
2022-07-11 15:37:38.879 | INFO     | monitor.projectManager:save_config:723 - 保存配置成功
2022-07-11 15:37:48.879 | INFO     | monitor.projectManager:save_config:723 - 保存配置成功
2022-07-11 15:37:58.879 | INFO     | monitor.projectManager:save_config:723 - 保存配置成功
2022-07-11 15:38:08.879 | INFO     | monitor.projectManager:save_config:723 - 保存配置成功
2022-07-11 15:38:18.879 | INFO     | monitor.projectManager:save_config:723 - 保存配置成功
2022-07-11 15:38:28.889 | INFO     | monitor.projectManager:save_config:723 - 保存配置成功
2022-07-11 15:38:29.969 | INFO     | monitor.titleManager:persist:80 - 人民网 keywords saved to spider:keyword:人民网 ['百日千万网络招聘专项行动发布岗位需求1448万人次', '为世界各国提供更多发展机遇（国际论坛·读懂中国·读懂中…', '警方通报：一男子隔离期间擅自离开房间致多人隔离，刑拘！', '“边防通”登上精武“龙虎榜”', '中巴“海洋卫士-2”海上联合演习开幕', '吉林检察机关依法对傅政华涉嫌受贿、徇私枉法案提起公诉', '打开求职就业的“快速通道”', '国际观察：共创中国与莫桑比克友谊新篇章', '全球网络犯罪急需强化协同打击', '江西“真金白银”助企减负纾困', '文化铸魂，凝聚磅礴精神力量', '第74集团军某旅组织开展战场机动演练', '检察公益诉讼，公共利益“看护人”', '维和官兵操作“雷锋号”进行吊装作业', '德意两国深化防务合作', '在平凡岗位创造不凡业绩', '伊朗原子能组织证实在福尔多核设施使用先进离心机', '老小区焕发新活力', '历久弥坚金不换，继往开来续华章', '密切协同化危局', '南非约翰内斯堡枪击事件致14人死亡9人受伤', '德国联邦议院议员：固守冷战思维滥用制裁只会让局势愈演愈烈', '澳研究人员发现治疗阿尔茨海默病的新靶点', '“大国之翼”鹏程万里', '重庆江津：勇担司法责任 保护长江生态', '泰国孔敬大学孔子学院举办“中文+职业技能”教育中国双高…', '王毅共同主持中印尼高级别对话合作机制第二次会议', '三峡文物“活起来”', '专攻精练锻造“暗夜长剑”', '美国国会参议院多数党领袖和贸易代表确诊感染新冠病毒', '触摸乡村振兴的强劲脉搏', '俯瞰风景如画的贵阳百花湖', '走出一条中国特色公益司法保护之路（新视角）', '“意大利之源——古罗马文明展”举办 黄坤明宣读习近平主…', '对抗演练织密“夜幕天网”', '做“东方好莱坞”的司法守护者', '第73集团军某旅组织海上实弹射击训练', '伊朗铀浓缩技术取得进展', '联合国教科文组织国际自然与文化遗产空间技术中心与世界自…', '中国驻东帝汶大使肖建国和东帝汶总统奥尔塔一同出席中华商…', '中外医生合作完成圭亚那首例乳房再造术', '尼日利亚发生沉船事故至少15人死亡', '哥伦比亚“中国文化周”举办系列活动', '法律界助力共建网络文艺和谐生态', '战场救护上演“生死时速” ', '北京卫戍区某团聚焦战斗力建设深化主题教育', '全球青年多维对话举办“中医文化的现代体验与国际认同”主…', '“坚持以人民为中心的发展观”', '哈萨克斯坦对中国等三国公民实施14天免签政策', '《牛津中国创新手册》新书发布会举行', '外媒曝光美代理人战争计划', '陕西省蓝田县军地联合开展抢险救援演练', '为国际人权事业发展贡献力量', '日本海上力量再添新装备', '独库路上的英雄丰碑', '英国保守党多名要员宣布竞选该党党首', '中国物价延续平稳态势（锐财经）', '守护青少年心理健康', '以高水平首都消防救援工作服务保障经济社会高质量发展', '聚焦问题改学风学研结合谋实策', '两部门联合表彰全军战场环境保障先进单位和先进个人', '“空中医疗队”飞向救护战场', '美高超音速导弹研制欲速不达', '联合国秘书长呼吁在三大领域采取紧急多边行动', '中德建交50周年系列活动在德国北威州掀起热潮', '在指尖上品文化看风景（网上中国）', '甘肃省白银军分区探索思政教育新路径', '中国影视海外传播品牌“China Zone”于巴西开播', '国家防总针对河北等六省份启动防汛四级应急响应', '青海门源：高原油菜花开铺就“金色花海”', '“China Zone”中国影视节目专区在巴西正式开播', '第75集团军某旅着力锻造高素质新型军士人才队伍', '通讯：在重建中焕发生机——探访解放五周年的摩苏尔老城', '《我当代表为人民——人大代表议案建议故事》出版发行', '英国新首相之争拉开帷幕 多人加入角逐', '山西扩大交通运输基础设施有效投资', '驻韩美军行为不端接连发生', '“为全球安全治理提供了重要方案”', '查获假冒“安宫牛黄丸”、肉毒毒素……公安机关依法严厉打击药品领域犯罪活动', '动中抓建，锻造坚强战斗堡垒', '“落后村”成“网红村”', '拉美多国推进新冠疫苗加强针接种', '西部陆海新通道越来越红火', '日本第26届参议院选举开始投票', '习近平同意大利总统马塔雷拉分别向“意大利之源——古罗马…', '公益诉讼有力量', '“美国滥用制裁不是解决世界问题的灵丹妙药”（深度观察）', '陕西山西等地有强降水 四川盆地江南等地有持续性高温', '巴勒斯坦总统同以色列总理近5年来首次通电话', '第71集团军某旅组织战备机动演练', '北约扩军暴露好战本性', '火箭军某部系统推进抓建基层“强基工程”', '欧洲联合研制六代机一波三折', '情法交融 守护花开', '火箭军某部研发装备管理信息系统', '日澳拟开展海上执法培训', '西班牙正式组建空天军', '玉渊谭天丨一个字：乱！ 英国之乱也许只是西方乱局的先兆', '最新动态：俄杜马主席说世界尚未临近“大战”边缘\u3000乌官员…', '养老诈骗套路多，这些骗局须警惕', '驻法国使馆陈力公使出席《世界中医药》杂志法国版创刊仪式', '“看得见、听得到、能思考” “智慧大脑”让电梯运行更安全', '首个政务热线诉求分类地方标准发布', '西藏公路通车里程达12.07万公里', '印尼扩大可再生能源产业投资', '中老铁路让边境城市磨丁充满机遇（海外声音）', '日本参议院选举结果揭晓 执政联盟保持优势地位', '米兰中国文化中心与意大利职业功夫武术协会在米兰签约', '韩国多项措施应对通货膨胀']
2022-07-11 15:38:29.970 | INFO     | monitor.titleManager:persist:80 - 搜狗 keywords saved to spider:keyword:搜狗 ['中国裁军大使强调捍卫多边主义', '混乱分裂且可控的中东更符合美国“私利”', '国内首款!南航设计新型四座飞机首飞', '东方红五号卫星公用平台首飞成功', '跨越“烦心”到“暖心”的距离', '叙利亚政府在叙西北开启人道走廊', '勇挑重担 敢打硬仗', '扎实苦干,用奋斗成就未来', '2月3日一分钟阅尽天下军情', '关键时刻冲得上去 危难关头豁得出来', '南部战区总医院医疗队赴西南边陲巡诊', '法国反恐机构对近日两起袭击事件展开调查', '伊拉克“逐客令”恐难如愿', '美国联邦航空局禁止本国民航客机进入两伊空域', '世界最大海上风场Hornsea One正式投产发电', '娶哪个国家的老婆最便宜?心动就去', '印尼卡丁电厂工程2号机组通过168小时试运行', '壮大发展的力量——再读习近平主席“达沃斯演讲”', '飞行员解答:雪停了,航班为什么还不起飞?', '筹划训练从揭短查弱开始', '英国防大臣提议减少对美军事依赖 做"最坏打算"', '解放军报评论员:不负重托 不辱使命', '天津智造助力实践二十号卫星一飞冲天扫码阅读手机版', '保障“中国号”巨轮行稳致远(新知新觉)', '以色列完成新一代“铁穹”防御系统测试', '长征五号B运载火箭运抵发射场 4月中下旬首飞', '淬火营连“中军帐”', '武警湖北总队举办“阔步强军踏春来”文艺汇演', '远望号测量船队完成2019年度任务凯旋', '李克强会见基里巴斯总统']
2022-07-11 15:38:29.971 | INFO     | monitor.titleManager:persist:80 - 微博 keywords saved to spider:keyword:微博 ['Qeelin品牌代言人刘昊然', '猴痘', '何洛洛知道高考成绩后的反应', '原神', '星汉灿烂 秀人含量', '斯里兰卡国家破产', '林克声优宣布结婚', '成都遮阳伞得换雨伞了', '浴室藏摄像头画面闪过房东半张脸', '王子文喂马被吓到飞起', '成都广播电视台回应谭谈交通下架', '兔唇弟弟捡废品卖钱给姐姐看病', 'wps', '阿富汗一地新增120例霍乱病例', '航拍看大自然的调色盘', '霍乱主要传播途径', '张翰谈到孤独时哭了', '官方通报男孩骑平衡车核酸被拒大闹', '#7月11日是中国航海日#', '豆瓣崩了', '重庆特重等级高温', '孟子义说我的鼻子是真的', '肖战胜诉眼镜店获赔2万', '何幸福跟王庆来什么时候离婚', '罗永浩谈钟薛高卖得贵', '福建一男孩运动后猛喝冰饮去世', '航天员学高数也感叹真不容易啊', '你如何看待张艺谋急售3000万元别墅', '美国已有700多人感染猴痘病毒', 'WPS被曝会删除用户本地文件', '鸭子被鱼吓独自坐电梯回6楼', '给王庆来找活干', '仙剑甄嬛传', '大学生暑假去干啥了', '人生大事票房破12亿', '台湾海峡首艘大型巡航救助船列编', '13岁女孩做根管治疗针管断牙龈里', '四川本周可能热成鸳鸯锅', '梦华录二刷', '管泽元余霜公开撒糖', '未成年人暑假只能周五六日打游戏', '中餐厅6全员郴州录制路透', '武汉大学一例霍乱病例情况', '张晶担任中国短道训练营总顾问', '李斯丹妮教郑秀妍支棱和摆烂', '饭店用袁隆平当店名被责令拆除', '北大已成立专项调查组', '杜撰明星', '临沂5天新增246例阳性感染者', '防暑降温技巧', 'Rookie获得周MVP', '女硕士遭追求者砍杀案二审将于15日开庭']
2022-07-11 15:38:38.879 | INFO     | monitor.projectManager:save_config:723 - 保存配置成功
2022-07-11 15:38:48.879 | INFO     | monitor.projectManager:save_config:723 - 保存配置成功
2022-07-11 15:38:58.879 | INFO     | monitor.projectManager:save_config:723 - 保存配置成功
2022-07-11 15:39:08.879 | INFO     | monitor.projectManager:save_config:723 - 保存配置成功
2022-07-11 15:39:18.879 | INFO     | monitor.projectManager:save_config:723 - 保存配置成功
2022-07-11 15:39:28.879 | INFO     | monitor.projectManager:save_config:723 - 保存配置成功
2022-07-11 15:39:38.879 | INFO     | monitor.projectManager:save_config:723 - 保存配置成功
2022-07-11 15:39:48.879 | INFO     | monitor.projectManager:save_config:723 - 保存配置成功
2022-07-11 15:39:58.879 | INFO     | monitor.projectManager:save_config:723 - 保存配置成功
2022-07-11 15:40:08.879 | INFO     | monitor.projectManager:save_config:723 - 保存配置成功
2022-07-11 15:40:18.916 | INFO     | monitor.projectManager:save_config:723 - 保存配置成功
2022-07-11 15:40:28.879 | INFO     | monitor.projectManager:save_config:723 - 保存配置成功
2022-07-11 15:40:38.879 | INFO     | monitor.projectManager:save_config:723 - 保存配置成功
2022-07-11 15:40:48.879 | INFO     | monitor.projectManager:save_config:723 - 保存配置成功
2022-07-11 15:40:58.879 | INFO     | monitor.projectManager:save_config:723 - 保存配置成功
2022-07-11 15:41:08.880 | INFO     | monitor.projectManager:save_config:723 - 保存配置成功
2022-07-11 15:41:18.879 | INFO     | monitor.projectManager:save_config:723 - 保存配置成功
2022-07-11 15:41:28.879 | INFO     | monitor.projectManager:save_config:723 - 保存配置成功
2022-07-11 15:41:38.879 | INFO     | monitor.projectManager:save_config:723 - 保存配置成功
2022-07-11 15:41:48.879 | INFO     | monitor.projectManager:save_config:723 - 保存配置成功
2022-07-11 15:41:58.879 | INFO     | monitor.projectManager:save_config:723 - 保存配置成功
2022-07-11 15:42:08.879 | INFO     | monitor.projectManager:save_config:723 - 保存配置成功
2022-07-11 15:42:18.879 | INFO     | monitor.projectManager:save_config:723 - 保存配置成功
2022-07-11 15:42:28.879 | INFO     | monitor.projectManager:save_config:723 - 保存配置成功
2022-07-11 15:42:38.879 | INFO     | monitor.projectManager:save_config:723 - 保存配置成功
2022-07-11 15:42:48.879 | INFO     | monitor.projectManager:save_config:723 - 保存配置成功
2022-07-11 15:42:58.879 | INFO     | monitor.projectManager:save_config:723 - 保存配置成功
2022-07-11 15:43:08.879 | INFO     | monitor.projectManager:save_config:723 - 保存配置成功
2022-07-11 15:43:18.879 | INFO     | monitor.projectManager:save_config:723 - 保存配置成功
2022-07-11 15:43:28.879 | INFO     | monitor.projectManager:save_config:723 - 保存配置成功
2022-07-11 15:43:38.879 | INFO     | monitor.projectManager:save_config:723 - 保存配置成功
2022-07-11 15:43:48.879 | INFO     | monitor.projectManager:save_config:723 - 保存配置成功
2022-07-11 15:43:58.879 | INFO     | monitor.projectManager:save_config:723 - 保存配置成功
2022-07-11 15:44:08.879 | INFO     | monitor.projectManager:save_config:723 - 保存配置成功
2022-07-11 15:44:18.879 | INFO     | monitor.projectManager:save_config:723 - 保存配置成功
2022-07-11 15:44:28.879 | INFO     | monitor.projectManager:save_config:723 - 保存配置成功
2022-07-11 15:44:38.879 | INFO     | monitor.projectManager:save_config:723 - 保存配置成功
2022-07-11 15:44:48.879 | INFO     | monitor.projectManager:save_config:723 - 保存配置成功
2022-07-11 15:44:58.879 | INFO     | monitor.projectManager:save_config:723 - 保存配置成功
2022-07-11 15:45:08.879 | INFO     | monitor.projectManager:save_config:723 - 保存配置成功
2022-07-11 15:45:18.880 | INFO     | monitor.projectManager:save_config:723 - 保存配置成功
2022-07-11 15:45:28.879 | INFO     | monitor.projectManager:save_config:723 - 保存配置成功
2022-07-11 15:45:38.879 | INFO     | monitor.projectManager:save_config:723 - 保存配置成功
2022-07-11 15:45:48.879 | INFO     | monitor.projectManager:save_config:723 - 保存配置成功
2022-07-11 15:45:58.879 | INFO     | monitor.projectManager:save_config:723 - 保存配置成功
2022-07-11 15:46:08.879 | INFO     | monitor.projectManager:save_config:723 - 保存配置成功
2022-07-11 15:46:18.879 | INFO     | monitor.projectManager:save_config:723 - 保存配置成功
2022-07-11 15:46:28.879 | INFO     | monitor.projectManager:save_config:723 - 保存配置成功
2022-07-11 15:46:38.879 | INFO     | monitor.projectManager:save_config:723 - 保存配置成功
2022-07-11 15:46:48.879 | INFO     | monitor.projectManager:save_config:723 - 保存配置成功
2022-07-11 15:46:58.879 | INFO     | monitor.projectManager:save_config:723 - 保存配置成功
2022-07-11 15:47:08.879 | INFO     | monitor.projectManager:save_config:723 - 保存配置成功
2022-07-11 15:47:18.879 | INFO     | monitor.projectManager:save_config:723 - 保存配置成功
2022-07-11 15:47:28.879 | INFO     | monitor.projectManager:save_config:723 - 保存配置成功
2022-07-11 15:47:38.879 | INFO     | monitor.projectManager:save_config:723 - 保存配置成功
2022-07-11 15:47:49.003 | INFO     | monitor.projectManager:save_config:723 - 保存配置成功
2022-07-11 15:47:58.879 | INFO     | monitor.projectManager:save_config:723 - 保存配置成功
2022-07-11 15:48:08.879 | INFO     | monitor.projectManager:save_config:723 - 保存配置成功
2022-07-11 15:48:18.879 | INFO     | monitor.projectManager:save_config:723 - 保存配置成功
2022-07-11 15:48:28.879 | INFO     | monitor.projectManager:save_config:723 - 保存配置成功
2022-07-11 15:48:38.880 | INFO     | monitor.projectManager:save_config:723 - 保存配置成功
2022-07-11 15:48:39.823 | INFO     | monitor.titleManager:persist:80 - 人民网 keywords saved to spider:keyword:人民网 ['百日千万网络招聘专项行动发布岗位需求1448万人次', '为世界各国提供更多发展机遇（国际论坛·读懂中国·读懂中…', '警方通报：一男子隔离期间擅自离开房间致多人隔离，刑拘！', '“边防通”登上精武“龙虎榜”', '中巴“海洋卫士-2”海上联合演习开幕', '吉林检察机关依法对傅政华涉嫌受贿、徇私枉法案提起公诉', '打开求职就业的“快速通道”', '国际观察：共创中国与莫桑比克友谊新篇章', '全球网络犯罪急需强化协同打击', '江西“真金白银”助企减负纾困', '文化铸魂，凝聚磅礴精神力量', '第74集团军某旅组织开展战场机动演练', '检察公益诉讼，公共利益“看护人”', '维和官兵操作“雷锋号”进行吊装作业', '德意两国深化防务合作', '在平凡岗位创造不凡业绩', '伊朗原子能组织证实在福尔多核设施使用先进离心机', '老小区焕发新活力', '历久弥坚金不换，继往开来续华章', '密切协同化危局', '南非约翰内斯堡枪击事件致14人死亡9人受伤', '德国联邦议院议员：固守冷战思维滥用制裁只会让局势愈演愈烈', '澳研究人员发现治疗阿尔茨海默病的新靶点', '“大国之翼”鹏程万里', '重庆江津：勇担司法责任 保护长江生态', '泰国孔敬大学孔子学院举办“中文+职业技能”教育中国双高…', '王毅共同主持中印尼高级别对话合作机制第二次会议', '三峡文物“活起来”', '专攻精练锻造“暗夜长剑”', '美国国会参议院多数党领袖和贸易代表确诊感染新冠病毒', '触摸乡村振兴的强劲脉搏', '俯瞰风景如画的贵阳百花湖', '走出一条中国特色公益司法保护之路（新视角）', '“意大利之源——古罗马文明展”举办 黄坤明宣读习近平主…', '对抗演练织密“夜幕天网”', '做“东方好莱坞”的司法守护者', '第73集团军某旅组织海上实弹射击训练', '伊朗铀浓缩技术取得进展', '联合国教科文组织国际自然与文化遗产空间技术中心与世界自…', '中国驻东帝汶大使肖建国和东帝汶总统奥尔塔一同出席中华商…', '中外医生合作完成圭亚那首例乳房再造术', '尼日利亚发生沉船事故至少15人死亡', '哥伦比亚“中国文化周”举办系列活动', '法律界助力共建网络文艺和谐生态', '战场救护上演“生死时速” ', '北京卫戍区某团聚焦战斗力建设深化主题教育', '全球青年多维对话举办“中医文化的现代体验与国际认同”主…', '“坚持以人民为中心的发展观”', '哈萨克斯坦对中国等三国公民实施14天免签政策', '《牛津中国创新手册》新书发布会举行', '外媒曝光美代理人战争计划', '陕西省蓝田县军地联合开展抢险救援演练', '为国际人权事业发展贡献力量', '日本海上力量再添新装备', '独库路上的英雄丰碑', '英国保守党多名要员宣布竞选该党党首', '中国物价延续平稳态势（锐财经）', '守护青少年心理健康', '以高水平首都消防救援工作服务保障经济社会高质量发展', '聚焦问题改学风学研结合谋实策', '两部门联合表彰全军战场环境保障先进单位和先进个人', '“空中医疗队”飞向救护战场', '美高超音速导弹研制欲速不达', '联合国秘书长呼吁在三大领域采取紧急多边行动', '中德建交50周年系列活动在德国北威州掀起热潮', '在指尖上品文化看风景（网上中国）', '甘肃省白银军分区探索思政教育新路径', '中国影视海外传播品牌“China Zone”于巴西开播', '国家防总针对河北等六省份启动防汛四级应急响应', '青海门源：高原油菜花开铺就“金色花海”', '“China Zone”中国影视节目专区在巴西正式开播', '第75集团军某旅着力锻造高素质新型军士人才队伍', '通讯：在重建中焕发生机——探访解放五周年的摩苏尔老城', '《我当代表为人民——人大代表议案建议故事》出版发行', '英国新首相之争拉开帷幕 多人加入角逐', '山西扩大交通运输基础设施有效投资', '驻韩美军行为不端接连发生', '“为全球安全治理提供了重要方案”', '查获假冒“安宫牛黄丸”、肉毒毒素……公安机关依法严厉打击药品领域犯罪活动', '动中抓建，锻造坚强战斗堡垒', '“落后村”成“网红村”', '拉美多国推进新冠疫苗加强针接种', '西部陆海新通道越来越红火', '日本第26届参议院选举开始投票', '习近平同意大利总统马塔雷拉分别向“意大利之源——古罗马…', '公益诉讼有力量', '“美国滥用制裁不是解决世界问题的灵丹妙药”（深度观察）', '陕西山西等地有强降水 四川盆地江南等地有持续性高温', '巴勒斯坦总统同以色列总理近5年来首次通电话', '第71集团军某旅组织战备机动演练', '北约扩军暴露好战本性', '火箭军某部系统推进抓建基层“强基工程”', '欧洲联合研制六代机一波三折', '情法交融 守护花开', '火箭军某部研发装备管理信息系统', '日澳拟开展海上执法培训', '西班牙正式组建空天军', '玉渊谭天丨一个字：乱！ 英国之乱也许只是西方乱局的先兆', '最新动态：俄杜马主席说世界尚未临近“大战”边缘\u3000乌官员…', '养老诈骗套路多，这些骗局须警惕', '驻法国使馆陈力公使出席《世界中医药》杂志法国版创刊仪式', '“看得见、听得到、能思考” “智慧大脑”让电梯运行更安全', '首个政务热线诉求分类地方标准发布', '西藏公路通车里程达12.07万公里', '印尼扩大可再生能源产业投资', '中老铁路让边境城市磨丁充满机遇（海外声音）', '日本参议院选举结果揭晓 执政联盟保持优势地位', '米兰中国文化中心与意大利职业功夫武术协会在米兰签约', '韩国多项措施应对通货膨胀']
2022-07-11 15:48:39.823 | INFO     | monitor.titleManager:persist:80 - 搜狗 keywords saved to spider:keyword:搜狗 ['中国裁军大使强调捍卫多边主义', '混乱分裂且可控的中东更符合美国“私利”', '国内首款!南航设计新型四座飞机首飞', '东方红五号卫星公用平台首飞成功', '跨越“烦心”到“暖心”的距离', '叙利亚政府在叙西北开启人道走廊', '勇挑重担 敢打硬仗', '扎实苦干,用奋斗成就未来', '2月3日一分钟阅尽天下军情', '关键时刻冲得上去 危难关头豁得出来', '南部战区总医院医疗队赴西南边陲巡诊', '法国反恐机构对近日两起袭击事件展开调查', '伊拉克“逐客令”恐难如愿', '美国联邦航空局禁止本国民航客机进入两伊空域', '世界最大海上风场Hornsea One正式投产发电', '娶哪个国家的老婆最便宜?心动就去', '印尼卡丁电厂工程2号机组通过168小时试运行', '壮大发展的力量——再读习近平主席“达沃斯演讲”', '飞行员解答:雪停了,航班为什么还不起飞?', '筹划训练从揭短查弱开始', '英国防大臣提议减少对美军事依赖 做"最坏打算"', '解放军报评论员:不负重托 不辱使命', '天津智造助力实践二十号卫星一飞冲天扫码阅读手机版', '保障“中国号”巨轮行稳致远(新知新觉)', '以色列完成新一代“铁穹”防御系统测试', '长征五号B运载火箭运抵发射场 4月中下旬首飞', '淬火营连“中军帐”', '武警湖北总队举办“阔步强军踏春来”文艺汇演', '远望号测量船队完成2019年度任务凯旋', '李克强会见基里巴斯总统']
2022-07-11 15:48:39.824 | INFO     | monitor.titleManager:persist:80 - 微博 keywords saved to spider:keyword:微博 ['猴痘', '何洛洛知道高考成绩后的反应', '原神', '星汉灿烂 秀人含量', '斯里兰卡国家破产', '林克声优宣布结婚', '浴室藏摄像头画面闪过房东半张脸', '成都广播电视台回应谭谈交通下架', '兔唇弟弟捡废品卖钱给姐姐看病', '阿富汗一地新增120例霍乱病例', '李莎旻子吉他上有声生不息全员签名', '航拍看大自然的调色盘', '霍乱主要传播途径', '张翰谈到孤独时哭了', '官方通报男孩骑平衡车核酸被拒大闹', '#7月11日是中国航海日#', '原神至冬', '豆瓣崩了', '重庆特重等级高温', '孟子义说我的鼻子是真的', '肖战胜诉眼镜店获赔2万', '何幸福跟王庆来什么时候离婚', '罗永浩谈钟薛高卖得贵', '福建一男孩运动后猛喝冰饮去世', '空间站国旗与地球同框', '航天员学高数也感叹真不容易啊', '你如何看待张艺谋急售3000万元别墅', '美国已有700多人感染猴痘病毒', 'WPS被曝会删除用户本地文件', '鸭子被鱼吓独自坐电梯回6楼', '给王庆来找活干', '微博上线雪糕刺客表情', '仙剑甄嬛传', '大学生暑假去干啥了', '人生大事票房破12亿', '台湾海峡首艘大型巡航救助船列编', '13岁女孩做根管治疗针管断牙龈里', '梦华录二刷', '12只奶凶红腿小隼树枝上排排站', '管泽元余霜公开撒糖', '未成年人暑假只能周五六日打游戏', '中餐厅6全员郴州录制路透', '武汉大学一例霍乱病例情况', '张晶担任中国短道训练营总顾问', '李斯丹妮教郑秀妍支棱和摆烂', '饭店用袁隆平当店名被责令拆除', '北大已成立专项调查组', '杜撰明星', '临沂5天新增246例阳性感染者', 'Rookie获得周MVP', '女硕士遭追求者砍杀案二审将于15日开庭']
2022-07-11 15:48:48.879 | INFO     | monitor.projectManager:save_config:723 - 保存配置成功
2022-07-11 15:48:58.879 | INFO     | monitor.projectManager:save_config:723 - 保存配置成功
2022-07-11 15:49:08.879 | INFO     | monitor.projectManager:save_config:723 - 保存配置成功
2022-07-11 15:49:18.879 | INFO     | monitor.projectManager:save_config:723 - 保存配置成功
2022-07-11 15:49:28.879 | INFO     | monitor.projectManager:save_config:723 - 保存配置成功
2022-07-11 15:49:38.879 | INFO     | monitor.projectManager:save_config:723 - 保存配置成功
2022-07-11 15:49:48.879 | INFO     | monitor.projectManager:save_config:723 - 保存配置成功
2022-07-11 15:49:58.879 | INFO     | monitor.projectManager:save_config:723 - 保存配置成功
2022-07-11 15:50:08.879 | INFO     | monitor.projectManager:save_config:723 - 保存配置成功
2022-07-11 15:50:18.879 | INFO     | monitor.projectManager:save_config:723 - 保存配置成功
2022-07-11 15:50:28.879 | INFO     | monitor.projectManager:save_config:723 - 保存配置成功
2022-07-11 15:50:38.879 | INFO     | monitor.projectManager:save_config:723 - 保存配置成功
2022-07-11 15:50:48.879 | INFO     | monitor.projectManager:save_config:723 - 保存配置成功
2022-07-11 15:50:58.879 | INFO     | monitor.projectManager:save_config:723 - 保存配置成功
2022-07-11 15:51:08.879 | INFO     | monitor.projectManager:save_config:723 - 保存配置成功
2022-07-11 15:51:18.879 | INFO     | monitor.projectManager:save_config:723 - 保存配置成功
2022-07-11 15:51:28.879 | INFO     | monitor.projectManager:save_config:723 - 保存配置成功
2022-07-11 15:51:38.879 | INFO     | monitor.projectManager:save_config:723 - 保存配置成功
2022-07-11 15:51:48.879 | INFO     | monitor.projectManager:save_config:723 - 保存配置成功
2022-07-11 15:51:58.879 | INFO     | monitor.projectManager:save_config:723 - 保存配置成功
2022-07-11 15:52:08.879 | INFO     | monitor.projectManager:save_config:723 - 保存配置成功
2022-07-11 15:52:18.879 | INFO     | monitor.projectManager:save_config:723 - 保存配置成功
2022-07-11 15:52:28.879 | INFO     | monitor.projectManager:save_config:723 - 保存配置成功
2022-07-11 15:52:38.879 | INFO     | monitor.projectManager:save_config:723 - 保存配置成功
2022-07-11 15:52:48.879 | INFO     | monitor.projectManager:save_config:723 - 保存配置成功
2022-07-11 15:52:58.879 | INFO     | monitor.projectManager:save_config:723 - 保存配置成功
2022-07-11 15:53:08.879 | INFO     | monitor.projectManager:save_config:723 - 保存配置成功
2022-07-11 15:53:18.879 | INFO     | monitor.projectManager:save_config:723 - 保存配置成功
2022-07-11 15:53:28.879 | INFO     | monitor.projectManager:save_config:723 - 保存配置成功
2022-07-11 15:53:38.879 | INFO     | monitor.projectManager:save_config:723 - 保存配置成功
2022-07-11 15:53:48.879 | INFO     | monitor.projectManager:save_config:723 - 保存配置成功
2022-07-11 15:53:58.879 | INFO     | monitor.projectManager:save_config:723 - 保存配置成功
2022-07-11 15:54:08.879 | INFO     | monitor.projectManager:save_config:723 - 保存配置成功
2022-07-11 15:54:18.879 | INFO     | monitor.projectManager:save_config:723 - 保存配置成功
2022-07-11 15:54:28.879 | INFO     | monitor.projectManager:save_config:723 - 保存配置成功
2022-07-11 15:54:38.879 | INFO     | monitor.projectManager:save_config:723 - 保存配置成功
2022-07-11 15:54:48.879 | INFO     | monitor.projectManager:save_config:723 - 保存配置成功
2022-07-11 15:54:58.879 | INFO     | monitor.projectManager:save_config:723 - 保存配置成功
2022-07-11 15:55:08.879 | INFO     | monitor.projectManager:save_config:723 - 保存配置成功
2022-07-11 15:55:18.879 | INFO     | monitor.projectManager:save_config:723 - 保存配置成功
2022-07-11 15:55:28.879 | INFO     | monitor.projectManager:save_config:723 - 保存配置成功
2022-07-11 15:55:38.879 | INFO     | monitor.projectManager:save_config:723 - 保存配置成功
2022-07-11 15:55:48.879 | INFO     | monitor.projectManager:save_config:723 - 保存配置成功
2022-07-11 15:55:58.879 | INFO     | monitor.projectManager:save_config:723 - 保存配置成功
2022-07-11 15:56:08.879 | INFO     | monitor.projectManager:save_config:723 - 保存配置成功
2022-07-11 15:56:18.960 | INFO     | monitor.projectManager:save_config:723 - 保存配置成功
2022-07-11 15:56:28.879 | INFO     | monitor.projectManager:save_config:723 - 保存配置成功
2022-07-11 15:56:39.027 | INFO     | monitor.projectManager:save_config:723 - 保存配置成功
2022-07-11 15:56:48.879 | INFO     | monitor.projectManager:save_config:723 - 保存配置成功
2022-07-11 15:56:58.879 | INFO     | monitor.projectManager:save_config:723 - 保存配置成功
2022-07-11 15:57:08.879 | INFO     | monitor.projectManager:save_config:723 - 保存配置成功
2022-07-11 15:57:18.879 | INFO     | monitor.projectManager:save_config:723 - 保存配置成功
2022-07-11 15:57:28.879 | INFO     | monitor.projectManager:save_config:723 - 保存配置成功
2022-07-11 15:57:38.879 | INFO     | monitor.projectManager:save_config:723 - 保存配置成功
2022-07-11 15:57:48.879 | INFO     | monitor.projectManager:save_config:723 - 保存配置成功
2022-07-11 15:57:58.879 | INFO     | monitor.projectManager:save_config:723 - 保存配置成功
2022-07-11 15:58:08.879 | INFO     | monitor.projectManager:save_config:723 - 保存配置成功
2022-07-11 15:58:18.879 | INFO     | monitor.projectManager:save_config:723 - 保存配置成功
2022-07-11 15:58:28.879 | INFO     | monitor.projectManager:save_config:723 - 保存配置成功
2022-07-11 15:58:30.888 | INFO     | monitor.spiderManager:crawl_by_keyword_signal_platform:171 - 微博用户  关键词：俄乌冲突_联合国乌克兰 共检索到 0条 有效request
2022-07-11 15:58:32.896 | INFO     | monitor.spiderManager:crawl_by_keyword_signal_platform:171 - 微博用户  关键词：新闻人物：哥伦比亚当选总统古斯塔沃·佩特罗 共检索到 0条 有效request
2022-07-11 15:58:38.880 | INFO     | monitor.projectManager:save_config:723 - 保存配置成功
2022-07-11 15:58:43.502 | INFO     | monitor.spiderManager:crawl_by_keyword_signal_platform:171 - 求是  关键词：俄乌冲突_联合国乌克兰 共检索到 0条 有效request
2022-07-11 15:58:43.807 | INFO     | monitor.spiderManager:crawl_by_keyword_signal_platform:171 - 求是  关键词：新闻人物：哥伦比亚当选总统古斯塔沃·佩特罗 共检索到 0条 有效request
2022-07-11 15:58:48.883 | INFO     | monitor.projectManager:save_config:723 - 保存配置成功
2022-07-11 15:58:49.677 | INFO     | monitor.titleManager:persist:80 - 人民网 keywords saved to spider:keyword:人民网 ['百日千万网络招聘专项行动发布岗位需求1448万人次', '为世界各国提供更多发展机遇（国际论坛·读懂中国·读懂中…', '警方通报：一男子隔离期间擅自离开房间致多人隔离，刑拘！', '“边防通”登上精武“龙虎榜”', '中巴“海洋卫士-2”海上联合演习开幕', '吉林检察机关依法对傅政华涉嫌受贿、徇私枉法案提起公诉', '打开求职就业的“快速通道”', '国际观察：共创中国与莫桑比克友谊新篇章', '全球网络犯罪急需强化协同打击', '江西“真金白银”助企减负纾困', '文化铸魂，凝聚磅礴精神力量', '第74集团军某旅组织开展战场机动演练', '检察公益诉讼，公共利益“看护人”', '维和官兵操作“雷锋号”进行吊装作业', '德意两国深化防务合作', '在平凡岗位创造不凡业绩', '伊朗原子能组织证实在福尔多核设施使用先进离心机', '老小区焕发新活力', '历久弥坚金不换，继往开来续华章', '密切协同化危局', '南非约翰内斯堡枪击事件致14人死亡9人受伤', '德国联邦议院议员：固守冷战思维滥用制裁只会让局势愈演愈烈', '澳研究人员发现治疗阿尔茨海默病的新靶点', '“大国之翼”鹏程万里', '重庆江津：勇担司法责任 保护长江生态', '泰国孔敬大学孔子学院举办“中文+职业技能”教育中国双高…', '王毅共同主持中印尼高级别对话合作机制第二次会议', '三峡文物“活起来”', '专攻精练锻造“暗夜长剑”', '美国国会参议院多数党领袖和贸易代表确诊感染新冠病毒', '触摸乡村振兴的强劲脉搏', '俯瞰风景如画的贵阳百花湖', '走出一条中国特色公益司法保护之路（新视角）', '“意大利之源——古罗马文明展”举办 黄坤明宣读习近平主…', '对抗演练织密“夜幕天网”', '做“东方好莱坞”的司法守护者', '第73集团军某旅组织海上实弹射击训练', '伊朗铀浓缩技术取得进展', '联合国教科文组织国际自然与文化遗产空间技术中心与世界自…', '中国驻东帝汶大使肖建国和东帝汶总统奥尔塔一同出席中华商…', '中外医生合作完成圭亚那首例乳房再造术', '尼日利亚发生沉船事故至少15人死亡', '哥伦比亚“中国文化周”举办系列活动', '法律界助力共建网络文艺和谐生态', '战场救护上演“生死时速” ', '北京卫戍区某团聚焦战斗力建设深化主题教育', '全球青年多维对话举办“中医文化的现代体验与国际认同”主…', '“坚持以人民为中心的发展观”', '哈萨克斯坦对中国等三国公民实施14天免签政策', '《牛津中国创新手册》新书发布会举行', '外媒曝光美代理人战争计划', '陕西省蓝田县军地联合开展抢险救援演练', '为国际人权事业发展贡献力量', '日本海上力量再添新装备', '独库路上的英雄丰碑', '英国保守党多名要员宣布竞选该党党首', '中国物价延续平稳态势（锐财经）', '守护青少年心理健康', '以高水平首都消防救援工作服务保障经济社会高质量发展', '聚焦问题改学风学研结合谋实策', '两部门联合表彰全军战场环境保障先进单位和先进个人', '“空中医疗队”飞向救护战场', '美高超音速导弹研制欲速不达', '联合国秘书长呼吁在三大领域采取紧急多边行动', '中德建交50周年系列活动在德国北威州掀起热潮', '在指尖上品文化看风景（网上中国）', '甘肃省白银军分区探索思政教育新路径', '中国影视海外传播品牌“China Zone”于巴西开播', '国家防总针对河北等六省份启动防汛四级应急响应', '青海门源：高原油菜花开铺就“金色花海”', '“China Zone”中国影视节目专区在巴西正式开播', '第75集团军某旅着力锻造高素质新型军士人才队伍', '通讯：在重建中焕发生机——探访解放五周年的摩苏尔老城', '《我当代表为人民——人大代表议案建议故事》出版发行', '英国新首相之争拉开帷幕 多人加入角逐', '山西扩大交通运输基础设施有效投资', '驻韩美军行为不端接连发生', '“为全球安全治理提供了重要方案”', '查获假冒“安宫牛黄丸”、肉毒毒素……公安机关依法严厉打击药品领域犯罪活动', '动中抓建，锻造坚强战斗堡垒', '“落后村”成“网红村”', '拉美多国推进新冠疫苗加强针接种', '西部陆海新通道越来越红火', '日本第26届参议院选举开始投票', '习近平同意大利总统马塔雷拉分别向“意大利之源——古罗马…', '公益诉讼有力量', '“美国滥用制裁不是解决世界问题的灵丹妙药”（深度观察）', '华南国家植物园正式揭牌', '陕西山西等地有强降水 四川盆地江南等地有持续性高温', '巴勒斯坦总统同以色列总理近5年来首次通电话', '第71集团军某旅组织战备机动演练', '北约扩军暴露好战本性', '火箭军某部系统推进抓建基层“强基工程”', '欧洲联合研制六代机一波三折', '情法交融 守护花开', '火箭军某部研发装备管理信息系统', '日澳拟开展海上执法培训', '西班牙正式组建空天军', '玉渊谭天丨一个字：乱！ 英国之乱也许只是西方乱局的先兆', '最新动态：俄杜马主席说世界尚未临近“大战”边缘\u3000乌官员…', '养老诈骗套路多，这些骗局须警惕', '驻法国使馆陈力公使出席《世界中医药》杂志法国版创刊仪式', '“看得见、听得到、能思考” “智慧大脑”让电梯运行更安全', '首个政务热线诉求分类地方标准发布', '印尼扩大可再生能源产业投资', '中老铁路让边境城市磨丁充满机遇（海外声音）', '日本参议院选举结果揭晓 执政联盟保持优势地位', '米兰中国文化中心与意大利职业功夫武术协会在米兰签约', '韩国多项措施应对通货膨胀']
2022-07-11 15:58:49.679 | INFO     | monitor.titleManager:persist:80 - 搜狗 keywords saved to spider:keyword:搜狗 ['中国裁军大使强调捍卫多边主义', '混乱分裂且可控的中东更符合美国“私利”', '国内首款!南航设计新型四座飞机首飞', '东方红五号卫星公用平台首飞成功', '跨越“烦心”到“暖心”的距离', '叙利亚政府在叙西北开启人道走廊', '勇挑重担 敢打硬仗', '扎实苦干,用奋斗成就未来', '2月3日一分钟阅尽天下军情', '关键时刻冲得上去 危难关头豁得出来', '南部战区总医院医疗队赴西南边陲巡诊', '法国反恐机构对近日两起袭击事件展开调查', '伊拉克“逐客令”恐难如愿', '美国联邦航空局禁止本国民航客机进入两伊空域', '世界最大海上风场Hornsea One正式投产发电', '娶哪个国家的老婆最便宜?心动就去', '印尼卡丁电厂工程2号机组通过168小时试运行', '壮大发展的力量——再读习近平主席“达沃斯演讲”', '飞行员解答:雪停了,航班为什么还不起飞?', '筹划训练从揭短查弱开始', '英国防大臣提议减少对美军事依赖 做"最坏打算"', '解放军报评论员:不负重托 不辱使命', '天津智造助力实践二十号卫星一飞冲天扫码阅读手机版', '保障“中国号”巨轮行稳致远(新知新觉)', '以色列完成新一代“铁穹”防御系统测试', '长征五号B运载火箭运抵发射场 4月中下旬首飞', '淬火营连“中军帐”', '武警湖北总队举办“阔步强军踏春来”文艺汇演', '远望号测量船队完成2019年度任务凯旋', '李克强会见基里巴斯总统']
2022-07-11 15:58:49.679 | INFO     | monitor.titleManager:persist:80 - 微博 keywords saved to spider:keyword:微博 ['猴痘', '何洛洛知道高考成绩后的反应', '原神', '星汉灿烂 秀人含量', '斯里兰卡国家破产', '林克声优宣布结婚', '浴室藏摄像头画面闪过房东半张脸', '成都广播电视台回应谭谈交通下架', '兔唇弟弟捡废品卖钱给姐姐看病', '阿富汗一地新增120例霍乱病例', '电竞人的漫游杂志封面大片', '李莎旻子吉他上有声生不息全员签名', '航拍看大自然的调色盘', '霍乱主要传播途径', '张翰谈到孤独时哭了', '官方通报男孩骑平衡车核酸被拒大闹', '#7月11日是中国航海日#', '原神至冬', '重庆特重等级高温', '郑晓龙觉得赵丽颖有何幸福的气质', '豆瓣崩了', '孟子义说我的鼻子是真的', '肖战胜诉眼镜店获赔2万', '何幸福跟王庆来什么时候离婚', '罗永浩谈钟薛高卖得贵', '福建一男孩运动后猛喝冰饮去世', '空间站国旗与地球同框', '航天员学高数也感叹真不容易啊', '你如何看待张艺谋急售3000万元别墅', '美国已有700多人感染猴痘病毒', 'WPS被曝会删除用户本地文件', '鸭子被鱼吓独自坐电梯回6楼', '微博上线雪糕刺客表情', '仙剑甄嬛传', '大学生暑假去干啥了', '人生大事票房破12亿', '台湾海峡首艘大型巡航救助船列编', '13岁女孩做根管治疗针管断牙龈里', '梦华录二刷', '12只奶凶红腿小隼树枝上排排站', '管泽元余霜公开撒糖', '中餐厅6全员郴州录制路透', '武汉大学一例霍乱病例情况', '张晶担任中国短道训练营总顾问', '李斯丹妮教郑秀妍支棱和摆烂', '饭店用袁隆平当店名被责令拆除', '北大已成立专项调查组', '杜撰明星', '临沂5天新增246例阳性感染者', 'Rookie获得周MVP', '女硕士遭追求者砍杀案二审将于15日开庭']
2022-07-11 15:58:58.880 | INFO     | monitor.projectManager:save_config:723 - 保存配置成功
2022-07-11 15:59:08.879 | INFO     | monitor.projectManager:save_config:723 - 保存配置成功
2022-07-11 15:59:18.879 | INFO     | monitor.projectManager:save_config:723 - 保存配置成功
2022-07-11 15:59:28.879 | INFO     | monitor.projectManager:save_config:723 - 保存配置成功
2022-07-11 15:59:38.879 | INFO     | monitor.projectManager:save_config:723 - 保存配置成功
2022-07-11 15:59:48.879 | INFO     | monitor.projectManager:save_config:723 - 保存配置成功
2022-07-11 15:59:56.810 | INFO     | monitor.spiderManager:crawl_by_keyword_signal_platform:171 - 人民网  关键词：俄乌冲突_联合国乌克兰 共检索到 0条 有效request
2022-07-11 15:59:56.887 | INFO     | monitor.spiderManager:crawl_by_keyword_signal_platform:171 - 乌有之乡  关键词：俄乌冲突_联合国乌克兰 共检索到 0条 有效request
2022-07-11 15:59:56.891 | INFO     | monitor.spiderManager:crawl_by_keyword_signal_platform:171 - 知乎  关键词：俄乌冲突_联合国乌克兰 共检索到 0条 有效request
2022-07-11 15:59:57.177 | INFO     | monitor.spiderManager:crawl_by_keyword_signal_platform:171 - 人民网  关键词：新闻人物：哥伦比亚当选总统古斯塔沃·佩特罗 共检索到 6条 有效request
2022-07-11 15:59:57.260 | INFO     | monitor.spiderManager:crawl_by_keyword_signal_platform:171 - 乌有之乡  关键词：新闻人物：哥伦比亚当选总统古斯塔沃·佩特罗 共检索到 0条 有效request
2022-07-11 15:59:57.266 | INFO     | monitor.spiderManager:crawl_by_keyword_signal_platform:171 - 知乎  关键词：新闻人物：哥伦比亚当选总统古斯塔沃·佩特罗 共检索到 0条 有效request
2022-07-11 15:59:58.513 | INFO     | monitor.spiderManager:crawl_by_keyword_signal_platform:171 - 微博  关键词：俄乌冲突_联合国乌克兰 共检索到 0条 有效request
2022-07-11 15:59:58.861 | INFO     | monitor.spiderManager:crawl_by_keyword_signal_platform:171 - 微博  关键词：新闻人物：哥伦比亚当选总统古斯塔沃·佩特罗 共检索到 0条 有效request
2022-07-11 15:59:58.879 | INFO     | monitor.projectManager:save_config:723 - 保存配置成功
2022-07-11 16:00:08.935 | INFO     | monitor.projectManager:save_config:723 - 保存配置成功
2022-07-11 16:00:13.302 | INFO     | monitor.spiderManager:crawl_by_keyword_signal_platform:171 - 联合早报  关键词：俄乌冲突_联合国乌克兰 共检索到 0条 有效request
2022-07-11 16:00:13.910 | INFO     | monitor.spiderManager:crawl_by_keyword_signal_platform:171 - 联合早报  关键词：新闻人物：哥伦比亚当选总统古斯塔沃·佩特罗 共检索到 0条 有效request
2022-07-11 16:00:16.661 | INFO     | monitor.spiderManager:crawl_by_keyword_signal_platform:171 - 贴吧  关键词：俄乌冲突_联合国乌克兰 共检索到 0条 有效request
2022-07-11 16:00:17.299 | INFO     | monitor.spiderManager:crawl_by_keyword_signal_platform:171 - 贴吧  关键词：新闻人物：哥伦比亚当选总统古斯塔沃·佩特罗 共检索到 0条 有效request
2022-07-11 16:00:18.545 | INFO     | monitor.spiderManager:crawl_by_keyword_signal_platform:171 - 人民日报  关键词：俄乌冲突_联合国乌克兰 共检索到 0条 有效request
2022-07-11 16:00:18.879 | INFO     | monitor.projectManager:save_config:723 - 保存配置成功
2022-07-11 16:00:19.176 | INFO     | monitor.spiderManager:crawl_by_keyword_signal_platform:171 - 人民日报  关键词：新闻人物：哥伦比亚当选总统古斯塔沃·佩特罗 共检索到 0条 有效request
2022-07-11 16:00:19.270 | INFO     | monitor.spiderManager:crawl_by_keyword_signal_platform:171 - 西陆军事  关键词：俄乌冲突_联合国乌克兰 共检索到 0条 有效request
2022-07-11 16:00:20.294 | INFO     | monitor.spiderManager:crawl_by_keyword_signal_platform:171 - 西陆军事  关键词：新闻人物：哥伦比亚当选总统古斯塔沃·佩特罗 共检索到 0条 有效request
2022-07-11 16:00:24.105 | INFO     | monitor.spiderManager:crawl_by_keyword_signal_platform:171 - 头条  关键词：新闻人物：哥伦比亚当选总统古斯塔沃·佩特罗 共检索到 0条 有效request
2022-07-11 16:00:24.109 | INFO     | monitor.spiderManager:crawl_by_keyword_signal_platform:171 - 炎黄春秋  关键词：新闻人物：哥伦比亚当选总统古斯塔沃·佩特罗 共检索到 1条 有效request
2022-07-11 16:00:24.153 | INFO     | monitor.spiderManager:crawl_by_keyword_signal_platform:171 - 头条  关键词：俄乌冲突_联合国乌克兰 共检索到 0条 有效request
2022-07-11 16:00:24.157 | INFO     | monitor.spiderManager:crawl_by_keyword_signal_platform:171 - 炎黄春秋  关键词：俄乌冲突_联合国乌克兰 共检索到 0条 有效request
2022-07-11 16:00:25.295 | INFO     | monitor.spiderManager:crawl_by_keyword_signal_platform:171 - 复兴网  关键词：俄乌冲突_联合国乌克兰 共检索到 0条 有效request
2022-07-11 16:00:26.191 | INFO     | monitor.spiderManager:crawl_by_keyword_signal_platform:171 - 强国论坛  关键词：俄乌冲突_联合国乌克兰 共检索到 0条 有效request
2022-07-11 16:00:26.568 | INFO     | monitor.spiderManager:crawl_by_keyword_signal_platform:171 - 复兴网  关键词：新闻人物：哥伦比亚当选总统古斯塔沃·佩特罗 共检索到 0条 有效request
2022-07-11 16:00:27.360 | INFO     | monitor.spiderManager:crawl_by_keyword_signal_platform:171 - 强国论坛  关键词：新闻人物：哥伦比亚当选总统古斯塔沃·佩特罗 共检索到 0条 有效request
2022-07-11 16:00:27.747 | INFO     | monitor.spiderManager:crawl_by_keyword_signal_platform:171 - 凤凰网  关键词：新闻人物：哥伦比亚当选总统古斯塔沃·佩特罗 共检索到 19条 有效request
2022-07-11 16:00:28.057 | INFO     | monitor.spiderManager:crawl_by_keyword_signal_platform:171 - 环球网  关键词：新闻人物：哥伦比亚当选总统古斯塔沃·佩特罗 共检索到 0条 有效request
2022-07-11 16:00:28.077 | INFO     | monitor.spiderManager:crawl_by_keyword_signal_platform:171 - 凤凰网  关键词：俄乌冲突_联合国乌克兰 共检索到 105条 有效request
2022-07-11 16:00:28.330 | INFO     | monitor.spiderManager:crawl_by_keyword_signal_platform:171 - 环球网  关键词：俄乌冲突_联合国乌克兰 共检索到 0条 有效request
2022-07-11 16:00:28.879 | INFO     | monitor.projectManager:save_config:723 - 保存配置成功
2022-07-11 16:00:36.332 | INFO     | monitor.spiderManager:crawl_by_keyword_signal_platform:171 - 百度  关键词：新闻人物：哥伦比亚当选总统古斯塔沃·佩特罗 共检索到 44条 有效request
2022-07-11 16:00:38.879 | INFO     | monitor.projectManager:save_config:723 - 保存配置成功
2022-07-11 16:00:39.199 | INFO     | monitor.spiderManager:crawl_by_keyword_signal_platform:171 - 微信  关键词：新闻人物：哥伦比亚当选总统古斯塔沃·佩特罗 共检索到 0条 有效request
2022-07-11 16:00:39.200 | INFO     | monitor.spiderManager:crawl_by_keyword_signal_platform:171 - 微博用户  关键词：威尔士政商学界多位人士表示愿同中国增进交流合作 共检索到 0条 有效request
2022-07-11 16:00:39.478 | INFO     | monitor.spiderManager:crawl_by_keyword_signal_platform:171 - 百度  关键词：俄乌冲突_联合国乌克兰 共检索到 0条 有效request
2022-07-11 16:00:42.280 | INFO     | monitor.spiderManager:crawl_by_keyword_signal_platform:171 - 微信  关键词：俄乌冲突_联合国乌克兰 共检索到 0条 有效request
2022-07-11 16:00:42.281 | INFO     | monitor.spiderManager:crawl_by_keyword_signal_platform:171 - 微博用户  关键词：俄乌冲突_SWIFT俄罗斯;俄罗斯国际支付 共检索到 0条 有效request
2022-07-11 16:00:48.879 | INFO     | monitor.projectManager:save_config:723 - 保存配置成功
2022-07-11 16:00:54.734 | INFO     | monitor.spiderManager:crawl_by_keyword_signal_platform:171 - 求是  关键词：俄乌冲突_SWIFT俄罗斯;俄罗斯国际支付 共检索到 0条 有效request
2022-07-11 16:00:58.879 | INFO     | monitor.projectManager:save_config:723 - 保存配置成功
2022-07-11 16:01:08.879 | INFO     | monitor.projectManager:save_config:723 - 保存配置成功
2022-07-11 16:01:18.879 | INFO     | monitor.projectManager:save_config:723 - 保存配置成功
2022-07-11 16:01:28.879 | INFO     | monitor.projectManager:save_config:723 - 保存配置成功
2022-07-11 16:01:38.879 | INFO     | monitor.projectManager:save_config:723 - 保存配置成功
2022-07-11 16:01:48.879 | INFO     | monitor.projectManager:save_config:723 - 保存配置成功
2022-07-11 16:01:58.879 | INFO     | monitor.projectManager:save_config:723 - 保存配置成功
2022-07-11 16:02:09.067 | INFO     | monitor.projectManager:save_config:723 - 保存配置成功
2022-07-11 16:02:10.112 | INFO     | monitor.spiderManager:crawl_by_keyword_signal_platform:171 - 人民网  关键词：俄乌冲突_SWIFT俄罗斯;俄罗斯国际支付 共检索到 0条 有效request
2022-07-11 16:02:10.285 | INFO     | monitor.spiderManager:crawl_by_keyword_signal_platform:171 - 乌有之乡  关键词：俄乌冲突_SWIFT俄罗斯;俄罗斯国际支付 共检索到 0条 有效request
2022-07-11 16:02:10.290 | INFO     | monitor.spiderManager:crawl_by_keyword_signal_platform:171 - 知乎  关键词：俄乌冲突_SWIFT俄罗斯;俄罗斯国际支付 共检索到 0条 有效request
2022-07-11 16:02:12.024 | INFO     | monitor.spiderManager:crawl_by_keyword_signal_platform:171 - 微博  关键词：俄乌冲突_SWIFT俄罗斯;俄罗斯国际支付 共检索到 0条 有效request
2022-07-11 16:02:18.879 | INFO     | monitor.projectManager:save_config:723 - 保存配置成功
2022-07-11 16:02:28.879 | INFO     | monitor.projectManager:save_config:723 - 保存配置成功
2022-07-11 16:02:29.293 | INFO     | monitor.spiderManager:crawl_by_keyword_signal_platform:171 - 联合早报  关键词：俄乌冲突_SWIFT俄罗斯;俄罗斯国际支付 共检索到 0条 有效request
2022-07-11 16:02:34.042 | INFO     | monitor.spiderManager:crawl_by_keyword_signal_platform:171 - 贴吧  关键词：俄乌冲突_SWIFT俄罗斯;俄罗斯国际支付 共检索到 0条 有效request
2022-07-11 16:02:37.008 | INFO     | monitor.spiderManager:crawl_by_keyword_signal_platform:171 - 人民日报  关键词：俄乌冲突_SWIFT俄罗斯;俄罗斯国际支付 共检索到 0条 有效request
2022-07-11 16:02:37.634 | INFO     | monitor.spiderManager:crawl_by_keyword_signal_platform:171 - 西陆军事  关键词：俄乌冲突_SWIFT俄罗斯;俄罗斯国际支付 共检索到 0条 有效request
2022-07-11 16:02:38.879 | INFO     | monitor.projectManager:save_config:723 - 保存配置成功
2022-07-11 16:02:41.479 | INFO     | monitor.spiderManager:crawl_by_keyword_signal_platform:171 - 头条  关键词：俄乌冲突_SWIFT俄罗斯;俄罗斯国际支付 共检索到 0条 有效request
2022-07-11 16:02:41.483 | INFO     | monitor.spiderManager:crawl_by_keyword_signal_platform:171 - 炎黄春秋  关键词：俄乌冲突_SWIFT俄罗斯;俄罗斯国际支付 共检索到 0条 有效request
2022-07-11 16:02:42.998 | INFO     | monitor.spiderManager:crawl_by_keyword_signal_platform:171 - 复兴网  关键词：俄乌冲突_SWIFT俄罗斯;俄罗斯国际支付 共检索到 0条 有效request
2022-07-11 16:02:44.150 | INFO     | monitor.spiderManager:crawl_by_keyword_signal_platform:171 - 强国论坛  关键词：俄乌冲突_SWIFT俄罗斯;俄罗斯国际支付 共检索到 0条 有效request
2022-07-11 16:02:45.935 | INFO     | monitor.spiderManager:crawl_by_keyword_signal_platform:171 - 凤凰网  关键词：俄乌冲突_SWIFT俄罗斯;俄罗斯国际支付 共检索到 111条 有效request
2022-07-11 16:02:46.195 | INFO     | monitor.spiderManager:crawl_by_keyword_signal_platform:171 - 环球网  关键词：俄乌冲突_SWIFT俄罗斯;俄罗斯国际支付 共检索到 0条 有效request
2022-07-11 16:02:48.900 | INFO     | monitor.projectManager:save_config:723 - 保存配置成功
2022-07-11 16:02:56.384 | INFO     | monitor.spiderManager:crawl_by_keyword_signal_platform:171 - 百度  关键词：俄乌冲突_SWIFT俄罗斯;俄罗斯国际支付 共检索到 0条 有效request
2022-07-11 16:02:58.880 | INFO     | monitor.projectManager:save_config:723 - 保存配置成功
2022-07-11 16:02:59.288 | INFO     | monitor.spiderManager:crawl_by_keyword_signal_platform:171 - 微信  关键词：俄乌冲突_SWIFT俄罗斯;俄罗斯国际支付 共检索到 0条 有效request
2022-07-11 16:02:59.290 | INFO     | monitor.spiderManager:crawl_by_keyword_signal_platform:171 - 微博用户  关键词：俄乌冲突_抖音直播乌克兰撤侨 共检索到 0条 有效request
2022-07-11 16:03:00.007 | INFO     | monitor.spiderManager:crawl_by_keyword_signal_platform:171 - 求是  关键词：俄乌冲突_抖音直播乌克兰撤侨 共检索到 0条 有效request
2022-07-11 16:03:08.916 | INFO     | monitor.projectManager:save_config:723 - 保存配置成功
2022-07-11 16:03:18.879 | INFO     | monitor.projectManager:save_config:723 - 保存配置成功
2022-07-11 16:03:28.879 | INFO     | monitor.projectManager:save_config:723 - 保存配置成功
2022-07-11 16:03:32.734 | INFO     | monitor.spiderManager:crawl_by_keyword_signal_platform:171 - 求是  关键词：威尔士政商学界多位人士表示愿同中国增进交流合作 共检索到 1条 有效request
2022-07-11 16:03:38.879 | INFO     | monitor.projectManager:save_config:723 - 保存配置成功
2022-07-11 16:03:48.879 | INFO     | monitor.projectManager:save_config:723 - 保存配置成功
2022-07-11 16:03:58.879 | INFO     | monitor.projectManager:save_config:723 - 保存配置成功
2022-07-11 16:04:08.879 | INFO     | monitor.projectManager:save_config:723 - 保存配置成功
2022-07-11 16:04:13.770 | INFO     | monitor.spiderManager:crawl_by_keyword_signal_platform:171 - 人民网  关键词：俄乌冲突_抖音直播乌克兰撤侨 共检索到 0条 有效request
2022-07-11 16:04:13.859 | INFO     | monitor.spiderManager:crawl_by_keyword_signal_platform:171 - 乌有之乡  关键词：俄乌冲突_抖音直播乌克兰撤侨 共检索到 0条 有效request
2022-07-11 16:04:13.863 | INFO     | monitor.spiderManager:crawl_by_keyword_signal_platform:171 - 知乎  关键词：俄乌冲突_抖音直播乌克兰撤侨 共检索到 0条 有效request
2022-07-11 16:04:15.487 | INFO     | monitor.spiderManager:crawl_by_keyword_signal_platform:171 - 微博  关键词：俄乌冲突_抖音直播乌克兰撤侨 共检索到 0条 有效request
2022-07-11 16:04:18.879 | INFO     | monitor.projectManager:save_config:723 - 保存配置成功
2022-07-11 16:04:28.879 | INFO     | monitor.projectManager:save_config:723 - 保存配置成功
2022-07-11 16:04:33.572 | INFO     | monitor.spiderManager:crawl_by_keyword_signal_platform:171 - 联合早报  关键词：俄乌冲突_抖音直播乌克兰撤侨 共检索到 0条 有效request
2022-07-11 16:04:37.008 | INFO     | monitor.spiderManager:crawl_by_keyword_signal_platform:171 - 贴吧  关键词：俄乌冲突_抖音直播乌克兰撤侨 共检索到 0条 有效request
2022-07-11 16:04:38.845 | INFO     | monitor.spiderManager:crawl_by_keyword_signal_platform:171 - 人民日报  关键词：俄乌冲突_抖音直播乌克兰撤侨 共检索到 0条 有效request
2022-07-11 16:04:38.879 | INFO     | monitor.projectManager:save_config:723 - 保存配置成功
2022-07-11 16:04:39.548 | INFO     | monitor.spiderManager:crawl_by_keyword_signal_platform:171 - 西陆军事  关键词：俄乌冲突_抖音直播乌克兰撤侨 共检索到 0条 有效request
2022-07-11 16:04:43.425 | INFO     | monitor.spiderManager:crawl_by_keyword_signal_platform:171 - 头条  关键词：俄乌冲突_抖音直播乌克兰撤侨 共检索到 0条 有效request
2022-07-11 16:04:43.430 | INFO     | monitor.spiderManager:crawl_by_keyword_signal_platform:171 - 炎黄春秋  关键词：俄乌冲突_抖音直播乌克兰撤侨 共检索到 0条 有效request
2022-07-11 16:04:46.040 | INFO     | monitor.spiderManager:crawl_by_keyword_signal_platform:171 - 复兴网  关键词：俄乌冲突_抖音直播乌克兰撤侨 共检索到 0条 有效request
2022-07-11 16:04:46.553 | INFO     | monitor.spiderManager:crawl_by_keyword_signal_platform:171 - 强国论坛  关键词：俄乌冲突_抖音直播乌克兰撤侨 共检索到 1条 有效request
2022-07-11 16:04:47.032 | INFO     | monitor.spiderManager:crawl_by_keyword_signal_platform:171 - 凤凰网  关键词：俄乌冲突_抖音直播乌克兰撤侨 共检索到 0条 有效request
2022-07-11 16:04:47.323 | INFO     | monitor.spiderManager:crawl_by_keyword_signal_platform:171 - 环球网  关键词：俄乌冲突_抖音直播乌克兰撤侨 共检索到 0条 有效request
2022-07-11 16:04:48.879 | INFO     | monitor.projectManager:save_config:723 - 保存配置成功
2022-07-11 16:04:49.468 | INFO     | monitor.spiderManager:crawl_by_keyword_signal_platform:171 - 人民网  关键词：威尔士政商学界多位人士表示愿同中国增进交流合作 共检索到 9条 有效request
2022-07-11 16:04:49.574 | INFO     | monitor.spiderManager:crawl_by_keyword_signal_platform:171 - 乌有之乡  关键词：威尔士政商学界多位人士表示愿同中国增进交流合作 共检索到 0条 有效request
2022-07-11 16:04:49.579 | INFO     | monitor.spiderManager:crawl_by_keyword_signal_platform:171 - 知乎  关键词：威尔士政商学界多位人士表示愿同中国增进交流合作 共检索到 0条 有效request
2022-07-11 16:04:51.237 | INFO     | monitor.spiderManager:crawl_by_keyword_signal_platform:171 - 微博  关键词：威尔士政商学界多位人士表示愿同中国增进交流合作 共检索到 0条 有效request
2022-07-11 16:04:52.021 | INFO     | monitor.spiderManager:crawl_by_keyword_signal_platform:171 - 百度  关键词：俄乌冲突_抖音直播乌克兰撤侨 共检索到 0条 有效request
2022-07-11 16:04:54.868 | INFO     | monitor.spiderManager:crawl_by_keyword_signal_platform:171 - 微信  关键词：俄乌冲突_抖音直播乌克兰撤侨 共检索到 0条 有效request
2022-07-11 16:04:54.869 | INFO     | monitor.spiderManager:crawl_by_keyword_signal_platform:171 - 微博用户  关键词：俄乌冲突_俄罗斯政府 共检索到 0条 有效request
2022-07-11 16:04:58.632 | INFO     | monitor.spiderManager:crawl_by_keyword_signal_platform:171 - 求是  关键词：俄乌冲突_俄罗斯政府 共检索到 0条 有效request
2022-07-11 16:04:58.893 | INFO     | monitor.projectManager:save_config:723 - 保存配置成功
2022-07-11 16:05:08.879 | INFO     | monitor.projectManager:save_config:723 - 保存配置成功
2022-07-11 16:05:09.392 | INFO     | monitor.spiderManager:crawl_by_keyword_signal_platform:171 - 联合早报  关键词：威尔士政商学界多位人士表示愿同中国增进交流合作 共检索到 0条 有效request
2022-07-11 16:05:11.364 | INFO     | monitor.spiderManager:crawl_by_keyword_signal_platform:171 - 贴吧  关键词：威尔士政商学界多位人士表示愿同中国增进交流合作 共检索到 0条 有效request
2022-07-11 16:05:13.199 | INFO     | monitor.spiderManager:crawl_by_keyword_signal_platform:171 - 人民日报  关键词：威尔士政商学界多位人士表示愿同中国增进交流合作 共检索到 0条 有效request
2022-07-11 16:05:13.866 | INFO     | monitor.spiderManager:crawl_by_keyword_signal_platform:171 - 西陆军事  关键词：威尔士政商学界多位人士表示愿同中国增进交流合作 共检索到 0条 有效request
2022-07-11 16:05:17.746 | INFO     | monitor.spiderManager:crawl_by_keyword_signal_platform:171 - 头条  关键词：威尔士政商学界多位人士表示愿同中国增进交流合作 共检索到 0条 有效request
2022-07-11 16:05:17.751 | INFO     | monitor.spiderManager:crawl_by_keyword_signal_platform:171 - 炎黄春秋  关键词：威尔士政商学界多位人士表示愿同中国增进交流合作 共检索到 1条 有效request
2022-07-11 16:05:18.879 | INFO     | monitor.projectManager:save_config:723 - 保存配置成功
2022-07-11 16:05:20.923 | INFO     | monitor.spiderManager:crawl_by_keyword_signal_platform:171 - 复兴网  关键词：威尔士政商学界多位人士表示愿同中国增进交流合作 共检索到 0条 有效request
2022-07-11 16:05:21.396 | INFO     | monitor.spiderManager:crawl_by_keyword_signal_platform:171 - 强国论坛  关键词：威尔士政商学界多位人士表示愿同中国增进交流合作 共检索到 0条 有效request
2022-07-11 16:05:21.874 | INFO     | monitor.spiderManager:crawl_by_keyword_signal_platform:171 - 凤凰网  关键词：威尔士政商学界多位人士表示愿同中国增进交流合作 共检索到 1条 有效request
2022-07-11 16:05:22.150 | INFO     | monitor.spiderManager:crawl_by_keyword_signal_platform:171 - 环球网  关键词：威尔士政商学界多位人士表示愿同中国增进交流合作 共检索到 0条 有效request
2022-07-11 16:05:28.879 | INFO     | monitor.projectManager:save_config:723 - 保存配置成功
2022-07-11 16:05:33.925 | INFO     | monitor.spiderManager:crawl_by_keyword_signal_platform:171 - 百度  关键词：威尔士政商学界多位人士表示愿同中国增进交流合作 共检索到 2条 有效request
2022-07-11 16:05:37.012 | INFO     | monitor.spiderManager:crawl_by_keyword_signal_platform:171 - 微信  关键词：威尔士政商学界多位人士表示愿同中国增进交流合作 共检索到 0条 有效request
2022-07-11 16:05:37.013 | INFO     | monitor.spiderManager:crawl_by_keyword_signal_platform:171 - 微博用户  关键词：吉林检察机关依法对傅政华涉嫌受贿、徇私枉法案提起公诉 共检索到 0条 有效request
2022-07-11 16:05:38.879 | INFO     | monitor.projectManager:save_config:723 - 保存配置成功
2022-07-11 16:05:46.896 | INFO     | monitor.spiderManager:crawl_by_keyword_signal_platform:171 - 求是  关键词：吉林检察机关依法对傅政华涉嫌受贿、徇私枉法案提起公诉 共检索到 0条 有效request
2022-07-11 16:05:48.879 | INFO     | monitor.projectManager:save_config:723 - 保存配置成功
2022-07-11 16:06:07.007 | INFO     | monitor.projectManager:check_project_in_device:381 - {'180.201.163.246': ['eWuChongTu', 'anBeiJinSan', 'default']}
2022-07-11 16:06:09.449 | INFO     | monitor.projectManager:check_project_in_device:381 - {'180.201.163.246': ['default']}
2022-07-11 16:06:11.349 | INFO     | monitor.projectManager:save_stopwords_to_redis:607 - redis 初始化停用词
2022-07-11 16:06:20.453 | INFO     | monitor.projectManager:save_config:723 - 保存配置成功
2022-07-11 16:06:30.453 | INFO     | monitor.projectManager:save_config:723 - 保存配置成功
2022-07-11 16:06:40.453 | INFO     | monitor.projectManager:save_config:723 - 保存配置成功
2022-07-11 16:06:50.620 | INFO     | monitor.projectManager:save_config:723 - 保存配置成功
2022-07-11 16:07:00.453 | INFO     | monitor.projectManager:save_config:723 - 保存配置成功
2022-07-11 16:07:10.453 | INFO     | monitor.projectManager:save_config:723 - 保存配置成功
2022-07-11 16:07:20.453 | INFO     | monitor.projectManager:save_config:723 - 保存配置成功
2022-07-11 16:07:30.453 | INFO     | monitor.projectManager:save_config:723 - 保存配置成功
2022-07-11 16:07:40.453 | INFO     | monitor.projectManager:save_config:723 - 保存配置成功
2022-07-11 16:07:50.453 | INFO     | monitor.projectManager:save_config:723 - 保存配置成功
2022-07-11 16:08:00.453 | INFO     | monitor.projectManager:save_config:723 - 保存配置成功
2022-07-11 16:08:10.453 | INFO     | monitor.projectManager:save_config:723 - 保存配置成功
2022-07-11 16:08:12.919 | INFO     | monitor.projectManager:check_project_in_device:381 - {}
2022-07-11 16:08:14.048 | INFO     | monitor.projectManager:create:768 - C 创建项目 创建项目test
2022-07-11 16:08:20.453 | INFO     | monitor.projectManager:save_config:723 - 保存配置成功
2022-07-11 16:08:30.453 | INFO     | monitor.projectManager:save_config:723 - 保存配置成功
2022-07-11 16:08:40.453 | INFO     | monitor.projectManager:save_config:723 - 保存配置成功
2022-07-11 16:08:50.453 | INFO     | monitor.projectManager:save_config:723 - 保存配置成功
2022-07-11 16:09:00.453 | INFO     | monitor.projectManager:save_config:723 - 保存配置成功
2022-07-11 16:09:10.453 | INFO     | monitor.projectManager:save_config:723 - 保存配置成功
2022-07-11 16:09:20.453 | INFO     | monitor.projectManager:save_config:723 - 保存配置成功
2022-07-11 16:09:30.676 | INFO     | monitor.projectManager:save_config:723 - 保存配置成功
2022-07-11 16:09:40.453 | INFO     | monitor.projectManager:save_config:723 - 保存配置成功
2022-07-11 16:09:50.453 | INFO     | monitor.projectManager:save_config:723 - 保存配置成功
2022-07-11 16:10:00.453 | INFO     | monitor.projectManager:save_config:723 - 保存配置成功
2022-07-11 16:10:10.453 | INFO     | monitor.projectManager:save_config:723 - 保存配置成功
2022-07-11 16:10:20.453 | INFO     | monitor.projectManager:save_config:723 - 保存配置成功
2022-07-11 16:10:30.453 | INFO     | monitor.projectManager:save_config:723 - 保存配置成功
2022-07-11 16:10:40.453 | INFO     | monitor.projectManager:save_config:723 - 保存配置成功
2022-07-11 16:10:50.828 | INFO     | monitor.projectManager:save_config:723 - 保存配置成功
2022-07-11 16:11:00.454 | INFO     | monitor.projectManager:save_config:723 - 保存配置成功
2022-07-11 16:11:10.453 | INFO     | monitor.projectManager:save_config:723 - 保存配置成功
2022-07-11 16:11:20.617 | INFO     | monitor.projectManager:save_config:723 - 保存配置成功
2022-07-11 16:11:30.453 | INFO     | monitor.projectManager:save_config:723 - 保存配置成功
2022-07-11 16:11:40.453 | INFO     | monitor.projectManager:save_config:723 - 保存配置成功
2022-07-11 16:11:50.453 | INFO     | monitor.projectManager:save_config:723 - 保存配置成功
2022-07-11 16:12:00.453 | INFO     | monitor.projectManager:save_config:723 - 保存配置成功
2022-07-11 16:12:10.453 | INFO     | monitor.projectManager:save_config:723 - 保存配置成功
2022-07-11 16:12:20.453 | INFO     | monitor.projectManager:save_config:723 - 保存配置成功
2022-07-11 16:12:30.453 | INFO     | monitor.projectManager:save_config:723 - 保存配置成功
2022-07-11 16:12:40.453 | INFO     | monitor.projectManager:save_config:723 - 保存配置成功
2022-07-11 16:12:50.453 | INFO     | monitor.projectManager:save_config:723 - 保存配置成功
2022-07-11 16:13:00.453 | INFO     | monitor.projectManager:save_config:723 - 保存配置成功
2022-07-11 16:13:10.453 | INFO     | monitor.projectManager:save_config:723 - 保存配置成功
2022-07-11 16:13:20.453 | INFO     | monitor.projectManager:save_config:723 - 保存配置成功
2022-07-11 16:13:30.453 | INFO     | monitor.projectManager:save_config:723 - 保存配置成功
2022-07-11 16:13:40.453 | INFO     | monitor.projectManager:save_config:723 - 保存配置成功
2022-07-11 16:13:50.453 | INFO     | monitor.projectManager:save_config:723 - 保存配置成功
2022-07-11 16:14:00.453 | INFO     | monitor.projectManager:save_config:723 - 保存配置成功
2022-07-11 16:14:10.453 | INFO     | monitor.projectManager:save_config:723 - 保存配置成功
2022-07-11 16:14:20.453 | INFO     | monitor.projectManager:save_config:723 - 保存配置成功
2022-07-11 16:14:30.453 | INFO     | monitor.projectManager:save_config:723 - 保存配置成功
2022-07-11 16:14:40.453 | INFO     | monitor.projectManager:save_config:723 - 保存配置成功
2022-07-11 16:14:50.453 | INFO     | monitor.projectManager:save_config:723 - 保存配置成功
2022-07-11 16:15:00.453 | INFO     | monitor.projectManager:save_config:723 - 保存配置成功
2022-07-11 16:15:10.453 | INFO     | monitor.projectManager:save_config:723 - 保存配置成功
2022-07-11 16:15:20.453 | INFO     | monitor.projectManager:save_config:723 - 保存配置成功
2022-07-11 16:15:30.453 | INFO     | monitor.projectManager:save_config:723 - 保存配置成功
2022-07-11 16:15:40.453 | INFO     | monitor.projectManager:save_config:723 - 保存配置成功
2022-07-11 16:15:50.453 | INFO     | monitor.projectManager:save_config:723 - 保存配置成功
2022-07-11 16:16:00.453 | INFO     | monitor.projectManager:save_config:723 - 保存配置成功
2022-07-11 16:16:10.453 | INFO     | monitor.projectManager:save_config:723 - 保存配置成功
2022-07-11 16:16:20.460 | INFO     | monitor.projectManager:save_config:723 - 保存配置成功
2022-07-11 16:16:21.451 | INFO     | monitor.titleManager:persist:80 - 人民网 keywords saved to spider:keyword:人民网 ['走出一条中国特色公益司法保护之路（新视角）', '法律界助力共建网络文艺和谐生态', '“看得见、听得到、能思考” “智慧大脑”让电梯运行更安全', '“大国之翼”鹏程万里', '打开求职就业的“快速通道”', '守护青少年心理健康', '尼日利亚发生沉船事故至少15人死亡', '第73集团军某旅组织海上实弹射击训练', '英国新首相之争拉开帷幕 多人加入角逐', '中老铁路让边境城市磨丁充满机遇（海外声音）', '联合国教科文组织国际自然与文化遗产空间技术中心与世界自…', '美国国会参议院多数党领袖和贸易代表确诊感染新冠病毒', '中国驻东帝汶大使肖建国和东帝汶总统奥尔塔一同出席中华商…', '北约扩军暴露好战本性', '“空中医疗队”飞向救护战场', '西部陆海新通道越来越红火', '中巴“海洋卫士-2”海上联合演习开幕', '检察公益诉讼，公共利益“看护人”', '《牛津中国创新手册》新书发布会举行', '美高超音速导弹研制欲速不达', '第71集团军某旅组织战备机动演练', '公益诉讼有力量', '玉渊谭天丨一个字：乱！ 英国之乱也许只是西方乱局的先兆', '三峡文物“活起来”', '甘肃省白银军分区探索思政教育新路径', '日本海上力量再添新装备', '两部门联合表彰全军战场环境保障先进单位和先进个人', '重庆江津：勇担司法责任 保护长江生态', '驻法国使馆陈力公使出席《世界中医药》杂志法国版创刊仪式', '南非约翰内斯堡枪击事件致14人死亡9人受伤', '“China Zone”中国影视节目专区在巴西正式开播', '“为全球安全治理提供了重要方案”', '养老诈骗套路多，这些骗局须警惕', '陕西省蓝田县军地联合开展抢险救援演练', '以高水平首都消防救援工作服务保障经济社会高质量发展', '“意大利之源——古罗马文明展”举办 黄坤明宣读习近平主…', '在指尖上品文化看风景（网上中国）', '日本参议院选举结果揭晓 执政联盟保持优势地位', '欧洲联合研制六代机一波三折', '“落后村”成“网红村”', '印尼扩大可再生能源产业投资', '巴勒斯坦总统同以色列总理近5年来首次通电话', '德国联邦议院议员：固守冷战思维滥用制裁只会让局势愈演愈烈', '文化铸魂，凝聚磅礴精神力量', '吉林检察机关依法对傅政华涉嫌受贿、徇私枉法案提起公诉', '德意两国深化防务合作', '历久弥坚金不换，继往开来续华章', '独库路上的英雄丰碑', '为世界各国提供更多发展机遇（国际论坛·读懂中国·读懂中…', '百日千万网络招聘专项行动发布岗位需求1448万人次', '拉美多国推进新冠疫苗加强针接种', '俯瞰风景如画的贵阳百花湖', '触摸乡村振兴的强劲脉搏', '维和官兵操作“雷锋号”进行吊装作业', '火箭军某部研发装备管理信息系统', '外媒曝光美代理人战争计划', '哈萨克斯坦对中国等三国公民实施14天免签政策', '警方通报：一男子隔离期间擅自离开房间致多人隔离，刑拘！', '中德建交50周年系列活动在德国北威州掀起热潮', '中国物价延续平稳态势（锐财经）', '华南国家植物园正式揭牌', '中外医生合作完成圭亚那首例乳房再造术', '国际观察：共创中国与莫桑比克友谊新篇章', '《我当代表为人民——人大代表议案建议故事》出版发行', '王毅共同主持中印尼高级别对话合作机制第二次会议', '联合国秘书长呼吁在三大领域采取紧急多边行动', '对抗演练织密“夜幕天网”', '日本第26届参议院选举开始投票', '最新动态：俄杜马主席说世界尚未临近“大战”边缘\u3000乌官员…', '全球青年多维对话举办“中医文化的现代体验与国际认同”主…', '“边防通”登上精武“龙虎榜”', '“坚持以人民为中心的发展观”', '米兰中国文化中心与意大利职业功夫武术协会在米兰签约', '通讯：在重建中焕发生机——探访解放五周年的摩苏尔老城', '国家防总针对河北等六省份启动防汛四级应急响应', '查获假冒“安宫牛黄丸”、肉毒毒素……公安机关依法严厉打击药品领域犯罪活动', '“美国滥用制裁不是解决世界问题的灵丹妙药”（深度观察）', '北京卫戍区某团聚焦战斗力建设深化主题教育', '动中抓建，锻造坚强战斗堡垒', '做“东方好莱坞”的司法守护者', '江西“真金白银”助企减负纾困', '密切协同化危局', '澳研究人员发现治疗阿尔茨海默病的新靶点', '英国保守党多名要员宣布竞选该党党首', '专攻精练锻造“暗夜长剑”', '情法交融 守护花开', '山西扩大交通运输基础设施有效投资', '老小区焕发新活力', '青海门源：高原油菜花开铺就“金色花海”', '首个政务热线诉求分类地方标准发布', '韩国多项措施应对通货膨胀', '驻韩美军行为不端接连发生', '第75集团军某旅着力锻造高素质新型军士人才队伍', '全球网络犯罪急需强化协同打击', '在平凡岗位创造不凡业绩', '战场救护上演“生死时速” ', '为国际人权事业发展贡献力量', '中国影视海外传播品牌“China Zone”于巴西开播', '火箭军某部系统推进抓建基层“强基工程”', '伊朗铀浓缩技术取得进展', '西班牙正式组建空天军', '第74集团军某旅组织开展战场机动演练', '伊朗原子能组织证实在福尔多核设施使用先进离心机', '泰国孔敬大学孔子学院举办“中文+职业技能”教育中国双高…', '聚焦问题改学风学研结合谋实策', '日澳拟开展海上执法培训', '陕西山西等地有强降水 四川盆地江南等地有持续性高温', '习近平同意大利总统马塔雷拉分别向“意大利之源——古罗马…', '哥伦比亚“中国文化周”举办系列活动']
2022-07-11 16:16:21.451 | INFO     | monitor.titleManager:persist:80 - 微博 keywords saved to spider:keyword:微博 ['鸭子被鱼吓独自坐电梯回6楼', '梦华录二刷', 'MAC新鲜尤雾', '李斯丹妮教郑秀妍支棱和摆烂', '张晶担任中国短道训练营总顾问', '成都广播电视台回应谭谈交通下架', '中餐厅6全员郴州录制路透', '饭店用袁隆平当店名被责令拆除', '12只奶凶红腿小隼树枝上排排站', '肖战胜诉眼镜店获赔2万', '#7月11日是中国航海日#', '官方通报男孩骑平衡车核酸被拒大闹', '阿富汗一地新增120例霍乱病例', '罗永浩谈钟薛高卖得贵', '斯里兰卡国家破产', '郑晓龙觉得赵丽颖有何幸福的气质', '13岁女孩做根管治疗针管断牙龈里', '空间站国旗与地球同框', '重庆特重等级高温', '8岁广东男孩去湖南旅游被菜辣哭', '浴室藏摄像头画面闪过房东半张脸', 'WPS被曝会删除用户本地文件', '福建一男孩运动后猛喝冰饮去世', '北上广没有雪莲冰', '李莎旻子吉他上有声生不息全员签名', '豆瓣崩了', '霍乱的潜伏期和传染期', '女硕士遭追求者砍杀案二审将于15日开庭', '仙剑甄嬛传', '微博上线雪糕刺客表情', '台湾海峡首艘大型巡航救助船列编', '何幸福跟王庆来什么时候离婚', '武汉大学一例霍乱病例情况', '霍乱主要传播途径', '林克声优宣布结婚', '管泽元余霜公开撒糖', '遭砍杀女硕士家属希望维持原死刑判决', '科学家利用蠕虫杀死癌细胞', '杨迪拿到主持人合格证', '北大已成立专项调查组', '临沂5天新增246例阳性感染者', '猴痘', '孟子义说我的鼻子是真的', '航天员学高数也感叹真不容易啊', '杜撰明星', '你如何看待张艺谋急售3000万元别墅', '原神', '大学生暑假去干啥了', '张翰谈到孤独时哭了', '人生大事票房破12亿', '美国已有700多人感染猴痘病毒', '何洛洛知道高考成绩后的反应']
2022-07-11 16:16:21.452 | INFO     | monitor.titleManager:persist:80 - 搜狗 keywords saved to spider:keyword:搜狗 ['以色列完成新一代“铁穹”防御系统测试', '印尼卡丁电厂工程2号机组通过168小时试运行', '淬火营连“中军帐”', '天津智造助力实践二十号卫星一飞冲天扫码阅读手机版', '李克强会见基里巴斯总统', '2月3日一分钟阅尽天下军情', '长征五号B运载火箭运抵发射场 4月中下旬首飞', '飞行员解答:雪停了,航班为什么还不起飞?', '保障“中国号”巨轮行稳致远(新知新觉)', '伊拉克“逐客令”恐难如愿', '中国裁军大使强调捍卫多边主义', '勇挑重担 敢打硬仗', '武警湖北总队举办“阔步强军踏春来”文艺汇演', '壮大发展的力量——再读习近平主席“达沃斯演讲”', '英国防大臣提议减少对美军事依赖 做"最坏打算"', '跨越“烦心”到“暖心”的距离', '法国反恐机构对近日两起袭击事件展开调查', '东方红五号卫星公用平台首飞成功', '国内首款!南航设计新型四座飞机首飞', '扎实苦干,用奋斗成就未来', '解放军报评论员:不负重托 不辱使命', '远望号测量船队完成2019年度任务凯旋', '世界最大海上风场Hornsea One正式投产发电', '关键时刻冲得上去 危难关头豁得出来', '娶哪个国家的老婆最便宜?心动就去', '筹划训练从揭短查弱开始', '叙利亚政府在叙西北开启人道走廊', '美国联邦航空局禁止本国民航客机进入两伊空域', '南部战区总医院医疗队赴西南边陲巡诊', '混乱分裂且可控的中东更符合美国“私利”']
2022-07-11 16:16:30.460 | INFO     | monitor.projectManager:save_config:723 - 保存配置成功
2022-07-11 16:16:40.453 | INFO     | monitor.projectManager:save_config:723 - 保存配置成功
2022-07-11 16:16:50.453 | INFO     | monitor.projectManager:save_config:723 - 保存配置成功
2022-07-11 16:17:00.453 | INFO     | monitor.projectManager:save_config:723 - 保存配置成功
2022-07-11 16:17:10.453 | INFO     | monitor.projectManager:save_config:723 - 保存配置成功
2022-07-11 16:17:20.453 | INFO     | monitor.projectManager:save_config:723 - 保存配置成功
2022-07-11 16:17:30.453 | INFO     | monitor.projectManager:save_config:723 - 保存配置成功
2022-07-11 16:17:40.453 | INFO     | monitor.projectManager:save_config:723 - 保存配置成功
2022-07-11 16:17:50.453 | INFO     | monitor.projectManager:save_config:723 - 保存配置成功
2022-07-11 16:18:00.531 | INFO     | monitor.projectManager:save_config:723 - 保存配置成功
2022-07-11 16:18:10.453 | INFO     | monitor.projectManager:save_config:723 - 保存配置成功
2022-07-11 16:18:20.453 | INFO     | monitor.projectManager:save_config:723 - 保存配置成功
2022-07-11 16:18:30.453 | INFO     | monitor.projectManager:save_config:723 - 保存配置成功
2022-07-11 16:18:40.453 | INFO     | monitor.projectManager:save_config:723 - 保存配置成功
2022-07-11 16:18:50.453 | INFO     | monitor.projectManager:save_config:723 - 保存配置成功
2022-07-11 16:19:00.453 | INFO     | monitor.projectManager:save_config:723 - 保存配置成功
2022-07-11 16:19:10.453 | INFO     | monitor.projectManager:save_config:723 - 保存配置成功
2022-07-11 16:19:20.453 | INFO     | monitor.projectManager:save_config:723 - 保存配置成功
2022-07-11 16:19:30.453 | INFO     | monitor.projectManager:save_config:723 - 保存配置成功
2022-07-11 16:19:40.453 | INFO     | monitor.projectManager:save_config:723 - 保存配置成功
2022-07-11 16:19:50.453 | INFO     | monitor.projectManager:save_config:723 - 保存配置成功
2022-07-11 16:20:00.453 | INFO     | monitor.projectManager:save_config:723 - 保存配置成功
2022-07-11 16:20:10.453 | INFO     | monitor.projectManager:save_config:723 - 保存配置成功
2022-07-11 16:20:20.453 | INFO     | monitor.projectManager:save_config:723 - 保存配置成功
2022-07-11 16:20:30.453 | INFO     | monitor.projectManager:save_config:723 - 保存配置成功
2022-07-11 16:20:40.453 | INFO     | monitor.projectManager:save_config:723 - 保存配置成功
2022-07-11 16:20:50.592 | INFO     | monitor.projectManager:save_config:723 - 保存配置成功
2022-07-11 16:21:00.614 | INFO     | monitor.projectManager:save_config:723 - 保存配置成功
2022-07-11 16:21:10.453 | INFO     | monitor.projectManager:save_config:723 - 保存配置成功
2022-07-11 16:21:20.453 | INFO     | monitor.projectManager:save_config:723 - 保存配置成功
2022-07-11 16:21:30.453 | INFO     | monitor.projectManager:save_config:723 - 保存配置成功
2022-07-11 16:21:40.453 | INFO     | monitor.projectManager:save_config:723 - 保存配置成功
2022-07-11 16:21:50.453 | INFO     | monitor.projectManager:save_config:723 - 保存配置成功
